2026-04-06 00:45:06,177 INFO o.a.j.u.JMeterUtils: Setting Locale to en_EN
2026-04-06 00:45:06,190 INFO o.a.j.JMeter: Loading user properties from: /opt/homebrew/Cellar/jmeter/5.6.3/libexec/bin/user.properties
2026-04-06 00:45:06,190 INFO o.a.j.JMeter: Loading system properties from: /opt/homebrew/Cellar/jmeter/5.6.3/libexec/bin/system.properties
2026-04-06 00:45:06,190 INFO o.a.j.JMeter: Setting JMeter property: host=localhost
2026-04-06 00:45:06,191 INFO o.a.j.JMeter: Setting JMeter property: port=6060
2026-04-06 00:45:06,191 INFO o.a.j.JMeter: Setting JMeter property: homepage.users=100
2026-04-06 00:45:06,191 INFO o.a.j.JMeter: Setting JMeter property: homepage.ramp=15
2026-04-06 00:45:06,191 INFO o.a.j.JMeter: Setting JMeter property: duration=20
2026-04-06 00:45:06,191 INFO o.a.j.JMeter: Setting JMeter property: delay=0
2026-04-06 00:45:06,191 INFO o.a.j.JMeter: Setting JMeter property: jmeter.save.saveservice.output_format=csv
2026-04-06 00:45:06,193 INFO o.a.j.JMeter: Copyright (c) 1998-2024 The Apache Software Foundation
2026-04-06 00:45:06,193 INFO o.a.j.JMeter: Version 5.6.3
2026-04-06 00:45:06,194 INFO o.a.j.JMeter: java.version=21.0.10
2026-04-06 00:45:06,194 INFO o.a.j.JMeter: java.vm.name=OpenJDK 64-Bit Server VM
2026-04-06 00:45:06,194 INFO o.a.j.JMeter: os.name=Mac OS X
2026-04-06 00:45:06,194 INFO o.a.j.JMeter: os.arch=aarch64
2026-04-06 00:45:06,194 INFO o.a.j.JMeter: os.version=14.5
2026-04-06 00:45:06,194 INFO o.a.j.JMeter: file.encoding=UTF-8
2026-04-06 00:45:06,194 INFO o.a.j.JMeter: java.awt.headless=true
2026-04-06 00:45:06,194 INFO o.a.j.JMeter: Max memory     =1073741824
2026-04-06 00:45:06,194 INFO o.a.j.JMeter: Available Processors =8
2026-04-06 00:45:06,199 INFO o.a.j.JMeter: Default Locale=English (EN)
2026-04-06 00:45:06,199 INFO o.a.j.JMeter: JMeter  Locale=English (EN)
2026-04-06 00:45:06,199 INFO o.a.j.JMeter: JMeterHome=/opt/homebrew/Cellar/jmeter/5.6.3/libexec
2026-04-06 00:45:06,199 INFO o.a.j.JMeter: user.dir  =/Users/lowhanlynn/Documents/4218/cs4218-2520-ecom-project-c24218-2520-team07
2026-04-06 00:45:06,199 INFO o.a.j.JMeter: PWD       =/Users/lowhanlynn/Documents/4218/cs4218-2520-ecom-project-c24218-2520-team07
2026-04-06 00:45:06,200 INFO o.a.j.JMeter: IP: 127.0.0.1 Name: Lows-MacBook-Air-4.local FullName: localhost
2026-04-06 00:45:06,207 INFO o.a.j.s.FileServer: Default base='/Users/lowhanlynn/Documents/4218/cs4218-2520-ecom-project-c24218-2520-team07'
2026-04-06 00:45:06,208 INFO o.a.j.s.FileServer: Set new base='/Users/lowhanlynn/Documents/4218/cs4218-2520-ecom-project-c24218-2520-team07/load-testing'
2026-04-06 00:45:06,343 INFO o.a.j.s.SaveService: Testplan (JMX) version: 2.2. Testlog (JTL) version: 2.2
2026-04-06 00:45:06,359 INFO o.a.j.s.SaveService: Using SaveService properties version 5.0
2026-04-06 00:45:06,360 INFO o.a.j.s.SaveService: Using SaveService properties file encoding UTF-8
2026-04-06 00:45:06,362 INFO o.a.j.s.SaveService: Loading file: load-testing/homepage-browsing.jmx
2026-04-06 00:45:06,378 INFO o.a.j.p.h.c.CookieManager: Settings: Delete null: true Check: true Allow variable: true Save: false Prefix: COOKIE_
2026-04-06 00:45:06,380 INFO o.a.j.p.h.c.CacheManager: Will only cache the following methods: [GET]
2026-04-06 00:45:06,396 INFO o.a.j.p.h.s.HTTPSamplerBase: Parser for text/html is org.apache.jmeter.protocol.http.parser.LagartoBasedHtmlParser
2026-04-06 00:45:06,396 INFO o.a.j.p.h.s.HTTPSamplerBase: Parser for application/xhtml+xml is org.apache.jmeter.protocol.http.parser.LagartoBasedHtmlParser
2026-04-06 00:45:06,396 INFO o.a.j.p.h.s.HTTPSamplerBase: Parser for application/xml is org.apache.jmeter.protocol.http.parser.LagartoBasedHtmlParser
2026-04-06 00:45:06,396 INFO o.a.j.p.h.s.HTTPSamplerBase: Parser for text/xml is org.apache.jmeter.protocol.http.parser.LagartoBasedHtmlParser
2026-04-06 00:45:06,396 INFO o.a.j.p.h.s.HTTPSamplerBase: Parser for text/vnd.wap.wml is org.apache.jmeter.protocol.http.parser.RegexpHTMLParser
2026-04-06 00:45:06,396 INFO o.a.j.p.h.s.HTTPSamplerBase: Parser for text/css is org.apache.jmeter.protocol.http.parser.CssParser
2026-04-06 00:45:06,411 INFO o.a.j.JMeter: Creating summariser <summary>
2026-04-06 00:45:06,417 INFO o.a.j.e.StandardJMeterEngine: Running the test!
2026-04-06 00:45:06,417 INFO o.a.j.s.SampleEvent: List of sample_variables: []
2026-04-06 00:45:06,417 INFO o.a.j.s.SampleEvent: List of sample_variables: []
2026-04-06 00:45:06,420 INFO o.a.j.e.u.CompoundVariable: Note: Function class names must contain the string: '.functions.'
2026-04-06 00:45:06,420 INFO o.a.j.e.u.CompoundVariable: Note: Function class names must not contain the string: '.gui.'
2026-04-06 00:45:06,452 INFO o.a.j.r.ClassFinder: Will scan jar /opt/homebrew/Cellar/jmeter/5.6.3/libexec/lib/ext/jmeter-plugins-manager-1.9.jar with filter ExtendsClassFilter [parents=[interface org.apache.jmeter.functions.Function], inner=false, contains=null, notContains=null]. Consider exposing JMeter plugins via META-INF/services, and add JMeter-Skip-Class-Scanning=true manifest attribute so JMeter can skip classfile scanning
2026-04-06 00:45:06,515 INFO o.a.j.JMeter: Running test (1775407506515)
2026-04-06 00:45:06,529 INFO o.a.j.e.StandardJMeterEngine: Starting ThreadGroup: 1 : Homepage Browse Users
2026-04-06 00:45:06,529 INFO o.a.j.e.StandardJMeterEngine: Starting 100 threads for group Homepage Browse Users.
2026-04-06 00:45:06,529 INFO o.a.j.e.StandardJMeterEngine: Thread will continue on error
2026-04-06 00:45:06,529 INFO o.a.j.t.ThreadGroup: Starting thread group... number=1 threads=100 ramp-up=15 delayedStart=false
2026-04-06 00:45:06,532 INFO o.a.j.t.JMeterThread: Thread started: Homepage Browse Users 1-1
2026-04-06 00:45:06,556 INFO o.a.j.t.ThreadGroup: Started thread group number 1
2026-04-06 00:45:06,556 INFO o.a.j.e.StandardJMeterEngine: All thread groups have been started
2026-04-06 00:45:06,686 INFO o.a.j.t.JMeterThread: Thread started: Homepage Browse Users 1-2
2026-04-06 00:45:06,835 INFO o.a.j.t.JMeterThread: Thread started: Homepage Browse Users 1-3
2026-04-06 00:45:06,984 INFO o.a.j.t.JMeterThread: Thread started: Homepage Browse Users 1-4
2026-04-06 00:45:07,132 INFO o.a.j.t.JMeterThread: Thread started: Homepage Browse Users 1-5
2026-04-06 00:45:07,283 INFO o.a.j.t.JMeterThread: Thread started: Homepage Browse Users 1-6
2026-04-06 00:45:07,435 INFO o.a.j.t.JMeterThread: Thread started: Homepage Browse Users 1-7
2026-04-06 00:45:07,582 INFO o.a.j.t.JMeterThread: Thread started: Homepage Browse Users 1-8
2026-04-06 00:45:07,731 INFO o.a.j.t.JMeterThread: Thread started: Homepage Browse Users 1-9
2026-04-06 00:45:07,885 INFO o.a.j.t.JMeterThread: Thread started: Homepage Browse Users 1-10
2026-04-06 00:45:08,035 INFO o.a.j.t.JMeterThread: Thread started: Homepage Browse Users 1-11
2026-04-06 00:45:08,185 INFO o.a.j.t.JMeterThread: Thread started: Homepage Browse Users 1-12
2026-04-06 00:45:08,313 INFO o.a.j.p.h.s.HTTPHCAbstractImpl: Local host = Lows-MacBook-Air-4.local
2026-04-06 00:45:08,315 INFO o.a.j.p.h.s.HTTPHC4Impl: HTTP request retry count = 0
2026-04-06 00:45:08,317 INFO o.a.j.s.SampleResult: Note: Sample TimeStamps are START times
2026-04-06 00:45:08,317 INFO o.a.j.s.SampleResult: sampleresult.default.encoding is set to UTF-8
2026-04-06 00:45:08,317 INFO o.a.j.s.SampleResult: sampleresult.useNanoTime=true
2026-04-06 00:45:08,317 INFO o.a.j.s.SampleResult: sampleresult.nanoThreadSleep=5000
2026-04-06 00:45:08,334 INFO o.a.j.t.JMeterThread: Thread started: Homepage Browse Users 1-13
2026-04-06 00:45:08,485 INFO o.a.j.t.JMeterThread: Thread started: Homepage Browse Users 1-14
2026-04-06 00:45:08,634 INFO o.a.j.t.JMeterThread: Thread started: Homepage Browse Users 1-15
2026-04-06 00:45:08,785 INFO o.a.j.t.JMeterThread: Thread started: Homepage Browse Users 1-16
2026-04-06 00:45:08,971 INFO o.a.j.t.JMeterThread: Thread started: Homepage Browse Users 1-17
2026-04-06 00:45:09,085 INFO o.a.j.t.JMeterThread: Thread started: Homepage Browse Users 1-18
2026-04-06 00:45:09,234 INFO o.a.j.t.JMeterThread: Thread started: Homepage Browse Users 1-19
2026-04-06 00:45:09,382 INFO o.a.j.t.JMeterThread: Thread started: Homepage Browse Users 1-20
2026-04-06 00:45:09,532 INFO o.a.j.t.JMeterThread: Thread started: Homepage Browse Users 1-21
2026-04-06 00:45:09,682 INFO o.a.j.t.JMeterThread: Thread started: Homepage Browse Users 1-22
2026-04-06 00:45:09,835 INFO o.a.j.t.JMeterThread: Thread started: Homepage Browse Users 1-23
2026-04-06 00:45:09,982 INFO o.a.j.t.JMeterThread: Thread started: Homepage Browse Users 1-24
2026-04-06 00:45:10,132 INFO o.a.j.t.JMeterThread: Thread started: Homepage Browse Users 1-25
2026-04-06 00:45:10,282 INFO o.a.j.t.JMeterThread: Thread started: Homepage Browse Users 1-26
2026-04-06 00:45:10,431 INFO o.a.j.t.JMeterThread: Thread started: Homepage Browse Users 1-27
2026-04-06 00:45:10,582 INFO o.a.j.t.JMeterThread: Thread started: Homepage Browse Users 1-28
2026-04-06 00:45:10,733 INFO o.a.j.t.JMeterThread: Thread started: Homepage Browse Users 1-29
2026-04-06 00:45:10,884 INFO o.a.j.t.JMeterThread: Thread started: Homepage Browse Users 1-30
2026-04-06 00:45:11,035 INFO o.a.j.t.JMeterThread: Thread started: Homepage Browse Users 1-31
2026-04-06 00:45:11,182 INFO o.a.j.t.JMeterThread: Thread started: Homepage Browse Users 1-32
2026-04-06 00:45:11,334 INFO o.a.j.t.JMeterThread: Thread started: Homepage Browse Users 1-33
2026-04-06 00:45:11,483 INFO o.a.j.t.JMeterThread: Thread started: Homepage Browse Users 1-34
2026-04-06 00:45:11,632 INFO o.a.j.t.JMeterThread: Thread started: Homepage Browse Users 1-35
2026-04-06 00:45:11,784 INFO o.a.j.t.JMeterThread: Thread started: Homepage Browse Users 1-36
2026-04-06 00:45:11,933 INFO o.a.j.t.JMeterThread: Thread started: Homepage Browse Users 1-37
2026-04-06 00:45:12,085 INFO o.a.j.t.JMeterThread: Thread started: Homepage Browse Users 1-38
2026-04-06 00:45:12,234 INFO o.a.j.t.JMeterThread: Thread started: Homepage Browse Users 1-39
2026-04-06 00:45:12,382 INFO o.a.j.t.JMeterThread: Thread started: Homepage Browse Users 1-40
2026-04-06 00:45:12,535 INFO o.a.j.t.JMeterThread: Thread started: Homepage Browse Users 1-41
2026-04-06 00:45:12,684 INFO o.a.j.t.JMeterThread: Thread started: Homepage Browse Users 1-42
2026-04-06 00:45:12,834 INFO o.a.j.t.JMeterThread: Thread started: Homepage Browse Users 1-43
2026-04-06 00:45:12,985 INFO o.a.j.t.JMeterThread: Thread started: Homepage Browse Users 1-44
2026-04-06 00:45:13,134 INFO o.a.j.t.JMeterThread: Thread started: Homepage Browse Users 1-45
2026-04-06 00:45:13,284 INFO o.a.j.t.JMeterThread: Thread started: Homepage Browse Users 1-46
2026-04-06 00:45:13,438 INFO o.a.j.t.JMeterThread: Thread started: Homepage Browse Users 1-47
2026-04-06 00:45:13,582 INFO o.a.j.t.JMeterThread: Thread started: Homepage Browse Users 1-48
2026-04-06 00:45:13,734 INFO o.a.j.t.JMeterThread: Thread started: Homepage Browse Users 1-49
2026-04-06 00:45:13,880 INFO o.a.j.t.JMeterThread: Thread started: Homepage Browse Users 1-50
2026-04-06 00:45:14,044 INFO o.a.j.t.JMeterThread: Thread started: Homepage Browse Users 1-51
2026-04-06 00:45:14,183 INFO o.a.j.t.JMeterThread: Thread started: Homepage Browse Users 1-52
2026-04-06 00:45:14,331 INFO o.a.j.t.JMeterThread: Thread started: Homepage Browse Users 1-53
2026-04-06 00:45:14,482 INFO o.a.j.t.JMeterThread: Thread started: Homepage Browse Users 1-54
2026-04-06 00:45:14,633 INFO o.a.j.t.JMeterThread: Thread started: Homepage Browse Users 1-55
2026-04-06 00:45:14,784 INFO o.a.j.t.JMeterThread: Thread started: Homepage Browse Users 1-56
2026-04-06 00:45:14,934 INFO o.a.j.t.JMeterThread: Thread started: Homepage Browse Users 1-57
2026-04-06 00:45:15,085 INFO o.a.j.t.JMeterThread: Thread started: Homepage Browse Users 1-58
2026-04-06 00:45:15,235 INFO o.a.j.t.JMeterThread: Thread started: Homepage Browse Users 1-59
2026-04-06 00:45:15,384 INFO o.a.j.t.JMeterThread: Thread started: Homepage Browse Users 1-60
2026-04-06 00:45:15,532 INFO o.a.j.t.JMeterThread: Thread started: Homepage Browse Users 1-61
2026-04-06 00:45:15,684 INFO o.a.j.t.JMeterThread: Thread started: Homepage Browse Users 1-62
2026-04-06 00:45:15,832 INFO o.a.j.t.JMeterThread: Thread started: Homepage Browse Users 1-63
2026-04-06 00:45:15,982 INFO o.a.j.t.JMeterThread: Thread started: Homepage Browse Users 1-64
2026-04-06 00:45:16,132 INFO o.a.j.t.JMeterThread: Thread started: Homepage Browse Users 1-65
2026-04-06 00:45:16,285 INFO o.a.j.t.JMeterThread: Thread started: Homepage Browse Users 1-66
2026-04-06 00:45:16,431 INFO o.a.j.t.JMeterThread: Thread started: Homepage Browse Users 1-67
2026-04-06 00:45:16,579 INFO o.a.j.t.JMeterThread: Thread started: Homepage Browse Users 1-68
2026-04-06 00:45:16,733 INFO o.a.j.t.JMeterThread: Thread started: Homepage Browse Users 1-69
2026-04-06 00:45:16,882 INFO o.a.j.t.JMeterThread: Thread started: Homepage Browse Users 1-70
2026-04-06 00:45:17,034 INFO o.a.j.t.JMeterThread: Thread started: Homepage Browse Users 1-71
2026-04-06 00:45:17,181 INFO o.a.j.t.JMeterThread: Thread started: Homepage Browse Users 1-72
2026-04-06 00:45:17,333 INFO o.a.j.t.JMeterThread: Thread started: Homepage Browse Users 1-73
2026-04-06 00:45:17,482 INFO o.a.j.t.JMeterThread: Thread started: Homepage Browse Users 1-74
2026-04-06 00:45:17,632 INFO o.a.j.t.JMeterThread: Thread started: Homepage Browse Users 1-75
2026-04-06 00:45:17,785 INFO o.a.j.t.JMeterThread: Thread started: Homepage Browse Users 1-76
2026-04-06 00:45:17,936 INFO o.a.j.t.JMeterThread: Thread started: Homepage Browse Users 1-77
2026-04-06 00:45:18,084 INFO o.a.j.t.JMeterThread: Thread started: Homepage Browse Users 1-78
2026-04-06 00:45:18,234 INFO o.a.j.t.JMeterThread: Thread started: Homepage Browse Users 1-79
2026-04-06 00:45:18,384 INFO o.a.j.t.JMeterThread: Thread started: Homepage Browse Users 1-80
2026-04-06 00:45:18,530 INFO o.a.j.t.JMeterThread: Thread started: Homepage Browse Users 1-81
2026-04-06 00:45:18,682 INFO o.a.j.t.JMeterThread: Thread started: Homepage Browse Users 1-82
2026-04-06 00:45:18,832 INFO o.a.j.t.JMeterThread: Thread started: Homepage Browse Users 1-83
2026-04-06 00:45:18,986 INFO o.a.j.t.JMeterThread: Thread started: Homepage Browse Users 1-84
2026-04-06 00:45:19,132 INFO o.a.j.t.JMeterThread: Thread started: Homepage Browse Users 1-85
2026-04-06 00:45:19,282 INFO o.a.j.t.JMeterThread: Thread started: Homepage Browse Users 1-86
2026-04-06 00:45:19,434 INFO o.a.j.t.JMeterThread: Thread started: Homepage Browse Users 1-87
2026-04-06 00:45:19,585 INFO o.a.j.t.JMeterThread: Thread started: Homepage Browse Users 1-88
2026-04-06 00:45:19,735 INFO o.a.j.t.JMeterThread: Thread started: Homepage Browse Users 1-89
2026-04-06 00:45:19,882 INFO o.a.j.t.JMeterThread: Thread started: Homepage Browse Users 1-90
2026-04-06 00:45:20,032 INFO o.a.j.t.JMeterThread: Thread started: Homepage Browse Users 1-91
2026-04-06 00:45:20,186 INFO o.a.j.t.JMeterThread: Thread started: Homepage Browse Users 1-92
2026-04-06 00:45:20,332 INFO o.a.j.t.JMeterThread: Thread started: Homepage Browse Users 1-93
2026-04-06 00:45:20,484 INFO o.a.j.t.JMeterThread: Thread started: Homepage Browse Users 1-94
2026-04-06 00:45:20,634 INFO o.a.j.t.JMeterThread: Thread started: Homepage Browse Users 1-95
2026-04-06 00:45:20,782 INFO o.a.j.t.JMeterThread: Thread started: Homepage Browse Users 1-96
2026-04-06 00:45:20,938 INFO o.a.j.t.JMeterThread: Thread started: Homepage Browse Users 1-97
2026-04-06 00:45:21,082 INFO o.a.j.t.JMeterThread: Thread started: Homepage Browse Users 1-98
2026-04-06 00:45:21,231 INFO o.a.j.t.JMeterThread: Thread started: Homepage Browse Users 1-99
2026-04-06 00:45:21,382 INFO o.a.j.t.JMeterThread: Thread started: Homepage Browse Users 1-100
2026-04-06 00:45:24,163 INFO o.a.j.t.JMeterThread: Thread finished: Homepage Browse Users 1-44
2026-04-06 00:45:24,173 INFO o.a.j.t.JMeterThread: Thread finished: Homepage Browse Users 1-14
2026-04-06 00:45:24,217 INFO o.a.j.t.JMeterThread: Thread finished: Homepage Browse Users 1-4
2026-04-06 00:45:24,219 INFO o.a.j.t.JMeterThread: Thread finished: Homepage Browse Users 1-7
2026-04-06 00:45:24,220 INFO o.a.j.t.JMeterThread: Thread finished: Homepage Browse Users 1-85
2026-04-06 00:45:24,222 INFO o.a.j.t.JMeterThread: Thread finished: Homepage Browse Users 1-29
2026-04-06 00:45:24,224 INFO o.a.j.t.JMeterThread: Thread finished: Homepage Browse Users 1-65
2026-04-06 00:45:24,426 INFO o.a.j.t.JMeterThread: Thread finished: Homepage Browse Users 1-48
2026-04-06 00:45:24,427 INFO o.a.j.t.JMeterThread: Thread finished: Homepage Browse Users 1-66
2026-04-06 00:45:24,429 INFO o.a.j.t.JMeterThread: Thread finished: Homepage Browse Users 1-18
2026-04-06 00:45:24,450 INFO o.a.j.t.JMeterThread: Thread finished: Homepage Browse Users 1-52
2026-04-06 00:45:24,478 INFO o.a.j.t.JMeterThread: Thread finished: Homepage Browse Users 1-87
2026-04-06 00:45:24,589 INFO o.a.j.t.JMeterThread: Thread finished: Homepage Browse Users 1-32
2026-04-06 00:45:24,592 INFO o.a.j.t.JMeterThread: Thread finished: Homepage Browse Users 1-89
2026-04-06 00:45:24,597 INFO o.a.j.t.JMeterThread: Thread finished: Homepage Browse Users 1-11
2026-04-06 00:45:25,151 INFO o.a.j.t.JMeterThread: Thread finished: Homepage Browse Users 1-63
2026-04-06 00:45:25,151 INFO o.a.j.t.JMeterThread: Thread finished: Homepage Browse Users 1-10
2026-04-06 00:45:25,152 INFO o.a.j.t.JMeterThread: Thread finished: Homepage Browse Users 1-41
2026-04-06 00:45:25,161 INFO o.a.j.t.JMeterThread: Thread finished: Homepage Browse Users 1-79
2026-04-06 00:45:25,169 INFO o.a.j.t.JMeterThread: Thread finished: Homepage Browse Users 1-62
2026-04-06 00:45:25,170 INFO o.a.j.t.JMeterThread: Thread finished: Homepage Browse Users 1-86
2026-04-06 00:45:25,171 INFO o.a.j.t.JMeterThread: Thread finished: Homepage Browse Users 1-51
2026-04-06 00:45:25,171 INFO o.a.j.t.JMeterThread: Thread finished: Homepage Browse Users 1-82
2026-04-06 00:45:25,173 INFO o.a.j.t.JMeterThread: Thread finished: Homepage Browse Users 1-68
2026-04-06 00:45:25,173 INFO o.a.j.t.JMeterThread: Thread finished: Homepage Browse Users 1-73
2026-04-06 00:45:25,174 INFO o.a.j.t.JMeterThread: Thread finished: Homepage Browse Users 1-13
2026-04-06 00:45:25,175 INFO o.a.j.t.JMeterThread: Thread finished: Homepage Browse Users 1-72
2026-04-06 00:45:25,175 INFO o.a.j.t.JMeterThread: Thread finished: Homepage Browse Users 1-12
2026-04-06 00:45:25,178 INFO o.a.j.t.JMeterThread: Thread finished: Homepage Browse Users 1-8
2026-04-06 00:45:25,179 INFO o.a.j.t.JMeterThread: Thread finished: Homepage Browse Users 1-94
2026-04-06 00:45:25,179 INFO o.a.j.t.JMeterThread: Thread finished: Homepage Browse Users 1-54
2026-04-06 00:45:25,182 INFO o.a.j.t.JMeterThread: Thread finished: Homepage Browse Users 1-2
2026-04-06 00:45:25,182 INFO o.a.j.t.JMeterThread: Thread finished: Homepage Browse Users 1-1
2026-04-06 00:45:25,186 INFO o.a.j.t.JMeterThread: Thread finished: Homepage Browse Users 1-20
2026-04-06 00:45:25,186 INFO o.a.j.t.JMeterThread: Thread finished: Homepage Browse Users 1-36
2026-04-06 00:45:25,186 INFO o.a.j.t.JMeterThread: Thread finished: Homepage Browse Users 1-21
2026-04-06 00:45:25,187 INFO o.a.j.t.JMeterThread: Thread finished: Homepage Browse Users 1-93
2026-04-06 00:45:25,257 INFO o.a.j.t.JMeterThread: Thread finished: Homepage Browse Users 1-45
2026-04-06 00:45:25,271 INFO o.a.j.t.JMeterThread: Thread finished: Homepage Browse Users 1-24
2026-04-06 00:45:25,279 INFO o.a.j.t.JMeterThread: Thread finished: Homepage Browse Users 1-34
2026-04-06 00:45:25,310 INFO o.a.j.t.JMeterThread: Thread finished: Homepage Browse Users 1-27
2026-04-06 00:45:25,369 INFO o.a.j.t.JMeterThread: Thread finished: Homepage Browse Users 1-43
2026-04-06 00:45:25,369 INFO o.a.j.t.JMeterThread: Thread finished: Homepage Browse Users 1-31
2026-04-06 00:45:25,430 INFO o.a.j.t.JMeterThread: Thread finished: Homepage Browse Users 1-35
2026-04-06 00:45:25,440 INFO o.a.j.t.JMeterThread: Thread finished: Homepage Browse Users 1-58
2026-04-06 00:45:25,440 INFO o.a.j.t.JMeterThread: Thread finished: Homepage Browse Users 1-67
2026-04-06 00:45:25,464 INFO o.a.j.t.JMeterThread: Thread finished: Homepage Browse Users 1-60
2026-04-06 00:45:25,490 INFO o.a.j.t.JMeterThread: Thread finished: Homepage Browse Users 1-75
2026-04-06 00:45:25,535 INFO o.a.j.t.JMeterThread: Thread finished: Homepage Browse Users 1-71
2026-04-06 00:45:25,598 INFO o.a.j.t.JMeterThread: Thread finished: Homepage Browse Users 1-17
2026-04-06 00:45:25,613 INFO o.a.j.t.JMeterThread: Thread finished: Homepage Browse Users 1-59
2026-04-06 00:45:25,618 INFO o.a.j.t.JMeterThread: Thread finished: Homepage Browse Users 1-30
2026-04-06 00:45:26,152 INFO o.a.j.t.JMeterThread: Thread finished: Homepage Browse Users 1-33
2026-04-06 00:45:26,152 INFO o.a.j.t.JMeterThread: Thread finished: Homepage Browse Users 1-16
2026-04-06 00:45:26,166 INFO o.a.j.t.JMeterThread: Thread finished: Homepage Browse Users 1-50
2026-04-06 00:45:26,166 INFO o.a.j.t.JMeterThread: Thread finished: Homepage Browse Users 1-61
2026-04-06 00:45:26,168 INFO o.a.j.t.JMeterThread: Thread finished: Homepage Browse Users 1-53
2026-04-06 00:45:26,170 INFO o.a.j.t.JMeterThread: Thread finished: Homepage Browse Users 1-83
2026-04-06 00:45:26,170 INFO o.a.j.t.JMeterThread: Thread finished: Homepage Browse Users 1-5
2026-04-06 00:45:26,170 INFO o.a.j.t.JMeterThread: Thread finished: Homepage Browse Users 1-77
2026-04-06 00:45:26,171 INFO o.a.j.t.JMeterThread: Thread finished: Homepage Browse Users 1-96
2026-04-06 00:45:26,171 INFO o.a.j.t.JMeterThread: Thread finished: Homepage Browse Users 1-64
2026-04-06 00:45:26,172 INFO o.a.j.t.JMeterThread: Thread finished: Homepage Browse Users 1-23
2026-04-06 00:45:26,172 INFO o.a.j.t.JMeterThread: Thread finished: Homepage Browse Users 1-47
2026-04-06 00:45:26,172 INFO o.a.j.t.JMeterThread: Thread finished: Homepage Browse Users 1-91
2026-04-06 00:45:26,172 INFO o.a.j.t.JMeterThread: Thread finished: Homepage Browse Users 1-90
2026-04-06 00:45:26,174 INFO o.a.j.t.JMeterThread: Thread finished: Homepage Browse Users 1-9
2026-04-06 00:45:26,174 INFO o.a.j.t.JMeterThread: Thread finished: Homepage Browse Users 1-26
2026-04-06 00:45:26,174 INFO o.a.j.t.JMeterThread: Thread finished: Homepage Browse Users 1-80
2026-04-06 00:45:26,178 INFO o.a.j.t.JMeterThread: Thread finished: Homepage Browse Users 1-57
2026-04-06 00:45:26,180 INFO o.a.j.t.JMeterThread: Thread finished: Homepage Browse Users 1-40
2026-04-06 00:45:26,233 INFO o.a.j.t.JMeterThread: Thread finished: Homepage Browse Users 1-37
2026-04-06 00:45:26,234 INFO o.a.j.t.JMeterThread: Thread finished: Homepage Browse Users 1-25
2026-04-06 00:45:26,234 INFO o.a.j.t.JMeterThread: Thread finished: Homepage Browse Users 1-15
2026-04-06 00:45:26,268 INFO o.a.j.t.JMeterThread: Thread finished: Homepage Browse Users 1-46
2026-04-06 00:45:26,269 INFO o.a.j.t.JMeterThread: Thread finished: Homepage Browse Users 1-19
2026-04-06 00:45:26,295 INFO o.a.j.t.JMeterThread: Thread finished: Homepage Browse Users 1-97
2026-04-06 00:45:26,302 INFO o.a.j.t.JMeterThread: Thread finished: Homepage Browse Users 1-88
2026-04-06 00:45:26,303 INFO o.a.j.t.JMeterThread: Thread finished: Homepage Browse Users 1-55
2026-04-06 00:45:26,309 INFO o.a.j.t.JMeterThread: Thread finished: Homepage Browse Users 1-22
2026-04-06 00:45:26,354 INFO o.a.j.t.JMeterThread: Thread finished: Homepage Browse Users 1-84
2026-04-06 00:45:26,354 INFO o.a.j.t.JMeterThread: Thread finished: Homepage Browse Users 1-70
2026-04-06 00:45:26,363 INFO o.a.j.t.JMeterThread: Thread finished: Homepage Browse Users 1-39
2026-04-06 00:45:26,363 INFO o.a.j.t.JMeterThread: Thread finished: Homepage Browse Users 1-69
2026-04-06 00:45:26,363 INFO o.a.j.t.JMeterThread: Thread finished: Homepage Browse Users 1-98
2026-04-06 00:45:26,423 INFO o.a.j.t.JMeterThread: Thread finished: Homepage Browse Users 1-6
2026-04-06 00:45:26,423 INFO o.a.j.t.JMeterThread: Thread finished: Homepage Browse Users 1-3
2026-04-06 00:45:26,440 INFO o.a.j.t.JMeterThread: Thread finished: Homepage Browse Users 1-78
2026-04-06 00:45:26,443 INFO o.a.j.t.JMeterThread: Thread finished: Homepage Browse Users 1-28
2026-04-06 00:45:26,469 INFO o.a.j.t.JMeterThread: Thread finished: Homepage Browse Users 1-76
2026-04-06 00:45:26,473 INFO o.a.j.t.JMeterThread: Thread finished: Homepage Browse Users 1-42
2026-04-06 00:45:26,478 INFO o.a.j.t.JMeterThread: Thread finished: Homepage Browse Users 1-81
2026-04-06 00:45:26,478 INFO o.a.j.t.JMeterThread: Thread finished: Homepage Browse Users 1-49
2026-04-06 00:45:26,623 INFO o.a.j.t.JMeterThread: Stopping because end time detected by thread: Homepage Browse Users 1-99
2026-04-06 00:45:26,624 INFO o.a.j.t.JMeterThread: Stopping because end time detected by thread: Homepage Browse Users 1-95
2026-04-06 00:45:26,624 INFO o.a.j.t.JMeterThread: Thread finished: Homepage Browse Users 1-99
2026-04-06 00:45:26,624 INFO o.a.j.t.JMeterThread: Thread finished: Homepage Browse Users 1-95
2026-04-06 00:45:26,647 INFO o.a.j.t.JMeterThread: Stopping because end time detected by thread: Homepage Browse Users 1-74
2026-04-06 00:45:26,647 INFO o.a.j.t.JMeterThread: Thread finished: Homepage Browse Users 1-74
2026-04-06 00:45:26,647 INFO o.a.j.t.JMeterThread: Stopping because end time detected by thread: Homepage Browse Users 1-56
2026-04-06 00:45:26,647 INFO o.a.j.t.JMeterThread: Thread finished: Homepage Browse Users 1-56
2026-04-06 00:45:26,714 INFO o.a.j.t.JMeterThread: Stopping because end time detected by thread: Homepage Browse Users 1-100
2026-04-06 00:45:26,714 INFO o.a.j.t.JMeterThread: Stopping because end time detected by thread: Homepage Browse Users 1-92
2026-04-06 00:45:26,715 INFO o.a.j.t.JMeterThread: Thread finished: Homepage Browse Users 1-100
2026-04-06 00:45:26,715 INFO o.a.j.t.JMeterThread: Thread finished: Homepage Browse Users 1-92
2026-04-06 00:45:26,719 INFO o.a.j.t.JMeterThread: Stopping because end time detected by thread: Homepage Browse Users 1-38
2026-04-06 00:45:26,720 INFO o.a.j.t.JMeterThread: Thread finished: Homepage Browse Users 1-38
2026-04-06 00:45:26,720 INFO o.a.j.e.StandardJMeterEngine: Notifying test listeners of end of test
2026-04-06 00:45:26,722 INFO o.a.j.r.Summariser: summary =    525 in 00:00:20 =   26.0/s Avg:   241 Min:   171 Max:   718 Err:     0 (0.00%)
