2026-04-06 00:45:04,844 INFO o.a.j.u.JMeterUtils: Setting Locale to en_EN
2026-04-06 00:45:04,864 INFO o.a.j.JMeter: Loading user properties from: /opt/homebrew/Cellar/jmeter/5.6.3/libexec/bin/user.properties
2026-04-06 00:45:04,865 INFO o.a.j.JMeter: Loading system properties from: /opt/homebrew/Cellar/jmeter/5.6.3/libexec/bin/system.properties
2026-04-06 00:45:04,865 INFO o.a.j.JMeter: Setting JMeter property: host=localhost
2026-04-06 00:45:04,865 INFO o.a.j.JMeter: Setting JMeter property: port=6060
2026-04-06 00:45:04,865 INFO o.a.j.JMeter: Setting JMeter property: homeCategory.users=100
2026-04-06 00:45:04,865 INFO o.a.j.JMeter: Setting JMeter property: homeCategory.ramp=15
2026-04-06 00:45:04,865 INFO o.a.j.JMeter: Setting JMeter property: duration=20
2026-04-06 00:45:04,865 INFO o.a.j.JMeter: Setting JMeter property: delay=0
2026-04-06 00:45:04,866 INFO o.a.j.JMeter: Setting JMeter property: jmeter.save.saveservice.output_format=csv
2026-04-06 00:45:04,870 INFO o.a.j.JMeter: Copyright (c) 1998-2024 The Apache Software Foundation
2026-04-06 00:45:04,870 INFO o.a.j.JMeter: Version 5.6.3
2026-04-06 00:45:04,870 INFO o.a.j.JMeter: java.version=21.0.10
2026-04-06 00:45:04,870 INFO o.a.j.JMeter: java.vm.name=OpenJDK 64-Bit Server VM
2026-04-06 00:45:04,870 INFO o.a.j.JMeter: os.name=Mac OS X
2026-04-06 00:45:04,870 INFO o.a.j.JMeter: os.arch=aarch64
2026-04-06 00:45:04,870 INFO o.a.j.JMeter: os.version=14.5
2026-04-06 00:45:04,870 INFO o.a.j.JMeter: file.encoding=UTF-8
2026-04-06 00:45:04,870 INFO o.a.j.JMeter: java.awt.headless=true
2026-04-06 00:45:04,870 INFO o.a.j.JMeter: Max memory     =1073741824
2026-04-06 00:45:04,870 INFO o.a.j.JMeter: Available Processors =8
2026-04-06 00:45:04,877 INFO o.a.j.JMeter: Default Locale=English (EN)
2026-04-06 00:45:04,877 INFO o.a.j.JMeter: JMeter  Locale=English (EN)
2026-04-06 00:45:04,877 INFO o.a.j.JMeter: JMeterHome=/opt/homebrew/Cellar/jmeter/5.6.3/libexec
2026-04-06 00:45:04,877 INFO o.a.j.JMeter: user.dir  =/Users/lowhanlynn/Documents/4218/cs4218-2520-ecom-project-c24218-2520-team07
2026-04-06 00:45:04,877 INFO o.a.j.JMeter: PWD       =/Users/lowhanlynn/Documents/4218/cs4218-2520-ecom-project-c24218-2520-team07
2026-04-06 00:45:04,880 INFO o.a.j.JMeter: IP: 127.0.0.1 Name: Lows-MacBook-Air-4.local FullName: localhost
2026-04-06 00:45:04,890 INFO o.a.j.s.FileServer: Default base='/Users/lowhanlynn/Documents/4218/cs4218-2520-ecom-project-c24218-2520-team07'
2026-04-06 00:45:04,891 INFO o.a.j.s.FileServer: Set new base='/Users/lowhanlynn/Documents/4218/cs4218-2520-ecom-project-c24218-2520-team07/load-testing'
2026-04-06 00:45:05,068 INFO o.a.j.s.SaveService: Testplan (JMX) version: 2.2. Testlog (JTL) version: 2.2
2026-04-06 00:45:05,092 INFO o.a.j.s.SaveService: Using SaveService properties version 5.0
2026-04-06 00:45:05,094 INFO o.a.j.s.SaveService: Using SaveService properties file encoding UTF-8
2026-04-06 00:45:05,096 INFO o.a.j.s.SaveService: Loading file: load-testing/homepage-category-filtering.jmx
2026-04-06 00:45:05,147 INFO o.a.j.p.h.c.CookieManager: Settings: Delete null: true Check: true Allow variable: true Save: false Prefix: COOKIE_
2026-04-06 00:45:05,149 INFO o.a.j.p.h.c.CacheManager: Will only cache the following methods: [GET]
2026-04-06 00:45:05,169 INFO o.a.j.p.h.s.HTTPSamplerBase: Parser for text/html is org.apache.jmeter.protocol.http.parser.LagartoBasedHtmlParser
2026-04-06 00:45:05,169 INFO o.a.j.p.h.s.HTTPSamplerBase: Parser for application/xhtml+xml is org.apache.jmeter.protocol.http.parser.LagartoBasedHtmlParser
2026-04-06 00:45:05,169 INFO o.a.j.p.h.s.HTTPSamplerBase: Parser for application/xml is org.apache.jmeter.protocol.http.parser.LagartoBasedHtmlParser
2026-04-06 00:45:05,169 INFO o.a.j.p.h.s.HTTPSamplerBase: Parser for text/xml is org.apache.jmeter.protocol.http.parser.LagartoBasedHtmlParser
2026-04-06 00:45:05,169 INFO o.a.j.p.h.s.HTTPSamplerBase: Parser for text/vnd.wap.wml is org.apache.jmeter.protocol.http.parser.RegexpHTMLParser
2026-04-06 00:45:05,169 INFO o.a.j.p.h.s.HTTPSamplerBase: Parser for text/css is org.apache.jmeter.protocol.http.parser.CssParser
2026-04-06 00:45:05,246 INFO o.a.j.JMeter: Creating summariser <summary>
2026-04-06 00:45:05,257 INFO o.a.j.e.StandardJMeterEngine: Running the test!
2026-04-06 00:45:05,258 INFO o.a.j.s.SampleEvent: List of sample_variables: []
2026-04-06 00:45:05,258 INFO o.a.j.s.SampleEvent: List of sample_variables: []
2026-04-06 00:45:05,260 INFO o.a.j.e.u.CompoundVariable: Note: Function class names must contain the string: '.functions.'
2026-04-06 00:45:05,260 INFO o.a.j.e.u.CompoundVariable: Note: Function class names must not contain the string: '.gui.'
2026-04-06 00:45:05,292 INFO o.a.j.r.ClassFinder: Will scan jar /opt/homebrew/Cellar/jmeter/5.6.3/libexec/lib/ext/jmeter-plugins-manager-1.9.jar with filter ExtendsClassFilter [parents=[interface org.apache.jmeter.functions.Function], inner=false, contains=null, notContains=null]. Consider exposing JMeter plugins via META-INF/services, and add JMeter-Skip-Class-Scanning=true manifest attribute so JMeter can skip classfile scanning
2026-04-06 00:45:05,683 INFO o.a.j.JMeter: Running test (1775407505682)
2026-04-06 00:45:05,714 INFO o.a.j.e.StandardJMeterEngine: Starting ThreadGroup: 1 : Homepage Category Filter Users
2026-04-06 00:45:05,714 INFO o.a.j.e.StandardJMeterEngine: Starting 100 threads for group Homepage Category Filter Users.
2026-04-06 00:45:05,714 INFO o.a.j.e.StandardJMeterEngine: Thread will continue on error
2026-04-06 00:45:05,714 INFO o.a.j.t.ThreadGroup: Starting thread group... number=1 threads=100 ramp-up=15 delayedStart=false
2026-04-06 00:45:05,722 INFO o.a.j.t.JMeterThread: Thread started: Homepage Category Filter Users 1-1
2026-04-06 00:45:05,765 INFO o.a.j.t.ThreadGroup: Started thread group number 1
2026-04-06 00:45:05,766 INFO o.a.j.e.StandardJMeterEngine: All thread groups have been started
2026-04-06 00:45:05,873 INFO o.a.j.t.JMeterThread: Thread started: Homepage Category Filter Users 1-2
2026-04-06 00:45:06,022 INFO o.a.j.t.JMeterThread: Thread started: Homepage Category Filter Users 1-3
2026-04-06 00:45:06,171 INFO o.a.j.t.JMeterThread: Thread started: Homepage Category Filter Users 1-4
2026-04-06 00:45:06,318 INFO o.a.j.t.JMeterThread: Thread started: Homepage Category Filter Users 1-5
2026-04-06 00:45:06,475 INFO o.a.j.t.JMeterThread: Thread started: Homepage Category Filter Users 1-6
2026-04-06 00:45:06,623 INFO o.a.j.t.JMeterThread: Thread started: Homepage Category Filter Users 1-7
2026-04-06 00:45:06,768 INFO o.a.j.t.JMeterThread: Thread started: Homepage Category Filter Users 1-8
2026-04-06 00:45:06,921 INFO o.a.j.t.JMeterThread: Thread started: Homepage Category Filter Users 1-9
2026-04-06 00:45:07,070 INFO o.a.j.t.JMeterThread: Thread started: Homepage Category Filter Users 1-10
2026-04-06 00:45:07,219 INFO o.a.j.t.JMeterThread: Thread started: Homepage Category Filter Users 1-11
2026-04-06 00:45:07,365 INFO o.a.j.t.JMeterThread: Thread started: Homepage Category Filter Users 1-12
2026-04-06 00:45:07,519 INFO o.a.j.t.JMeterThread: Thread started: Homepage Category Filter Users 1-13
2026-04-06 00:45:07,670 INFO o.a.j.t.JMeterThread: Thread started: Homepage Category Filter Users 1-14
2026-04-06 00:45:07,768 INFO o.a.j.p.h.s.HTTPHCAbstractImpl: Local host = Lows-MacBook-Air-4.local
2026-04-06 00:45:07,772 INFO o.a.j.p.h.s.HTTPHC4Impl: HTTP request retry count = 0
2026-04-06 00:45:07,773 INFO o.a.j.s.SampleResult: Note: Sample TimeStamps are START times
2026-04-06 00:45:07,773 INFO o.a.j.s.SampleResult: sampleresult.default.encoding is set to UTF-8
2026-04-06 00:45:07,773 INFO o.a.j.s.SampleResult: sampleresult.useNanoTime=true
2026-04-06 00:45:07,773 INFO o.a.j.s.SampleResult: sampleresult.nanoThreadSleep=5000
2026-04-06 00:45:07,820 INFO o.a.j.t.JMeterThread: Thread started: Homepage Category Filter Users 1-15
2026-04-06 00:45:07,965 INFO o.a.j.t.JMeterThread: Thread started: Homepage Category Filter Users 1-16
2026-04-06 00:45:08,115 INFO o.a.j.t.JMeterThread: Thread started: Homepage Category Filter Users 1-17
2026-04-06 00:45:08,279 INFO o.a.j.t.JMeterThread: Thread started: Homepage Category Filter Users 1-18
2026-04-06 00:45:08,420 INFO o.a.j.t.JMeterThread: Thread started: Homepage Category Filter Users 1-19
2026-04-06 00:45:08,570 INFO o.a.j.t.JMeterThread: Thread started: Homepage Category Filter Users 1-20
2026-04-06 00:45:08,720 INFO o.a.j.t.JMeterThread: Thread started: Homepage Category Filter Users 1-21
2026-04-06 00:45:08,866 INFO o.a.j.t.JMeterThread: Thread started: Homepage Category Filter Users 1-22
2026-04-06 00:45:09,014 INFO o.a.j.t.JMeterThread: Thread started: Homepage Category Filter Users 1-23
2026-04-06 00:45:09,168 INFO o.a.j.t.JMeterThread: Thread started: Homepage Category Filter Users 1-24
2026-04-06 00:45:09,318 INFO o.a.j.t.JMeterThread: Thread started: Homepage Category Filter Users 1-25
2026-04-06 00:45:09,472 INFO o.a.j.t.JMeterThread: Thread started: Homepage Category Filter Users 1-26
2026-04-06 00:45:09,614 INFO o.a.j.t.JMeterThread: Thread started: Homepage Category Filter Users 1-27
2026-04-06 00:45:09,765 INFO o.a.j.t.JMeterThread: Thread started: Homepage Category Filter Users 1-28
2026-04-06 00:45:09,915 INFO o.a.j.t.JMeterThread: Thread started: Homepage Category Filter Users 1-29
2026-04-06 00:45:10,069 INFO o.a.j.t.JMeterThread: Thread started: Homepage Category Filter Users 1-30
2026-04-06 00:45:10,215 INFO o.a.j.t.JMeterThread: Thread started: Homepage Category Filter Users 1-31
2026-04-06 00:45:10,370 INFO o.a.j.t.JMeterThread: Thread started: Homepage Category Filter Users 1-32
2026-04-06 00:45:10,516 INFO o.a.j.t.JMeterThread: Thread started: Homepage Category Filter Users 1-33
2026-04-06 00:45:10,664 INFO o.a.j.t.JMeterThread: Thread started: Homepage Category Filter Users 1-34
2026-04-06 00:45:10,815 INFO o.a.j.t.JMeterThread: Thread started: Homepage Category Filter Users 1-35
2026-04-06 00:45:10,970 INFO o.a.j.t.JMeterThread: Thread started: Homepage Category Filter Users 1-36
2026-04-06 00:45:11,115 INFO o.a.j.t.JMeterThread: Thread started: Homepage Category Filter Users 1-37
2026-04-06 00:45:11,265 INFO o.a.j.t.JMeterThread: Thread started: Homepage Category Filter Users 1-38
2026-04-06 00:45:11,419 INFO o.a.j.t.JMeterThread: Thread started: Homepage Category Filter Users 1-39
2026-04-06 00:45:11,569 INFO o.a.j.t.JMeterThread: Thread started: Homepage Category Filter Users 1-40
2026-04-06 00:45:11,719 INFO o.a.j.t.JMeterThread: Thread started: Homepage Category Filter Users 1-41
2026-04-06 00:45:11,868 INFO o.a.j.t.JMeterThread: Thread started: Homepage Category Filter Users 1-42
2026-04-06 00:45:12,020 INFO o.a.j.t.JMeterThread: Thread started: Homepage Category Filter Users 1-43
2026-04-06 00:45:12,165 INFO o.a.j.t.JMeterThread: Thread started: Homepage Category Filter Users 1-44
2026-04-06 00:45:12,325 INFO o.a.j.t.JMeterThread: Thread started: Homepage Category Filter Users 1-45
2026-04-06 00:45:12,465 INFO o.a.j.t.JMeterThread: Thread started: Homepage Category Filter Users 1-46
2026-04-06 00:45:12,618 INFO o.a.j.t.JMeterThread: Thread started: Homepage Category Filter Users 1-47
2026-04-06 00:45:12,765 INFO o.a.j.t.JMeterThread: Thread started: Homepage Category Filter Users 1-48
2026-04-06 00:45:12,919 INFO o.a.j.t.JMeterThread: Thread started: Homepage Category Filter Users 1-49
2026-04-06 00:45:13,069 INFO o.a.j.t.JMeterThread: Thread started: Homepage Category Filter Users 1-50
2026-04-06 00:45:13,220 INFO o.a.j.t.JMeterThread: Thread started: Homepage Category Filter Users 1-51
2026-04-06 00:45:13,370 INFO o.a.j.t.JMeterThread: Thread started: Homepage Category Filter Users 1-52
2026-04-06 00:45:13,515 INFO o.a.j.t.JMeterThread: Thread started: Homepage Category Filter Users 1-53
2026-04-06 00:45:13,665 INFO o.a.j.t.JMeterThread: Thread started: Homepage Category Filter Users 1-54
2026-04-06 00:45:13,819 INFO o.a.j.t.JMeterThread: Thread started: Homepage Category Filter Users 1-55
2026-04-06 00:45:13,969 INFO o.a.j.t.JMeterThread: Thread started: Homepage Category Filter Users 1-56
2026-04-06 00:45:14,116 INFO o.a.j.t.JMeterThread: Thread started: Homepage Category Filter Users 1-57
2026-04-06 00:45:14,270 INFO o.a.j.t.JMeterThread: Thread started: Homepage Category Filter Users 1-58
2026-04-06 00:45:14,415 INFO o.a.j.t.JMeterThread: Thread started: Homepage Category Filter Users 1-59
2026-04-06 00:45:14,565 INFO o.a.j.t.JMeterThread: Thread started: Homepage Category Filter Users 1-60
2026-04-06 00:45:14,720 INFO o.a.j.t.JMeterThread: Thread started: Homepage Category Filter Users 1-61
2026-04-06 00:45:14,870 INFO o.a.j.t.JMeterThread: Thread started: Homepage Category Filter Users 1-62
2026-04-06 00:45:15,019 INFO o.a.j.t.JMeterThread: Thread started: Homepage Category Filter Users 1-63
2026-04-06 00:45:15,165 INFO o.a.j.t.JMeterThread: Thread started: Homepage Category Filter Users 1-64
2026-04-06 00:45:15,320 INFO o.a.j.t.JMeterThread: Thread started: Homepage Category Filter Users 1-65
2026-04-06 00:45:15,466 INFO o.a.j.t.JMeterThread: Thread started: Homepage Category Filter Users 1-66
2026-04-06 00:45:15,615 INFO o.a.j.t.JMeterThread: Thread started: Homepage Category Filter Users 1-67
2026-04-06 00:45:15,765 INFO o.a.j.t.JMeterThread: Thread started: Homepage Category Filter Users 1-68
2026-04-06 00:45:15,915 INFO o.a.j.t.JMeterThread: Thread started: Homepage Category Filter Users 1-69
2026-04-06 00:45:16,066 INFO o.a.j.t.JMeterThread: Thread started: Homepage Category Filter Users 1-70
2026-04-06 00:45:16,215 INFO o.a.j.t.JMeterThread: Thread started: Homepage Category Filter Users 1-71
2026-04-06 00:45:16,365 INFO o.a.j.t.JMeterThread: Thread started: Homepage Category Filter Users 1-72
2026-04-06 00:45:16,521 INFO o.a.j.t.JMeterThread: Thread started: Homepage Category Filter Users 1-73
2026-04-06 00:45:16,671 INFO o.a.j.t.JMeterThread: Thread started: Homepage Category Filter Users 1-74
2026-04-06 00:45:16,816 INFO o.a.j.t.JMeterThread: Thread started: Homepage Category Filter Users 1-75
2026-04-06 00:45:16,965 INFO o.a.j.t.JMeterThread: Thread started: Homepage Category Filter Users 1-76
2026-04-06 00:45:17,121 INFO o.a.j.t.JMeterThread: Thread started: Homepage Category Filter Users 1-77
2026-04-06 00:45:17,265 INFO o.a.j.t.JMeterThread: Thread started: Homepage Category Filter Users 1-78
2026-04-06 00:45:17,415 INFO o.a.j.t.JMeterThread: Thread started: Homepage Category Filter Users 1-79
2026-04-06 00:45:17,565 INFO o.a.j.t.JMeterThread: Thread started: Homepage Category Filter Users 1-80
2026-04-06 00:45:17,715 INFO o.a.j.t.JMeterThread: Thread started: Homepage Category Filter Users 1-81
2026-04-06 00:45:17,870 INFO o.a.j.t.JMeterThread: Thread started: Homepage Category Filter Users 1-82
2026-04-06 00:45:18,020 INFO o.a.j.t.JMeterThread: Thread started: Homepage Category Filter Users 1-83
2026-04-06 00:45:18,167 INFO o.a.j.t.JMeterThread: Thread started: Homepage Category Filter Users 1-84
2026-04-06 00:45:18,319 INFO o.a.j.t.JMeterThread: Thread started: Homepage Category Filter Users 1-85
2026-04-06 00:45:18,472 INFO o.a.j.t.JMeterThread: Thread started: Homepage Category Filter Users 1-86
2026-04-06 00:45:18,619 INFO o.a.j.t.JMeterThread: Thread started: Homepage Category Filter Users 1-87
2026-04-06 00:45:18,765 INFO o.a.j.t.JMeterThread: Thread started: Homepage Category Filter Users 1-88
2026-04-06 00:45:18,917 INFO o.a.j.t.JMeterThread: Thread started: Homepage Category Filter Users 1-89
2026-04-06 00:45:19,065 INFO o.a.j.t.JMeterThread: Thread started: Homepage Category Filter Users 1-90
2026-04-06 00:45:19,215 INFO o.a.j.t.JMeterThread: Thread started: Homepage Category Filter Users 1-91
2026-04-06 00:45:19,365 INFO o.a.j.t.JMeterThread: Thread started: Homepage Category Filter Users 1-92
2026-04-06 00:45:19,516 INFO o.a.j.t.JMeterThread: Thread started: Homepage Category Filter Users 1-93
2026-04-06 00:45:19,670 INFO o.a.j.t.JMeterThread: Thread started: Homepage Category Filter Users 1-94
2026-04-06 00:45:19,820 INFO o.a.j.t.JMeterThread: Thread started: Homepage Category Filter Users 1-95
2026-04-06 00:45:19,970 INFO o.a.j.t.JMeterThread: Thread started: Homepage Category Filter Users 1-96
2026-04-06 00:45:20,120 INFO o.a.j.t.JMeterThread: Thread started: Homepage Category Filter Users 1-97
2026-04-06 00:45:20,269 INFO o.a.j.t.JMeterThread: Thread started: Homepage Category Filter Users 1-98
2026-04-06 00:45:20,418 INFO o.a.j.t.JMeterThread: Thread started: Homepage Category Filter Users 1-99
2026-04-06 00:45:20,569 INFO o.a.j.t.JMeterThread: Thread started: Homepage Category Filter Users 1-100
2026-04-06 00:45:22,558 INFO o.a.j.t.JMeterThread: Thread finished: Homepage Category Filter Users 1-71
2026-04-06 00:45:23,400 INFO o.a.j.t.JMeterThread: Thread finished: Homepage Category Filter Users 1-88
2026-04-06 00:45:23,490 INFO o.a.j.t.JMeterThread: Thread finished: Homepage Category Filter Users 1-18
2026-04-06 00:45:23,705 INFO o.a.j.t.JMeterThread: Thread finished: Homepage Category Filter Users 1-95
2026-04-06 00:45:23,707 INFO o.a.j.t.JMeterThread: Thread finished: Homepage Category Filter Users 1-32
2026-04-06 00:45:23,707 INFO o.a.j.t.JMeterThread: Thread finished: Homepage Category Filter Users 1-4
2026-04-06 00:45:23,708 INFO o.a.j.t.JMeterThread: Thread finished: Homepage Category Filter Users 1-87
2026-04-06 00:45:23,708 INFO o.a.j.t.JMeterThread: Thread finished: Homepage Category Filter Users 1-2
2026-04-06 00:45:23,709 INFO o.a.j.t.JMeterThread: Thread finished: Homepage Category Filter Users 1-98
2026-04-06 00:45:23,710 INFO o.a.j.t.JMeterThread: Thread finished: Homepage Category Filter Users 1-80
2026-04-06 00:45:24,154 INFO o.a.j.t.JMeterThread: Thread finished: Homepage Category Filter Users 1-22
2026-04-06 00:45:24,164 INFO o.a.j.t.JMeterThread: Thread finished: Homepage Category Filter Users 1-24
2026-04-06 00:45:24,165 INFO o.a.j.t.JMeterThread: Thread finished: Homepage Category Filter Users 1-96
2026-04-06 00:45:24,167 INFO o.a.j.t.JMeterThread: Thread finished: Homepage Category Filter Users 1-84
2026-04-06 00:45:24,167 INFO o.a.j.t.JMeterThread: Thread finished: Homepage Category Filter Users 1-97
2026-04-06 00:45:24,172 INFO o.a.j.t.JMeterThread: Thread finished: Homepage Category Filter Users 1-58
2026-04-06 00:45:24,172 INFO o.a.j.t.JMeterThread: Thread finished: Homepage Category Filter Users 1-79
2026-04-06 00:45:24,174 INFO o.a.j.t.JMeterThread: Thread finished: Homepage Category Filter Users 1-30
2026-04-06 00:45:24,177 INFO o.a.j.t.JMeterThread: Thread finished: Homepage Category Filter Users 1-76
2026-04-06 00:45:24,179 INFO o.a.j.t.JMeterThread: Thread finished: Homepage Category Filter Users 1-20
2026-04-06 00:45:24,179 INFO o.a.j.t.JMeterThread: Thread finished: Homepage Category Filter Users 1-62
2026-04-06 00:45:24,202 INFO o.a.j.t.JMeterThread: Thread finished: Homepage Category Filter Users 1-66
2026-04-06 00:45:24,218 INFO o.a.j.t.JMeterThread: Thread finished: Homepage Category Filter Users 1-16
2026-04-06 00:45:24,220 INFO o.a.j.t.JMeterThread: Thread finished: Homepage Category Filter Users 1-10
2026-04-06 00:45:24,221 INFO o.a.j.t.JMeterThread: Thread finished: Homepage Category Filter Users 1-64
2026-04-06 00:45:24,222 INFO o.a.j.t.JMeterThread: Thread finished: Homepage Category Filter Users 1-33
2026-04-06 00:45:24,293 INFO o.a.j.t.JMeterThread: Thread finished: Homepage Category Filter Users 1-28
2026-04-06 00:45:24,411 INFO o.a.j.t.JMeterThread: Thread finished: Homepage Category Filter Users 1-3
2026-04-06 00:45:24,425 INFO o.a.j.t.JMeterThread: Thread finished: Homepage Category Filter Users 1-50
2026-04-06 00:45:24,426 INFO o.a.j.t.JMeterThread: Thread finished: Homepage Category Filter Users 1-31
2026-04-06 00:45:24,426 INFO o.a.j.t.JMeterThread: Thread finished: Homepage Category Filter Users 1-9
2026-04-06 00:45:24,426 INFO o.a.j.t.JMeterThread: Thread finished: Homepage Category Filter Users 1-53
2026-04-06 00:45:24,427 INFO o.a.j.t.JMeterThread: Thread finished: Homepage Category Filter Users 1-36
2026-04-06 00:45:24,427 INFO o.a.j.t.JMeterThread: Thread finished: Homepage Category Filter Users 1-15
2026-04-06 00:45:24,451 INFO o.a.j.t.JMeterThread: Thread finished: Homepage Category Filter Users 1-75
2026-04-06 00:45:24,452 INFO o.a.j.t.JMeterThread: Thread finished: Homepage Category Filter Users 1-60
2026-04-06 00:45:24,492 INFO o.a.j.t.JMeterThread: Thread finished: Homepage Category Filter Users 1-83
2026-04-06 00:45:24,504 INFO o.a.j.t.JMeterThread: Thread finished: Homepage Category Filter Users 1-73
2026-04-06 00:45:24,505 INFO o.a.j.t.JMeterThread: Thread finished: Homepage Category Filter Users 1-6
2026-04-06 00:45:24,589 INFO o.a.j.t.JMeterThread: Thread finished: Homepage Category Filter Users 1-41
2026-04-06 00:45:24,592 INFO o.a.j.t.JMeterThread: Thread finished: Homepage Category Filter Users 1-77
2026-04-06 00:45:24,601 INFO o.a.j.t.JMeterThread: Thread finished: Homepage Category Filter Users 1-5
2026-04-06 00:45:24,601 INFO o.a.j.t.JMeterThread: Thread finished: Homepage Category Filter Users 1-48
2026-04-06 00:45:24,601 INFO o.a.j.t.JMeterThread: Thread finished: Homepage Category Filter Users 1-69
2026-04-06 00:45:24,601 INFO o.a.j.t.JMeterThread: Thread finished: Homepage Category Filter Users 1-46
2026-04-06 00:45:24,626 INFO o.a.j.t.JMeterThread: Thread finished: Homepage Category Filter Users 1-25
2026-04-06 00:45:25,170 INFO o.a.j.t.JMeterThread: Thread finished: Homepage Category Filter Users 1-43
2026-04-06 00:45:25,170 INFO o.a.j.t.JMeterThread: Thread finished: Homepage Category Filter Users 1-65
2026-04-06 00:45:25,171 INFO o.a.j.t.JMeterThread: Thread finished: Homepage Category Filter Users 1-81
2026-04-06 00:45:25,171 INFO o.a.j.t.JMeterThread: Thread finished: Homepage Category Filter Users 1-11
2026-04-06 00:45:25,172 INFO o.a.j.t.JMeterThread: Thread finished: Homepage Category Filter Users 1-82
2026-04-06 00:45:25,175 INFO o.a.j.t.JMeterThread: Thread finished: Homepage Category Filter Users 1-59
2026-04-06 00:45:25,175 INFO o.a.j.t.JMeterThread: Thread finished: Homepage Category Filter Users 1-8
2026-04-06 00:45:25,175 INFO o.a.j.t.JMeterThread: Thread finished: Homepage Category Filter Users 1-39
2026-04-06 00:45:25,176 INFO o.a.j.t.JMeterThread: Thread finished: Homepage Category Filter Users 1-52
2026-04-06 00:45:25,178 INFO o.a.j.t.JMeterThread: Thread finished: Homepage Category Filter Users 1-19
2026-04-06 00:45:25,179 INFO o.a.j.t.JMeterThread: Thread finished: Homepage Category Filter Users 1-90
2026-04-06 00:45:25,180 INFO o.a.j.t.JMeterThread: Thread finished: Homepage Category Filter Users 1-56
2026-04-06 00:45:25,180 INFO o.a.j.t.JMeterThread: Thread finished: Homepage Category Filter Users 1-17
2026-04-06 00:45:25,180 INFO o.a.j.t.JMeterThread: Thread finished: Homepage Category Filter Users 1-74
2026-04-06 00:45:25,181 INFO o.a.j.t.JMeterThread: Thread finished: Homepage Category Filter Users 1-38
2026-04-06 00:45:25,181 INFO o.a.j.t.JMeterThread: Thread finished: Homepage Category Filter Users 1-61
2026-04-06 00:45:25,181 INFO o.a.j.t.JMeterThread: Thread finished: Homepage Category Filter Users 1-99
2026-04-06 00:45:25,182 INFO o.a.j.t.JMeterThread: Thread finished: Homepage Category Filter Users 1-54
2026-04-06 00:45:25,183 INFO o.a.j.t.JMeterThread: Thread finished: Homepage Category Filter Users 1-57
2026-04-06 00:45:25,183 INFO o.a.j.t.JMeterThread: Thread finished: Homepage Category Filter Users 1-21
2026-04-06 00:45:25,184 INFO o.a.j.t.JMeterThread: Thread finished: Homepage Category Filter Users 1-7
2026-04-06 00:45:25,185 INFO o.a.j.t.JMeterThread: Thread finished: Homepage Category Filter Users 1-72
2026-04-06 00:45:25,186 INFO o.a.j.t.JMeterThread: Thread finished: Homepage Category Filter Users 1-12
2026-04-06 00:45:25,187 INFO o.a.j.t.JMeterThread: Thread finished: Homepage Category Filter Users 1-23
2026-04-06 00:45:25,212 INFO o.a.j.t.JMeterThread: Thread finished: Homepage Category Filter Users 1-37
2026-04-06 00:45:25,221 INFO o.a.j.t.JMeterThread: Thread finished: Homepage Category Filter Users 1-63
2026-04-06 00:45:25,234 INFO o.a.j.t.JMeterThread: Thread finished: Homepage Category Filter Users 1-100
2026-04-06 00:45:25,234 INFO o.a.j.t.JMeterThread: Thread finished: Homepage Category Filter Users 1-89
2026-04-06 00:45:25,243 INFO o.a.j.t.JMeterThread: Thread finished: Homepage Category Filter Users 1-29
2026-04-06 00:45:25,285 INFO o.a.j.t.JMeterThread: Thread finished: Homepage Category Filter Users 1-92
2026-04-06 00:45:25,346 INFO o.a.j.t.JMeterThread: Thread finished: Homepage Category Filter Users 1-34
2026-04-06 00:45:25,391 INFO o.a.j.t.JMeterThread: Thread finished: Homepage Category Filter Users 1-68
2026-04-06 00:45:25,426 INFO o.a.j.t.JMeterThread: Thread finished: Homepage Category Filter Users 1-85
2026-04-06 00:45:25,441 INFO o.a.j.t.JMeterThread: Thread finished: Homepage Category Filter Users 1-27
2026-04-06 00:45:25,441 INFO o.a.j.t.JMeterThread: Thread finished: Homepage Category Filter Users 1-91
2026-04-06 00:45:25,442 INFO o.a.j.t.JMeterThread: Thread finished: Homepage Category Filter Users 1-14
2026-04-06 00:45:25,490 INFO o.a.j.t.JMeterThread: Thread finished: Homepage Category Filter Users 1-45
2026-04-06 00:45:25,508 INFO o.a.j.t.JMeterThread: Thread finished: Homepage Category Filter Users 1-13
2026-04-06 00:45:25,540 INFO o.a.j.t.JMeterThread: Thread finished: Homepage Category Filter Users 1-78
2026-04-06 00:45:25,540 INFO o.a.j.t.JMeterThread: Thread finished: Homepage Category Filter Users 1-47
2026-04-06 00:45:25,540 INFO o.a.j.t.JMeterThread: Thread finished: Homepage Category Filter Users 1-51
2026-04-06 00:45:25,541 INFO o.a.j.t.JMeterThread: Thread finished: Homepage Category Filter Users 1-93
2026-04-06 00:45:25,544 INFO o.a.j.t.JMeterThread: Thread finished: Homepage Category Filter Users 1-86
2026-04-06 00:45:25,557 INFO o.a.j.t.JMeterThread: Thread finished: Homepage Category Filter Users 1-1
2026-04-06 00:45:25,613 INFO o.a.j.t.JMeterThread: Thread finished: Homepage Category Filter Users 1-42
2026-04-06 00:45:25,680 INFO o.a.j.t.JMeterThread: Thread finished: Homepage Category Filter Users 1-67
2026-04-06 00:45:26,166 INFO o.a.j.t.JMeterThread: Stopping because end time detected by thread: Homepage Category Filter Users 1-55
2026-04-06 00:45:26,166 INFO o.a.j.t.JMeterThread: Thread finished: Homepage Category Filter Users 1-55
2026-04-06 00:45:26,166 INFO o.a.j.t.JMeterThread: Stopping because end time detected by thread: Homepage Category Filter Users 1-49
2026-04-06 00:45:26,166 INFO o.a.j.t.JMeterThread: Thread finished: Homepage Category Filter Users 1-49
2026-04-06 00:45:26,168 INFO o.a.j.t.JMeterThread: Stopping because end time detected by thread: Homepage Category Filter Users 1-70
2026-04-06 00:45:26,168 INFO o.a.j.t.JMeterThread: Stopping because end time detected by thread: Homepage Category Filter Users 1-26
2026-04-06 00:45:26,168 INFO o.a.j.t.JMeterThread: Thread finished: Homepage Category Filter Users 1-26
2026-04-06 00:45:26,169 INFO o.a.j.t.JMeterThread: Thread finished: Homepage Category Filter Users 1-70
2026-04-06 00:45:26,169 INFO o.a.j.t.JMeterThread: Stopping because end time detected by thread: Homepage Category Filter Users 1-40
2026-04-06 00:45:26,169 INFO o.a.j.t.JMeterThread: Thread finished: Homepage Category Filter Users 1-40
2026-04-06 00:45:26,172 INFO o.a.j.t.JMeterThread: Stopping because end time detected by thread: Homepage Category Filter Users 1-94
2026-04-06 00:45:26,172 INFO o.a.j.t.JMeterThread: Thread finished: Homepage Category Filter Users 1-94
2026-04-06 00:45:26,173 INFO o.a.j.t.JMeterThread: Stopping because end time detected by thread: Homepage Category Filter Users 1-44
2026-04-06 00:45:26,173 INFO o.a.j.t.JMeterThread: Stopping because end time detected by thread: Homepage Category Filter Users 1-35
2026-04-06 00:45:26,173 INFO o.a.j.t.JMeterThread: Thread finished: Homepage Category Filter Users 1-44
2026-04-06 00:45:26,173 INFO o.a.j.t.JMeterThread: Thread finished: Homepage Category Filter Users 1-35
2026-04-06 00:45:26,174 INFO o.a.j.e.StandardJMeterEngine: Notifying test listeners of end of test
2026-04-06 00:45:26,180 INFO o.a.j.r.Summariser: summary =    526 in 00:00:20 =   25.7/s Avg:   239 Min:   172 Max:   719 Err:     0 (0.00%)
