2026-04-06 00:45:05,405 INFO o.a.j.u.JMeterUtils: Setting Locale to en_EN
2026-04-06 00:45:05,442 INFO o.a.j.JMeter: Loading user properties from: /opt/homebrew/Cellar/jmeter/5.6.3/libexec/bin/user.properties
2026-04-06 00:45:05,442 INFO o.a.j.JMeter: Loading system properties from: /opt/homebrew/Cellar/jmeter/5.6.3/libexec/bin/system.properties
2026-04-06 00:45:05,443 INFO o.a.j.JMeter: Setting JMeter property: host=localhost
2026-04-06 00:45:05,443 INFO o.a.j.JMeter: Setting JMeter property: port=6060
2026-04-06 00:45:05,443 INFO o.a.j.JMeter: Setting JMeter property: priceFilter.users=100
2026-04-06 00:45:05,443 INFO o.a.j.JMeter: Setting JMeter property: priceFilter.ramp=15
2026-04-06 00:45:05,443 INFO o.a.j.JMeter: Setting JMeter property: duration=20
2026-04-06 00:45:05,443 INFO o.a.j.JMeter: Setting JMeter property: delay=0
2026-04-06 00:45:05,443 INFO o.a.j.JMeter: Setting JMeter property: jmeter.save.saveservice.output_format=csv
2026-04-06 00:45:05,448 INFO o.a.j.JMeter: Copyright (c) 1998-2024 The Apache Software Foundation
2026-04-06 00:45:05,448 INFO o.a.j.JMeter: Version 5.6.3
2026-04-06 00:45:05,448 INFO o.a.j.JMeter: java.version=21.0.10
2026-04-06 00:45:05,448 INFO o.a.j.JMeter: java.vm.name=OpenJDK 64-Bit Server VM
2026-04-06 00:45:05,448 INFO o.a.j.JMeter: os.name=Mac OS X
2026-04-06 00:45:05,448 INFO o.a.j.JMeter: os.arch=aarch64
2026-04-06 00:45:05,448 INFO o.a.j.JMeter: os.version=14.5
2026-04-06 00:45:05,448 INFO o.a.j.JMeter: file.encoding=UTF-8
2026-04-06 00:45:05,449 INFO o.a.j.JMeter: java.awt.headless=true
2026-04-06 00:45:05,449 INFO o.a.j.JMeter: Max memory     =1073741824
2026-04-06 00:45:05,449 INFO o.a.j.JMeter: Available Processors =8
2026-04-06 00:45:05,464 INFO o.a.j.JMeter: Default Locale=English (EN)
2026-04-06 00:45:05,464 INFO o.a.j.JMeter: JMeter  Locale=English (EN)
2026-04-06 00:45:05,464 INFO o.a.j.JMeter: JMeterHome=/opt/homebrew/Cellar/jmeter/5.6.3/libexec
2026-04-06 00:45:05,464 INFO o.a.j.JMeter: user.dir  =/Users/lowhanlynn/Documents/4218/cs4218-2520-ecom-project-c24218-2520-team07
2026-04-06 00:45:05,464 INFO o.a.j.JMeter: PWD       =/Users/lowhanlynn/Documents/4218/cs4218-2520-ecom-project-c24218-2520-team07
2026-04-06 00:45:05,465 INFO o.a.j.JMeter: IP: 127.0.0.1 Name: Lows-MacBook-Air-4.local FullName: localhost
2026-04-06 00:45:05,478 INFO o.a.j.s.FileServer: Default base='/Users/lowhanlynn/Documents/4218/cs4218-2520-ecom-project-c24218-2520-team07'
2026-04-06 00:45:05,479 INFO o.a.j.s.FileServer: Set new base='/Users/lowhanlynn/Documents/4218/cs4218-2520-ecom-project-c24218-2520-team07/load-testing'
2026-04-06 00:45:05,662 INFO o.a.j.s.SaveService: Testplan (JMX) version: 2.2. Testlog (JTL) version: 2.2
2026-04-06 00:45:05,698 INFO o.a.j.s.SaveService: Using SaveService properties version 5.0
2026-04-06 00:45:05,701 INFO o.a.j.s.SaveService: Using SaveService properties file encoding UTF-8
2026-04-06 00:45:05,707 INFO o.a.j.s.SaveService: Loading file: load-testing/homepage-price-filtering.jmx
2026-04-06 00:45:05,747 INFO o.a.j.p.h.c.CookieManager: Settings: Delete null: true Check: true Allow variable: true Save: false Prefix: COOKIE_
2026-04-06 00:45:05,750 INFO o.a.j.p.h.c.CacheManager: Will only cache the following methods: [GET]
2026-04-06 00:45:05,776 INFO o.a.j.p.h.s.HTTPSamplerBase: Parser for text/html is org.apache.jmeter.protocol.http.parser.LagartoBasedHtmlParser
2026-04-06 00:45:05,776 INFO o.a.j.p.h.s.HTTPSamplerBase: Parser for application/xhtml+xml is org.apache.jmeter.protocol.http.parser.LagartoBasedHtmlParser
2026-04-06 00:45:05,776 INFO o.a.j.p.h.s.HTTPSamplerBase: Parser for application/xml is org.apache.jmeter.protocol.http.parser.LagartoBasedHtmlParser
2026-04-06 00:45:05,776 INFO o.a.j.p.h.s.HTTPSamplerBase: Parser for text/xml is org.apache.jmeter.protocol.http.parser.LagartoBasedHtmlParser
2026-04-06 00:45:05,776 INFO o.a.j.p.h.s.HTTPSamplerBase: Parser for text/vnd.wap.wml is org.apache.jmeter.protocol.http.parser.RegexpHTMLParser
2026-04-06 00:45:05,776 INFO o.a.j.p.h.s.HTTPSamplerBase: Parser for text/css is org.apache.jmeter.protocol.http.parser.CssParser
2026-04-06 00:45:05,805 INFO o.a.j.JMeter: Creating summariser <summary>
2026-04-06 00:45:05,816 INFO o.a.j.e.StandardJMeterEngine: Running the test!
2026-04-06 00:45:05,817 INFO o.a.j.s.SampleEvent: List of sample_variables: []
2026-04-06 00:45:05,817 INFO o.a.j.s.SampleEvent: List of sample_variables: []
2026-04-06 00:45:05,821 INFO o.a.j.e.u.CompoundVariable: Note: Function class names must contain the string: '.functions.'
2026-04-06 00:45:05,821 INFO o.a.j.e.u.CompoundVariable: Note: Function class names must not contain the string: '.gui.'
2026-04-06 00:45:05,859 INFO o.a.j.r.ClassFinder: Will scan jar /opt/homebrew/Cellar/jmeter/5.6.3/libexec/lib/ext/jmeter-plugins-manager-1.9.jar with filter ExtendsClassFilter [parents=[interface org.apache.jmeter.functions.Function], inner=false, contains=null, notContains=null]. Consider exposing JMeter plugins via META-INF/services, and add JMeter-Skip-Class-Scanning=true manifest attribute so JMeter can skip classfile scanning
2026-04-06 00:45:06,013 INFO o.a.j.JMeter: Running test (1775407506013)
2026-04-06 00:45:06,026 INFO o.a.j.e.StandardJMeterEngine: Starting ThreadGroup: 1 : Homepage Price Filter Users
2026-04-06 00:45:06,027 INFO o.a.j.e.StandardJMeterEngine: Starting 100 threads for group Homepage Price Filter Users.
2026-04-06 00:45:06,027 INFO o.a.j.e.StandardJMeterEngine: Thread will continue on error
2026-04-06 00:45:06,027 INFO o.a.j.t.ThreadGroup: Starting thread group... number=1 threads=100 ramp-up=15 delayedStart=false
2026-04-06 00:45:06,030 INFO o.a.j.t.JMeterThread: Thread started: Homepage Price Filter Users 1-1
2026-04-06 00:45:06,055 INFO o.a.j.t.ThreadGroup: Started thread group number 1
2026-04-06 00:45:06,056 INFO o.a.j.e.StandardJMeterEngine: All thread groups have been started
2026-04-06 00:45:06,183 INFO o.a.j.t.JMeterThread: Thread started: Homepage Price Filter Users 1-2
2026-04-06 00:45:06,333 INFO o.a.j.t.JMeterThread: Thread started: Homepage Price Filter Users 1-3
2026-04-06 00:45:06,482 INFO o.a.j.t.JMeterThread: Thread started: Homepage Price Filter Users 1-4
2026-04-06 00:45:06,629 INFO o.a.j.t.JMeterThread: Thread started: Homepage Price Filter Users 1-5
2026-04-06 00:45:06,778 INFO o.a.j.t.JMeterThread: Thread started: Homepage Price Filter Users 1-6
2026-04-06 00:45:06,933 INFO o.a.j.t.JMeterThread: Thread started: Homepage Price Filter Users 1-7
2026-04-06 00:45:07,080 INFO o.a.j.t.JMeterThread: Thread started: Homepage Price Filter Users 1-8
2026-04-06 00:45:07,234 INFO o.a.j.t.JMeterThread: Thread started: Homepage Price Filter Users 1-9
2026-04-06 00:45:07,383 INFO o.a.j.t.JMeterThread: Thread started: Homepage Price Filter Users 1-10
2026-04-06 00:45:07,532 INFO o.a.j.t.JMeterThread: Thread started: Homepage Price Filter Users 1-11
2026-04-06 00:45:07,685 INFO o.a.j.t.JMeterThread: Thread started: Homepage Price Filter Users 1-12
2026-04-06 00:45:07,717 INFO o.a.j.p.h.s.HTTPHCAbstractImpl: Local host = Lows-MacBook-Air-4.local
2026-04-06 00:45:07,722 INFO o.a.j.p.h.s.HTTPHC4Impl: HTTP request retry count = 0
2026-04-06 00:45:07,723 INFO o.a.j.s.SampleResult: Note: Sample TimeStamps are START times
2026-04-06 00:45:07,723 INFO o.a.j.s.SampleResult: sampleresult.default.encoding is set to UTF-8
2026-04-06 00:45:07,723 INFO o.a.j.s.SampleResult: sampleresult.useNanoTime=true
2026-04-06 00:45:07,723 INFO o.a.j.s.SampleResult: sampleresult.nanoThreadSleep=5000
2026-04-06 00:45:07,832 INFO o.a.j.t.JMeterThread: Thread started: Homepage Price Filter Users 1-13
2026-04-06 00:45:07,984 INFO o.a.j.t.JMeterThread: Thread started: Homepage Price Filter Users 1-14
2026-04-06 00:45:08,131 INFO o.a.j.t.JMeterThread: Thread started: Homepage Price Filter Users 1-15
2026-04-06 00:45:08,288 INFO o.a.j.t.JMeterThread: Thread started: Homepage Price Filter Users 1-16
2026-04-06 00:45:08,432 INFO o.a.j.t.JMeterThread: Thread started: Homepage Price Filter Users 1-17
2026-04-06 00:45:08,582 INFO o.a.j.t.JMeterThread: Thread started: Homepage Price Filter Users 1-18
2026-04-06 00:45:08,732 INFO o.a.j.t.JMeterThread: Thread started: Homepage Price Filter Users 1-19
2026-04-06 00:45:08,884 INFO o.a.j.t.JMeterThread: Thread started: Homepage Price Filter Users 1-20
2026-04-06 00:45:09,034 INFO o.a.j.t.JMeterThread: Thread started: Homepage Price Filter Users 1-21
2026-04-06 00:45:09,182 INFO o.a.j.t.JMeterThread: Thread started: Homepage Price Filter Users 1-22
2026-04-06 00:45:09,332 INFO o.a.j.t.JMeterThread: Thread started: Homepage Price Filter Users 1-23
2026-04-06 00:45:09,483 INFO o.a.j.t.JMeterThread: Thread started: Homepage Price Filter Users 1-24
2026-04-06 00:45:09,632 INFO o.a.j.t.JMeterThread: Thread started: Homepage Price Filter Users 1-25
2026-04-06 00:45:09,782 INFO o.a.j.t.JMeterThread: Thread started: Homepage Price Filter Users 1-26
2026-04-06 00:45:09,932 INFO o.a.j.t.JMeterThread: Thread started: Homepage Price Filter Users 1-27
2026-04-06 00:45:10,083 INFO o.a.j.t.JMeterThread: Thread started: Homepage Price Filter Users 1-28
2026-04-06 00:45:10,232 INFO o.a.j.t.JMeterThread: Thread started: Homepage Price Filter Users 1-29
2026-04-06 00:45:10,380 INFO o.a.j.t.JMeterThread: Thread started: Homepage Price Filter Users 1-30
2026-04-06 00:45:10,532 INFO o.a.j.t.JMeterThread: Thread started: Homepage Price Filter Users 1-31
2026-04-06 00:45:10,684 INFO o.a.j.t.JMeterThread: Thread started: Homepage Price Filter Users 1-32
2026-04-06 00:45:10,830 INFO o.a.j.t.JMeterThread: Thread started: Homepage Price Filter Users 1-33
2026-04-06 00:45:10,978 INFO o.a.j.t.JMeterThread: Thread started: Homepage Price Filter Users 1-34
2026-04-06 00:45:11,132 INFO o.a.j.t.JMeterThread: Thread started: Homepage Price Filter Users 1-35
2026-04-06 00:45:11,283 INFO o.a.j.t.JMeterThread: Thread started: Homepage Price Filter Users 1-36
2026-04-06 00:45:11,433 INFO o.a.j.t.JMeterThread: Thread started: Homepage Price Filter Users 1-37
2026-04-06 00:45:11,583 INFO o.a.j.t.JMeterThread: Thread started: Homepage Price Filter Users 1-38
2026-04-06 00:45:11,732 INFO o.a.j.t.JMeterThread: Thread started: Homepage Price Filter Users 1-39
2026-04-06 00:45:11,882 INFO o.a.j.t.JMeterThread: Thread started: Homepage Price Filter Users 1-40
2026-04-06 00:45:12,029 INFO o.a.j.t.JMeterThread: Thread started: Homepage Price Filter Users 1-41
2026-04-06 00:45:12,183 INFO o.a.j.t.JMeterThread: Thread started: Homepage Price Filter Users 1-42
2026-04-06 00:45:12,331 INFO o.a.j.t.JMeterThread: Thread started: Homepage Price Filter Users 1-43
2026-04-06 00:45:12,482 INFO o.a.j.t.JMeterThread: Thread started: Homepage Price Filter Users 1-44
2026-04-06 00:45:12,632 INFO o.a.j.t.JMeterThread: Thread started: Homepage Price Filter Users 1-45
2026-04-06 00:45:12,783 INFO o.a.j.t.JMeterThread: Thread started: Homepage Price Filter Users 1-46
2026-04-06 00:45:12,931 INFO o.a.j.t.JMeterThread: Thread started: Homepage Price Filter Users 1-47
2026-04-06 00:45:13,077 INFO o.a.j.t.JMeterThread: Thread started: Homepage Price Filter Users 1-48
2026-04-06 00:45:13,232 INFO o.a.j.t.JMeterThread: Thread started: Homepage Price Filter Users 1-49
2026-04-06 00:45:13,383 INFO o.a.j.t.JMeterThread: Thread started: Homepage Price Filter Users 1-50
2026-04-06 00:45:13,532 INFO o.a.j.t.JMeterThread: Thread started: Homepage Price Filter Users 1-51
2026-04-06 00:45:13,682 INFO o.a.j.t.JMeterThread: Thread started: Homepage Price Filter Users 1-52
2026-04-06 00:45:13,832 INFO o.a.j.t.JMeterThread: Thread started: Homepage Price Filter Users 1-53
2026-04-06 00:45:13,982 INFO o.a.j.t.JMeterThread: Thread started: Homepage Price Filter Users 1-54
2026-04-06 00:45:14,132 INFO o.a.j.t.JMeterThread: Thread started: Homepage Price Filter Users 1-55
2026-04-06 00:45:14,282 INFO o.a.j.t.JMeterThread: Thread started: Homepage Price Filter Users 1-56
2026-04-06 00:45:14,432 INFO o.a.j.t.JMeterThread: Thread started: Homepage Price Filter Users 1-57
2026-04-06 00:45:14,581 INFO o.a.j.t.JMeterThread: Thread started: Homepage Price Filter Users 1-58
2026-04-06 00:45:14,732 INFO o.a.j.t.JMeterThread: Thread started: Homepage Price Filter Users 1-59
2026-04-06 00:45:14,882 INFO o.a.j.t.JMeterThread: Thread started: Homepage Price Filter Users 1-60
2026-04-06 00:45:15,029 INFO o.a.j.t.JMeterThread: Thread started: Homepage Price Filter Users 1-61
2026-04-06 00:45:15,191 INFO o.a.j.t.JMeterThread: Thread started: Homepage Price Filter Users 1-62
2026-04-06 00:45:15,332 INFO o.a.j.t.JMeterThread: Thread started: Homepage Price Filter Users 1-63
2026-04-06 00:45:15,482 INFO o.a.j.t.JMeterThread: Thread started: Homepage Price Filter Users 1-64
2026-04-06 00:45:15,631 INFO o.a.j.t.JMeterThread: Thread started: Homepage Price Filter Users 1-65
2026-04-06 00:45:15,782 INFO o.a.j.t.JMeterThread: Thread started: Homepage Price Filter Users 1-66
2026-04-06 00:45:15,933 INFO o.a.j.t.JMeterThread: Thread started: Homepage Price Filter Users 1-67
2026-04-06 00:45:16,083 INFO o.a.j.t.JMeterThread: Thread started: Homepage Price Filter Users 1-68
2026-04-06 00:45:16,232 INFO o.a.j.t.JMeterThread: Thread started: Homepage Price Filter Users 1-69
2026-04-06 00:45:16,378 INFO o.a.j.t.JMeterThread: Thread started: Homepage Price Filter Users 1-70
2026-04-06 00:45:16,532 INFO o.a.j.t.JMeterThread: Thread started: Homepage Price Filter Users 1-71
2026-04-06 00:45:16,683 INFO o.a.j.t.JMeterThread: Thread started: Homepage Price Filter Users 1-72
2026-04-06 00:45:16,853 INFO o.a.j.t.JMeterThread: Thread started: Homepage Price Filter Users 1-73
2026-04-06 00:45:16,982 INFO o.a.j.t.JMeterThread: Thread started: Homepage Price Filter Users 1-74
2026-04-06 00:45:17,133 INFO o.a.j.t.JMeterThread: Thread started: Homepage Price Filter Users 1-75
2026-04-06 00:45:17,283 INFO o.a.j.t.JMeterThread: Thread started: Homepage Price Filter Users 1-76
2026-04-06 00:45:17,432 INFO o.a.j.t.JMeterThread: Thread started: Homepage Price Filter Users 1-77
2026-04-06 00:45:17,582 INFO o.a.j.t.JMeterThread: Thread started: Homepage Price Filter Users 1-78
2026-04-06 00:45:17,731 INFO o.a.j.t.JMeterThread: Thread started: Homepage Price Filter Users 1-79
2026-04-06 00:45:17,878 INFO o.a.j.t.JMeterThread: Thread started: Homepage Price Filter Users 1-80
2026-04-06 00:45:18,033 INFO o.a.j.t.JMeterThread: Thread started: Homepage Price Filter Users 1-81
2026-04-06 00:45:18,182 INFO o.a.j.t.JMeterThread: Thread started: Homepage Price Filter Users 1-82
2026-04-06 00:45:18,332 INFO o.a.j.t.JMeterThread: Thread started: Homepage Price Filter Users 1-83
2026-04-06 00:45:18,483 INFO o.a.j.t.JMeterThread: Thread started: Homepage Price Filter Users 1-84
2026-04-06 00:45:18,633 INFO o.a.j.t.JMeterThread: Thread started: Homepage Price Filter Users 1-85
2026-04-06 00:45:18,777 INFO o.a.j.t.JMeterThread: Thread started: Homepage Price Filter Users 1-86
2026-04-06 00:45:18,932 INFO o.a.j.t.JMeterThread: Thread started: Homepage Price Filter Users 1-87
2026-04-06 00:45:19,082 INFO o.a.j.t.JMeterThread: Thread started: Homepage Price Filter Users 1-88
2026-04-06 00:45:19,233 INFO o.a.j.t.JMeterThread: Thread started: Homepage Price Filter Users 1-89
2026-04-06 00:45:19,379 INFO o.a.j.t.JMeterThread: Thread started: Homepage Price Filter Users 1-90
2026-04-06 00:45:19,536 INFO o.a.j.t.JMeterThread: Thread started: Homepage Price Filter Users 1-91
2026-04-06 00:45:19,682 INFO o.a.j.t.JMeterThread: Thread started: Homepage Price Filter Users 1-92
2026-04-06 00:45:19,834 INFO o.a.j.t.JMeterThread: Thread started: Homepage Price Filter Users 1-93
2026-04-06 00:45:19,982 INFO o.a.j.t.JMeterThread: Thread started: Homepage Price Filter Users 1-94
2026-04-06 00:45:20,132 INFO o.a.j.t.JMeterThread: Thread started: Homepage Price Filter Users 1-95
2026-04-06 00:45:20,280 INFO o.a.j.t.JMeterThread: Thread started: Homepage Price Filter Users 1-96
2026-04-06 00:45:20,432 INFO o.a.j.t.JMeterThread: Thread started: Homepage Price Filter Users 1-97
2026-04-06 00:45:20,581 INFO o.a.j.t.JMeterThread: Thread started: Homepage Price Filter Users 1-98
2026-04-06 00:45:20,732 INFO o.a.j.t.JMeterThread: Thread started: Homepage Price Filter Users 1-99
2026-04-06 00:45:20,882 INFO o.a.j.t.JMeterThread: Thread started: Homepage Price Filter Users 1-100
2026-04-06 00:45:23,159 INFO o.a.j.t.JMeterThread: Thread finished: Homepage Price Filter Users 1-25
2026-04-06 00:45:23,214 INFO o.a.j.t.JMeterThread: Thread finished: Homepage Price Filter Users 1-14
2026-04-06 00:45:23,710 INFO o.a.j.t.JMeterThread: Thread finished: Homepage Price Filter Users 1-8
2026-04-06 00:45:24,161 INFO o.a.j.t.JMeterThread: Thread finished: Homepage Price Filter Users 1-91
2026-04-06 00:45:24,161 INFO o.a.j.t.JMeterThread: Thread finished: Homepage Price Filter Users 1-78
2026-04-06 00:45:24,163 INFO o.a.j.t.JMeterThread: Thread finished: Homepage Price Filter Users 1-30
2026-04-06 00:45:24,164 INFO o.a.j.t.JMeterThread: Thread finished: Homepage Price Filter Users 1-11
2026-04-06 00:45:24,171 INFO o.a.j.t.JMeterThread: Thread finished: Homepage Price Filter Users 1-58
2026-04-06 00:45:24,176 INFO o.a.j.t.JMeterThread: Thread finished: Homepage Price Filter Users 1-55
2026-04-06 00:45:24,177 INFO o.a.j.t.JMeterThread: Thread finished: Homepage Price Filter Users 1-48
2026-04-06 00:45:24,179 INFO o.a.j.t.JMeterThread: Thread finished: Homepage Price Filter Users 1-31
2026-04-06 00:45:24,179 INFO o.a.j.t.JMeterThread: Thread finished: Homepage Price Filter Users 1-76
2026-04-06 00:45:24,206 INFO o.a.j.t.JMeterThread: Thread finished: Homepage Price Filter Users 1-72
2026-04-06 00:45:24,219 INFO o.a.j.t.JMeterThread: Thread finished: Homepage Price Filter Users 1-19
2026-04-06 00:45:24,219 INFO o.a.j.t.JMeterThread: Thread finished: Homepage Price Filter Users 1-21
2026-04-06 00:45:24,219 INFO o.a.j.t.JMeterThread: Thread finished: Homepage Price Filter Users 1-49
2026-04-06 00:45:24,222 INFO o.a.j.t.JMeterThread: Thread finished: Homepage Price Filter Users 1-39
2026-04-06 00:45:24,222 INFO o.a.j.t.JMeterThread: Thread finished: Homepage Price Filter Users 1-83
2026-04-06 00:45:24,222 INFO o.a.j.t.JMeterThread: Thread finished: Homepage Price Filter Users 1-43
2026-04-06 00:45:24,257 INFO o.a.j.t.JMeterThread: Thread finished: Homepage Price Filter Users 1-9
2026-04-06 00:45:24,293 INFO o.a.j.t.JMeterThread: Thread finished: Homepage Price Filter Users 1-80
2026-04-06 00:45:24,320 INFO o.a.j.t.JMeterThread: Thread finished: Homepage Price Filter Users 1-89
2026-04-06 00:45:24,320 INFO o.a.j.t.JMeterThread: Thread finished: Homepage Price Filter Users 1-60
2026-04-06 00:45:24,411 INFO o.a.j.t.JMeterThread: Thread finished: Homepage Price Filter Users 1-81
2026-04-06 00:45:24,425 INFO o.a.j.t.JMeterThread: Thread finished: Homepage Price Filter Users 1-35
2026-04-06 00:45:24,427 INFO o.a.j.t.JMeterThread: Thread finished: Homepage Price Filter Users 1-82
2026-04-06 00:45:24,427 INFO o.a.j.t.JMeterThread: Thread finished: Homepage Price Filter Users 1-77
2026-04-06 00:45:24,457 INFO o.a.j.t.JMeterThread: Thread finished: Homepage Price Filter Users 1-24
2026-04-06 00:45:24,458 INFO o.a.j.t.JMeterThread: Thread finished: Homepage Price Filter Users 1-16
2026-04-06 00:45:24,504 INFO o.a.j.t.JMeterThread: Thread finished: Homepage Price Filter Users 1-4
2026-04-06 00:45:24,529 INFO o.a.j.t.JMeterThread: Thread finished: Homepage Price Filter Users 1-85
2026-04-06 00:45:24,590 INFO o.a.j.t.JMeterThread: Thread finished: Homepage Price Filter Users 1-15
2026-04-06 00:45:24,592 INFO o.a.j.t.JMeterThread: Thread finished: Homepage Price Filter Users 1-88
2026-04-06 00:45:24,591 INFO o.a.j.t.JMeterThread: Thread finished: Homepage Price Filter Users 1-28
2026-04-06 00:45:25,152 INFO o.a.j.t.JMeterThread: Thread finished: Homepage Price Filter Users 1-59
2026-04-06 00:45:25,152 INFO o.a.j.t.JMeterThread: Thread finished: Homepage Price Filter Users 1-42
2026-04-06 00:45:25,168 INFO o.a.j.t.JMeterThread: Thread finished: Homepage Price Filter Users 1-61
2026-04-06 00:45:25,168 INFO o.a.j.t.JMeterThread: Thread finished: Homepage Price Filter Users 1-64
2026-04-06 00:45:25,169 INFO o.a.j.t.JMeterThread: Thread finished: Homepage Price Filter Users 1-12
2026-04-06 00:45:25,169 INFO o.a.j.t.JMeterThread: Thread finished: Homepage Price Filter Users 1-90
2026-04-06 00:45:25,170 INFO o.a.j.t.JMeterThread: Thread finished: Homepage Price Filter Users 1-96
2026-04-06 00:45:25,172 INFO o.a.j.t.JMeterThread: Thread finished: Homepage Price Filter Users 1-26
2026-04-06 00:45:25,172 INFO o.a.j.t.JMeterThread: Thread finished: Homepage Price Filter Users 1-94
2026-04-06 00:45:25,173 INFO o.a.j.t.JMeterThread: Thread finished: Homepage Price Filter Users 1-95
2026-04-06 00:45:25,174 INFO o.a.j.t.JMeterThread: Thread finished: Homepage Price Filter Users 1-22
2026-04-06 00:45:25,175 INFO o.a.j.t.JMeterThread: Thread finished: Homepage Price Filter Users 1-56
2026-04-06 00:45:25,175 INFO o.a.j.t.JMeterThread: Thread finished: Homepage Price Filter Users 1-63
2026-04-06 00:45:25,176 INFO o.a.j.t.JMeterThread: Thread finished: Homepage Price Filter Users 1-5
2026-04-06 00:45:25,176 INFO o.a.j.t.JMeterThread: Thread finished: Homepage Price Filter Users 1-66
2026-04-06 00:45:25,177 INFO o.a.j.t.JMeterThread: Thread finished: Homepage Price Filter Users 1-97
2026-04-06 00:45:25,178 INFO o.a.j.t.JMeterThread: Thread finished: Homepage Price Filter Users 1-51
2026-04-06 00:45:25,182 INFO o.a.j.t.JMeterThread: Thread finished: Homepage Price Filter Users 1-99
2026-04-06 00:45:25,184 INFO o.a.j.t.JMeterThread: Thread finished: Homepage Price Filter Users 1-45
2026-04-06 00:45:25,185 INFO o.a.j.t.JMeterThread: Thread finished: Homepage Price Filter Users 1-27
2026-04-06 00:45:25,186 INFO o.a.j.t.JMeterThread: Thread finished: Homepage Price Filter Users 1-53
2026-04-06 00:45:25,234 INFO o.a.j.t.JMeterThread: Thread finished: Homepage Price Filter Users 1-10
2026-04-06 00:45:25,235 INFO o.a.j.t.JMeterThread: Thread finished: Homepage Price Filter Users 1-98
2026-04-06 00:45:25,249 INFO o.a.j.t.JMeterThread: Thread finished: Homepage Price Filter Users 1-57
2026-04-06 00:45:25,252 INFO o.a.j.t.JMeterThread: Thread finished: Homepage Price Filter Users 1-18
2026-04-06 00:45:25,281 INFO o.a.j.t.JMeterThread: Thread finished: Homepage Price Filter Users 1-46
2026-04-06 00:45:25,329 INFO o.a.j.t.JMeterThread: Thread finished: Homepage Price Filter Users 1-93
2026-04-06 00:45:25,345 INFO o.a.j.t.JMeterThread: Thread finished: Homepage Price Filter Users 1-17
2026-04-06 00:45:25,439 INFO o.a.j.t.JMeterThread: Thread finished: Homepage Price Filter Users 1-47
2026-04-06 00:45:25,439 INFO o.a.j.t.JMeterThread: Thread finished: Homepage Price Filter Users 1-67
2026-04-06 00:45:25,439 INFO o.a.j.t.JMeterThread: Thread finished: Homepage Price Filter Users 1-79
2026-04-06 00:45:25,439 INFO o.a.j.t.JMeterThread: Thread finished: Homepage Price Filter Users 1-2
2026-04-06 00:45:25,440 INFO o.a.j.t.JMeterThread: Thread finished: Homepage Price Filter Users 1-33
2026-04-06 00:45:25,442 INFO o.a.j.t.JMeterThread: Thread finished: Homepage Price Filter Users 1-38
2026-04-06 00:45:25,447 INFO o.a.j.t.JMeterThread: Thread finished: Homepage Price Filter Users 1-70
2026-04-06 00:45:25,495 INFO o.a.j.t.JMeterThread: Thread finished: Homepage Price Filter Users 1-100
2026-04-06 00:45:25,496 INFO o.a.j.t.JMeterThread: Thread finished: Homepage Price Filter Users 1-1
2026-04-06 00:45:25,536 INFO o.a.j.t.JMeterThread: Thread finished: Homepage Price Filter Users 1-62
2026-04-06 00:45:25,540 INFO o.a.j.t.JMeterThread: Thread finished: Homepage Price Filter Users 1-69
2026-04-06 00:45:25,551 INFO o.a.j.t.JMeterThread: Thread finished: Homepage Price Filter Users 1-68
2026-04-06 00:45:25,571 INFO o.a.j.t.JMeterThread: Thread finished: Homepage Price Filter Users 1-52
2026-04-06 00:45:25,584 INFO o.a.j.t.JMeterThread: Thread finished: Homepage Price Filter Users 1-50
2026-04-06 00:45:25,585 INFO o.a.j.t.JMeterThread: Thread finished: Homepage Price Filter Users 1-13
2026-04-06 00:45:25,598 INFO o.a.j.t.JMeterThread: Thread finished: Homepage Price Filter Users 1-86
2026-04-06 00:45:26,166 INFO o.a.j.t.JMeterThread: Stopping because end time detected by thread: Homepage Price Filter Users 1-20
2026-04-06 00:45:26,166 INFO o.a.j.t.JMeterThread: Stopping because end time detected by thread: Homepage Price Filter Users 1-36
2026-04-06 00:45:26,166 INFO o.a.j.t.JMeterThread: Stopping because end time detected by thread: Homepage Price Filter Users 1-40
2026-04-06 00:45:26,167 INFO o.a.j.t.JMeterThread: Thread finished: Homepage Price Filter Users 1-20
2026-04-06 00:45:26,167 INFO o.a.j.t.JMeterThread: Thread finished: Homepage Price Filter Users 1-40
2026-04-06 00:45:26,167 INFO o.a.j.t.JMeterThread: Thread finished: Homepage Price Filter Users 1-36
2026-04-06 00:45:26,168 INFO o.a.j.t.JMeterThread: Stopping because end time detected by thread: Homepage Price Filter Users 1-73
2026-04-06 00:45:26,168 INFO o.a.j.t.JMeterThread: Thread finished: Homepage Price Filter Users 1-73
2026-04-06 00:45:26,169 INFO o.a.j.t.JMeterThread: Stopping because end time detected by thread: Homepage Price Filter Users 1-74
2026-04-06 00:45:26,170 INFO o.a.j.t.JMeterThread: Thread finished: Homepage Price Filter Users 1-74
2026-04-06 00:45:26,170 INFO o.a.j.t.JMeterThread: Stopping because end time detected by thread: Homepage Price Filter Users 1-41
2026-04-06 00:45:26,170 INFO o.a.j.t.JMeterThread: Thread finished: Homepage Price Filter Users 1-41
2026-04-06 00:45:26,170 INFO o.a.j.t.JMeterThread: Stopping because end time detected by thread: Homepage Price Filter Users 1-7
2026-04-06 00:45:26,170 INFO o.a.j.t.JMeterThread: Thread finished: Homepage Price Filter Users 1-7
2026-04-06 00:45:26,171 INFO o.a.j.t.JMeterThread: Stopping because end time detected by thread: Homepage Price Filter Users 1-75
2026-04-06 00:45:26,171 INFO o.a.j.t.JMeterThread: Thread finished: Homepage Price Filter Users 1-75
2026-04-06 00:45:26,171 INFO o.a.j.t.JMeterThread: Stopping because end time detected by thread: Homepage Price Filter Users 1-71
2026-04-06 00:45:26,171 INFO o.a.j.t.JMeterThread: Stopping because end time detected by thread: Homepage Price Filter Users 1-3
2026-04-06 00:45:26,171 INFO o.a.j.t.JMeterThread: Thread finished: Homepage Price Filter Users 1-3
2026-04-06 00:45:26,171 INFO o.a.j.t.JMeterThread: Thread finished: Homepage Price Filter Users 1-71
2026-04-06 00:45:26,174 INFO o.a.j.t.JMeterThread: Stopping because end time detected by thread: Homepage Price Filter Users 1-44
2026-04-06 00:45:26,174 INFO o.a.j.t.JMeterThread: Thread finished: Homepage Price Filter Users 1-44
2026-04-06 00:45:26,174 INFO o.a.j.t.JMeterThread: Stopping because end time detected by thread: Homepage Price Filter Users 1-29
2026-04-06 00:45:26,174 INFO o.a.j.t.JMeterThread: Thread finished: Homepage Price Filter Users 1-29
2026-04-06 00:45:26,174 INFO o.a.j.t.JMeterThread: Stopping because end time detected by thread: Homepage Price Filter Users 1-54
2026-04-06 00:45:26,175 INFO o.a.j.t.JMeterThread: Thread finished: Homepage Price Filter Users 1-54
2026-04-06 00:45:26,177 INFO o.a.j.t.JMeterThread: Stopping because end time detected by thread: Homepage Price Filter Users 1-87
2026-04-06 00:45:26,177 INFO o.a.j.t.JMeterThread: Thread finished: Homepage Price Filter Users 1-87
2026-04-06 00:45:26,177 INFO o.a.j.t.JMeterThread: Stopping because end time detected by thread: Homepage Price Filter Users 1-34
2026-04-06 00:45:26,177 INFO o.a.j.t.JMeterThread: Thread finished: Homepage Price Filter Users 1-34
2026-04-06 00:45:26,177 INFO o.a.j.t.JMeterThread: Stopping because end time detected by thread: Homepage Price Filter Users 1-37
2026-04-06 00:45:26,177 INFO o.a.j.t.JMeterThread: Stopping because end time detected by thread: Homepage Price Filter Users 1-23
2026-04-06 00:45:26,177 INFO o.a.j.t.JMeterThread: Thread finished: Homepage Price Filter Users 1-23
2026-04-06 00:45:26,177 INFO o.a.j.t.JMeterThread: Stopping because end time detected by thread: Homepage Price Filter Users 1-65
2026-04-06 00:45:26,177 INFO o.a.j.t.JMeterThread: Stopping because end time detected by thread: Homepage Price Filter Users 1-84
2026-04-06 00:45:26,177 INFO o.a.j.t.JMeterThread: Stopping because end time detected by thread: Homepage Price Filter Users 1-32
2026-04-06 00:45:26,178 INFO o.a.j.t.JMeterThread: Thread finished: Homepage Price Filter Users 1-65
2026-04-06 00:45:26,178 INFO o.a.j.t.JMeterThread: Thread finished: Homepage Price Filter Users 1-32
2026-04-06 00:45:26,177 INFO o.a.j.t.JMeterThread: Thread finished: Homepage Price Filter Users 1-37
2026-04-06 00:45:26,178 INFO o.a.j.t.JMeterThread: Thread finished: Homepage Price Filter Users 1-84
2026-04-06 00:45:26,182 INFO o.a.j.t.JMeterThread: Stopping because end time detected by thread: Homepage Price Filter Users 1-6
2026-04-06 00:45:26,182 INFO o.a.j.t.JMeterThread: Thread finished: Homepage Price Filter Users 1-6
2026-04-06 00:45:26,238 INFO o.a.j.t.JMeterThread: Stopping because end time detected by thread: Homepage Price Filter Users 1-92
2026-04-06 00:45:26,238 INFO o.a.j.t.JMeterThread: Thread finished: Homepage Price Filter Users 1-92
2026-04-06 00:45:26,238 INFO o.a.j.e.StandardJMeterEngine: Notifying test listeners of end of test
2026-04-06 00:45:26,239 INFO o.a.j.r.Summariser: summary =    520 in 00:00:20 =   25.7/s Avg:   247 Min:   171 Max:   717 Err:     0 (0.00%)
