2026-04-06 00:45:41,529 INFO o.a.j.u.JMeterUtils: Setting Locale to en_EN
2026-04-06 00:45:41,548 INFO o.a.j.JMeter: Loading user properties from: /opt/homebrew/Cellar/jmeter/5.6.3/libexec/bin/user.properties
2026-04-06 00:45:41,549 INFO o.a.j.JMeter: Loading system properties from: /opt/homebrew/Cellar/jmeter/5.6.3/libexec/bin/system.properties
2026-04-06 00:45:41,549 INFO o.a.j.JMeter: Setting JMeter property: host=localhost
2026-04-06 00:45:41,549 INFO o.a.j.JMeter: Setting JMeter property: port=6060
2026-04-06 00:45:41,549 INFO o.a.j.JMeter: Setting JMeter property: login.users=100
2026-04-06 00:45:41,549 INFO o.a.j.JMeter: Setting JMeter property: login.ramp=15
2026-04-06 00:45:41,549 INFO o.a.j.JMeter: Setting JMeter property: duration=20
2026-04-06 00:45:41,549 INFO o.a.j.JMeter: Setting JMeter property: delay=0
2026-04-06 00:45:41,549 INFO o.a.j.JMeter: Setting JMeter property: jmeter.save.saveservice.output_format=csv
2026-04-06 00:45:41,554 INFO o.a.j.JMeter: Copyright (c) 1998-2024 The Apache Software Foundation
2026-04-06 00:45:41,554 INFO o.a.j.JMeter: Version 5.6.3
2026-04-06 00:45:41,554 INFO o.a.j.JMeter: java.version=21.0.10
2026-04-06 00:45:41,554 INFO o.a.j.JMeter: java.vm.name=OpenJDK 64-Bit Server VM
2026-04-06 00:45:41,554 INFO o.a.j.JMeter: os.name=Mac OS X
2026-04-06 00:45:41,554 INFO o.a.j.JMeter: os.arch=aarch64
2026-04-06 00:45:41,554 INFO o.a.j.JMeter: os.version=14.5
2026-04-06 00:45:41,554 INFO o.a.j.JMeter: file.encoding=UTF-8
2026-04-06 00:45:41,554 INFO o.a.j.JMeter: java.awt.headless=true
2026-04-06 00:45:41,554 INFO o.a.j.JMeter: Max memory     =1073741824
2026-04-06 00:45:41,554 INFO o.a.j.JMeter: Available Processors =8
2026-04-06 00:45:41,563 INFO o.a.j.JMeter: Default Locale=English (EN)
2026-04-06 00:45:41,563 INFO o.a.j.JMeter: JMeter  Locale=English (EN)
2026-04-06 00:45:41,563 INFO o.a.j.JMeter: JMeterHome=/opt/homebrew/Cellar/jmeter/5.6.3/libexec
2026-04-06 00:45:41,563 INFO o.a.j.JMeter: user.dir  =/Users/lowhanlynn/Documents/4218/cs4218-2520-ecom-project-c24218-2520-team07
2026-04-06 00:45:41,563 INFO o.a.j.JMeter: PWD       =/Users/lowhanlynn/Documents/4218/cs4218-2520-ecom-project-c24218-2520-team07
2026-04-06 00:45:41,564 INFO o.a.j.JMeter: IP: 127.0.0.1 Name: Lows-MacBook-Air-4.local FullName: localhost
2026-04-06 00:45:41,576 INFO o.a.j.s.FileServer: Default base='/Users/lowhanlynn/Documents/4218/cs4218-2520-ecom-project-c24218-2520-team07'
2026-04-06 00:45:41,577 INFO o.a.j.s.FileServer: Set new base='/Users/lowhanlynn/Documents/4218/cs4218-2520-ecom-project-c24218-2520-team07/load-testing'
2026-04-06 00:45:41,757 INFO o.a.j.s.SaveService: Testplan (JMX) version: 2.2. Testlog (JTL) version: 2.2
2026-04-06 00:45:41,849 INFO o.a.j.s.SaveService: Using SaveService properties version 5.0
2026-04-06 00:45:41,861 INFO o.a.j.s.SaveService: Using SaveService properties file encoding UTF-8
2026-04-06 00:45:41,863 INFO o.a.j.s.SaveService: Loading file: load-testing/login.jmx
2026-04-06 00:45:41,919 INFO o.a.j.p.h.s.HTTPSamplerBase: Parser for text/html is org.apache.jmeter.protocol.http.parser.LagartoBasedHtmlParser
2026-04-06 00:45:41,920 INFO o.a.j.p.h.s.HTTPSamplerBase: Parser for application/xhtml+xml is org.apache.jmeter.protocol.http.parser.LagartoBasedHtmlParser
2026-04-06 00:45:41,920 INFO o.a.j.p.h.s.HTTPSamplerBase: Parser for application/xml is org.apache.jmeter.protocol.http.parser.LagartoBasedHtmlParser
2026-04-06 00:45:41,920 INFO o.a.j.p.h.s.HTTPSamplerBase: Parser for text/xml is org.apache.jmeter.protocol.http.parser.LagartoBasedHtmlParser
2026-04-06 00:45:41,920 INFO o.a.j.p.h.s.HTTPSamplerBase: Parser for text/vnd.wap.wml is org.apache.jmeter.protocol.http.parser.RegexpHTMLParser
2026-04-06 00:45:41,920 INFO o.a.j.p.h.s.HTTPSamplerBase: Parser for text/css is org.apache.jmeter.protocol.http.parser.CssParser
2026-04-06 00:45:41,952 INFO o.a.j.JMeter: Creating summariser <summary>
2026-04-06 00:45:41,969 INFO o.a.j.e.StandardJMeterEngine: Running the test!
2026-04-06 00:45:41,970 INFO o.a.j.s.SampleEvent: List of sample_variables: []
2026-04-06 00:45:41,970 INFO o.a.j.s.SampleEvent: List of sample_variables: []
2026-04-06 00:45:41,973 INFO o.a.j.e.u.CompoundVariable: Note: Function class names must contain the string: '.functions.'
2026-04-06 00:45:41,974 INFO o.a.j.e.u.CompoundVariable: Note: Function class names must not contain the string: '.gui.'
2026-04-06 00:45:42,024 INFO o.a.j.r.ClassFinder: Will scan jar /opt/homebrew/Cellar/jmeter/5.6.3/libexec/lib/ext/jmeter-plugins-manager-1.9.jar with filter ExtendsClassFilter [parents=[interface org.apache.jmeter.functions.Function], inner=false, contains=null, notContains=null]. Consider exposing JMeter plugins via META-INF/services, and add JMeter-Skip-Class-Scanning=true manifest attribute so JMeter can skip classfile scanning
2026-04-06 00:45:42,150 INFO o.a.j.JMeter: Running test (1775407542150)
2026-04-06 00:45:42,164 INFO o.a.j.e.StandardJMeterEngine: Starting ThreadGroup: 1 : Login Users
2026-04-06 00:45:42,164 INFO o.a.j.e.StandardJMeterEngine: Starting 100 threads for group Login Users.
2026-04-06 00:45:42,164 INFO o.a.j.e.StandardJMeterEngine: Thread will continue on error
2026-04-06 00:45:42,164 INFO o.a.j.t.ThreadGroup: Starting thread group... number=1 threads=100 ramp-up=15 delayedStart=false
2026-04-06 00:45:42,246 INFO o.a.j.t.JMeterThread: Thread started: Login Users 1-1
2026-04-06 00:45:42,247 INFO o.a.j.s.FileServer: Stored: load-testing/data/users.csv
2026-04-06 00:45:42,340 INFO o.a.j.t.ThreadGroup: Started thread group number 1
2026-04-06 00:45:42,345 INFO o.a.j.e.StandardJMeterEngine: All thread groups have been started
2026-04-06 00:45:42,400 INFO o.a.j.t.JMeterThread: Thread started: Login Users 1-2
2026-04-06 00:45:42,548 INFO o.a.j.t.JMeterThread: Thread started: Login Users 1-3
2026-04-06 00:45:42,692 INFO o.a.j.t.JMeterThread: Thread started: Login Users 1-4
2026-04-06 00:45:42,841 INFO o.a.j.t.JMeterThread: Thread started: Login Users 1-5
2026-04-06 00:45:42,995 INFO o.a.j.t.JMeterThread: Thread started: Login Users 1-6
2026-04-06 00:45:43,024 INFO o.a.j.p.h.s.HTTPHCAbstractImpl: Local host = Lows-MacBook-Air-4.local
2026-04-06 00:45:43,031 INFO o.a.j.p.h.s.HTTPHC4Impl: HTTP request retry count = 0
2026-04-06 00:45:43,032 INFO o.a.j.s.SampleResult: Note: Sample TimeStamps are START times
2026-04-06 00:45:43,032 INFO o.a.j.s.SampleResult: sampleresult.default.encoding is set to UTF-8
2026-04-06 00:45:43,032 INFO o.a.j.s.SampleResult: sampleresult.useNanoTime=true
2026-04-06 00:45:43,032 INFO o.a.j.s.SampleResult: sampleresult.nanoThreadSleep=5000
2026-04-06 00:45:43,097 INFO o.a.j.t.JMeterThread: Thread started: Login Users 1-7
2026-04-06 00:45:43,250 INFO o.a.j.t.JMeterThread: Thread started: Login Users 1-8
2026-04-06 00:45:43,371 INFO o.a.j.t.JMeterThread: Thread started: Login Users 1-9
2026-04-06 00:45:43,524 INFO o.a.j.t.JMeterThread: Thread started: Login Users 1-10
2026-04-06 00:45:43,666 INFO o.a.j.t.JMeterThread: Thread started: Login Users 1-11
2026-04-06 00:45:43,831 INFO o.a.j.t.JMeterThread: Thread started: Login Users 1-12
2026-04-06 00:45:43,979 INFO o.a.j.t.JMeterThread: Thread started: Login Users 1-13
2026-04-06 00:45:44,121 INFO o.a.j.t.JMeterThread: Thread started: Login Users 1-14
2026-04-06 00:45:44,270 INFO o.a.j.t.JMeterThread: Thread started: Login Users 1-15
2026-04-06 00:45:44,415 INFO o.a.j.t.JMeterThread: Thread started: Login Users 1-16
2026-04-06 00:45:44,569 INFO o.a.j.t.JMeterThread: Thread started: Login Users 1-17
2026-04-06 00:45:44,720 INFO o.a.j.t.JMeterThread: Thread started: Login Users 1-18
2026-04-06 00:45:44,865 INFO o.a.j.t.JMeterThread: Thread started: Login Users 1-19
2026-04-06 00:45:45,019 INFO o.a.j.t.JMeterThread: Thread started: Login Users 1-20
2026-04-06 00:45:45,172 INFO o.a.j.t.JMeterThread: Thread started: Login Users 1-21
2026-04-06 00:45:45,317 INFO o.a.j.t.JMeterThread: Thread started: Login Users 1-22
2026-04-06 00:45:45,465 INFO o.a.j.t.JMeterThread: Thread started: Login Users 1-23
2026-04-06 00:45:45,616 INFO o.a.j.t.JMeterThread: Thread started: Login Users 1-24
2026-04-06 00:45:45,765 INFO o.a.j.t.JMeterThread: Thread started: Login Users 1-25
2026-04-06 00:45:45,925 INFO o.a.j.t.JMeterThread: Thread started: Login Users 1-26
2026-04-06 00:45:46,070 INFO o.a.j.t.JMeterThread: Thread started: Login Users 1-27
2026-04-06 00:45:46,227 INFO o.a.j.t.JMeterThread: Thread started: Login Users 1-28
2026-04-06 00:45:46,370 INFO o.a.j.t.JMeterThread: Thread started: Login Users 1-29
2026-04-06 00:45:46,520 INFO o.a.j.t.JMeterThread: Thread started: Login Users 1-30
2026-04-06 00:45:46,665 INFO o.a.j.t.JMeterThread: Thread started: Login Users 1-31
2026-04-06 00:45:46,819 INFO o.a.j.t.JMeterThread: Thread started: Login Users 1-32
2026-04-06 00:45:46,971 INFO o.a.j.t.JMeterThread: Thread started: Login Users 1-33
2026-04-06 00:45:47,120 INFO o.a.j.t.JMeterThread: Thread started: Login Users 1-34
2026-04-06 00:45:47,268 INFO o.a.j.t.JMeterThread: Thread started: Login Users 1-35
2026-04-06 00:45:47,416 INFO o.a.j.t.JMeterThread: Thread started: Login Users 1-36
2026-04-06 00:45:47,566 INFO o.a.j.t.JMeterThread: Thread started: Login Users 1-37
2026-04-06 00:45:47,720 INFO o.a.j.t.JMeterThread: Thread started: Login Users 1-38
2026-04-06 00:45:47,867 INFO o.a.j.t.JMeterThread: Thread started: Login Users 1-39
2026-04-06 00:45:48,016 INFO o.a.j.t.JMeterThread: Thread started: Login Users 1-40
2026-04-06 00:45:48,168 INFO o.a.j.t.JMeterThread: Thread started: Login Users 1-41
2026-04-06 00:45:48,315 INFO o.a.j.t.JMeterThread: Thread started: Login Users 1-42
2026-04-06 00:45:48,468 INFO o.a.j.t.JMeterThread: Thread started: Login Users 1-43
2026-04-06 00:45:48,615 INFO o.a.j.t.JMeterThread: Thread started: Login Users 1-44
2026-04-06 00:45:48,770 INFO o.a.j.t.JMeterThread: Thread started: Login Users 1-45
2026-04-06 00:45:48,918 INFO o.a.j.t.JMeterThread: Thread started: Login Users 1-46
2026-04-06 00:45:49,076 INFO o.a.j.t.JMeterThread: Thread started: Login Users 1-47
2026-04-06 00:45:49,216 INFO o.a.j.t.JMeterThread: Thread started: Login Users 1-48
2026-04-06 00:45:49,373 INFO o.a.j.t.JMeterThread: Thread started: Login Users 1-49
2026-04-06 00:45:49,520 INFO o.a.j.t.JMeterThread: Thread started: Login Users 1-50
2026-04-06 00:45:49,666 INFO o.a.j.t.JMeterThread: Thread started: Login Users 1-51
2026-04-06 00:45:49,823 INFO o.a.j.t.JMeterThread: Thread started: Login Users 1-52
2026-04-06 00:45:49,974 INFO o.a.j.t.JMeterThread: Thread started: Login Users 1-53
2026-04-06 00:45:50,114 INFO o.a.j.t.JMeterThread: Thread started: Login Users 1-54
2026-04-06 00:45:50,271 INFO o.a.j.t.JMeterThread: Thread started: Login Users 1-55
2026-04-06 00:45:50,421 INFO o.a.j.t.JMeterThread: Thread started: Login Users 1-56
2026-04-06 00:45:50,584 INFO o.a.j.t.JMeterThread: Thread started: Login Users 1-57
2026-04-06 00:45:50,714 INFO o.a.j.t.JMeterThread: Thread started: Login Users 1-58
2026-04-06 00:45:50,871 INFO o.a.j.t.JMeterThread: Thread started: Login Users 1-59
2026-04-06 00:45:51,016 INFO o.a.j.t.JMeterThread: Thread started: Login Users 1-60
2026-04-06 00:45:51,172 INFO o.a.j.t.JMeterThread: Thread started: Login Users 1-61
2026-04-06 00:45:51,317 INFO o.a.j.t.JMeterThread: Thread started: Login Users 1-62
2026-04-06 00:45:51,484 INFO o.a.j.t.JMeterThread: Thread started: Login Users 1-63
2026-04-06 00:45:51,616 INFO o.a.j.t.JMeterThread: Thread started: Login Users 1-64
2026-04-06 00:45:51,771 INFO o.a.j.t.JMeterThread: Thread started: Login Users 1-65
2026-04-06 00:45:51,920 INFO o.a.j.t.JMeterThread: Thread started: Login Users 1-66
2026-04-06 00:45:52,065 INFO o.a.j.t.JMeterThread: Thread started: Login Users 1-67
2026-04-06 00:45:52,215 INFO o.a.j.t.JMeterThread: Thread started: Login Users 1-68
2026-04-06 00:45:52,366 INFO o.a.j.t.JMeterThread: Thread started: Login Users 1-69
2026-04-06 00:45:52,515 INFO o.a.j.t.JMeterThread: Thread started: Login Users 1-70
2026-04-06 00:45:52,667 INFO o.a.j.t.JMeterThread: Thread started: Login Users 1-71
2026-04-06 00:45:52,824 INFO o.a.j.t.JMeterThread: Thread started: Login Users 1-72
2026-04-06 00:45:52,983 INFO o.a.j.t.JMeterThread: Thread started: Login Users 1-73
2026-04-06 00:45:53,116 INFO o.a.j.t.JMeterThread: Thread started: Login Users 1-74
2026-04-06 00:45:53,280 INFO o.a.j.t.JMeterThread: Thread started: Login Users 1-75
2026-04-06 00:45:53,417 INFO o.a.j.t.JMeterThread: Thread started: Login Users 1-76
2026-04-06 00:45:53,567 INFO o.a.j.t.JMeterThread: Thread started: Login Users 1-77
2026-04-06 00:45:53,715 INFO o.a.j.t.JMeterThread: Thread started: Login Users 1-78
2026-04-06 00:45:53,865 INFO o.a.j.t.JMeterThread: Thread started: Login Users 1-79
2026-04-06 00:45:54,018 INFO o.a.j.t.JMeterThread: Thread started: Login Users 1-80
2026-04-06 00:45:54,170 INFO o.a.j.t.JMeterThread: Thread started: Login Users 1-81
2026-04-06 00:45:54,315 INFO o.a.j.t.JMeterThread: Thread started: Login Users 1-82
2026-04-06 00:45:54,469 INFO o.a.j.t.JMeterThread: Thread started: Login Users 1-83
2026-04-06 00:45:54,618 INFO o.a.j.t.JMeterThread: Thread started: Login Users 1-84
2026-04-06 00:45:54,770 INFO o.a.j.t.JMeterThread: Thread started: Login Users 1-85
2026-04-06 00:45:54,918 INFO o.a.j.t.JMeterThread: Thread started: Login Users 1-86
2026-04-06 00:45:55,064 INFO o.a.j.t.JMeterThread: Thread started: Login Users 1-87
2026-04-06 00:45:55,215 INFO o.a.j.t.JMeterThread: Thread started: Login Users 1-88
2026-04-06 00:45:55,365 INFO o.a.j.t.JMeterThread: Thread started: Login Users 1-89
2026-04-06 00:45:55,516 INFO o.a.j.t.JMeterThread: Thread started: Login Users 1-90
2026-04-06 00:45:55,667 INFO o.a.j.t.JMeterThread: Thread started: Login Users 1-91
2026-04-06 00:45:55,818 INFO o.a.j.t.JMeterThread: Thread started: Login Users 1-92
2026-04-06 00:45:55,969 INFO o.a.j.t.JMeterThread: Thread started: Login Users 1-93
2026-04-06 00:45:56,117 INFO o.a.j.t.JMeterThread: Thread started: Login Users 1-94
2026-04-06 00:45:56,268 INFO o.a.j.t.JMeterThread: Thread started: Login Users 1-95
2026-04-06 00:45:56,417 INFO o.a.j.t.JMeterThread: Thread started: Login Users 1-96
2026-04-06 00:45:56,570 INFO o.a.j.t.JMeterThread: Thread started: Login Users 1-97
2026-04-06 00:45:56,717 INFO o.a.j.t.JMeterThread: Thread started: Login Users 1-98
2026-04-06 00:45:56,866 INFO o.a.j.t.JMeterThread: Thread started: Login Users 1-99
2026-04-06 00:45:57,019 INFO o.a.j.t.JMeterThread: Thread started: Login Users 1-100
2026-04-06 00:46:00,071 INFO o.a.j.r.Summariser: summary +    369 in 00:00:18 =   20.6/s Avg:   416 Min:   233 Max:  1063 Err:     0 (0.00%) Active: 100 Started: 100 Finished: 0
2026-04-06 00:46:00,153 INFO o.a.j.t.JMeterThread: Thread finished: Login Users 1-72
2026-04-06 00:46:00,282 INFO o.a.j.t.JMeterThread: Thread finished: Login Users 1-48
2026-04-06 00:46:00,313 INFO o.a.j.t.JMeterThread: Thread finished: Login Users 1-61
2026-04-06 00:46:00,358 INFO o.a.j.t.JMeterThread: Thread finished: Login Users 1-44
2026-04-06 00:46:00,465 INFO o.a.j.t.JMeterThread: Thread finished: Login Users 1-15
2026-04-06 00:46:00,498 INFO o.a.j.t.JMeterThread: Thread finished: Login Users 1-81
2026-04-06 00:46:00,591 INFO o.a.j.t.JMeterThread: Thread finished: Login Users 1-87
2026-04-06 00:46:00,627 INFO o.a.j.t.JMeterThread: Thread finished: Login Users 1-4
2026-04-06 00:46:00,688 INFO o.a.j.t.JMeterThread: Thread finished: Login Users 1-85
2026-04-06 00:46:00,720 INFO o.a.j.t.JMeterThread: Thread finished: Login Users 1-43
2026-04-06 00:46:00,754 INFO o.a.j.t.JMeterThread: Thread finished: Login Users 1-14
2026-04-06 00:46:00,765 INFO o.a.j.t.JMeterThread: Thread finished: Login Users 1-88
2026-04-06 00:46:00,773 INFO o.a.j.t.JMeterThread: Thread finished: Login Users 1-84
2026-04-06 00:46:00,787 INFO o.a.j.t.JMeterThread: Thread finished: Login Users 1-1
2026-04-06 00:46:00,819 INFO o.a.j.t.JMeterThread: Thread finished: Login Users 1-89
2026-04-06 00:46:00,833 INFO o.a.j.t.JMeterThread: Thread finished: Login Users 1-52
2026-04-06 00:46:00,837 INFO o.a.j.t.JMeterThread: Thread finished: Login Users 1-93
2026-04-06 00:46:00,851 INFO o.a.j.t.JMeterThread: Thread finished: Login Users 1-80
2026-04-06 00:46:00,909 INFO o.a.j.t.JMeterThread: Thread finished: Login Users 1-17
2026-04-06 00:46:00,985 INFO o.a.j.t.JMeterThread: Thread finished: Login Users 1-20
2026-04-06 00:46:00,993 INFO o.a.j.t.JMeterThread: Thread finished: Login Users 1-75
2026-04-06 00:46:01,025 INFO o.a.j.t.JMeterThread: Thread finished: Login Users 1-60
2026-04-06 00:46:01,055 INFO o.a.j.t.JMeterThread: Thread finished: Login Users 1-74
2026-04-06 00:46:01,088 INFO o.a.j.t.JMeterThread: Thread finished: Login Users 1-71
2026-04-06 00:46:01,112 INFO o.a.j.t.JMeterThread: Thread finished: Login Users 1-30
2026-04-06 00:46:01,122 INFO o.a.j.t.JMeterThread: Thread finished: Login Users 1-13
2026-04-06 00:46:01,176 INFO o.a.j.t.JMeterThread: Thread finished: Login Users 1-36
2026-04-06 00:46:01,188 INFO o.a.j.t.JMeterThread: Thread finished: Login Users 1-77
2026-04-06 00:46:01,236 INFO o.a.j.t.JMeterThread: Thread finished: Login Users 1-73
2026-04-06 00:46:01,332 INFO o.a.j.t.JMeterThread: Thread finished: Login Users 1-58
2026-04-06 00:46:01,363 INFO o.a.j.t.JMeterThread: Thread finished: Login Users 1-62
2026-04-06 00:46:01,382 INFO o.a.j.t.JMeterThread: Thread finished: Login Users 1-92
2026-04-06 00:46:01,444 INFO o.a.j.t.JMeterThread: Thread finished: Login Users 1-100
2026-04-06 00:46:01,450 INFO o.a.j.t.JMeterThread: Thread finished: Login Users 1-54
2026-04-06 00:46:01,505 INFO o.a.j.t.JMeterThread: Thread finished: Login Users 1-7
2026-04-06 00:46:01,512 INFO o.a.j.t.JMeterThread: Thread finished: Login Users 1-6
2026-04-06 00:46:01,515 INFO o.a.j.t.JMeterThread: Thread finished: Login Users 1-21
2026-04-06 00:46:01,567 INFO o.a.j.t.JMeterThread: Thread finished: Login Users 1-40
2026-04-06 00:46:01,574 INFO o.a.j.t.JMeterThread: Thread finished: Login Users 1-57
2026-04-06 00:46:01,580 INFO o.a.j.t.JMeterThread: Thread finished: Login Users 1-32
2026-04-06 00:46:01,641 INFO o.a.j.t.JMeterThread: Thread finished: Login Users 1-55
2026-04-06 00:46:01,661 INFO o.a.j.t.JMeterThread: Thread finished: Login Users 1-11
2026-04-06 00:46:01,669 INFO o.a.j.t.JMeterThread: Thread finished: Login Users 1-50
2026-04-06 00:46:01,672 INFO o.a.j.t.JMeterThread: Thread finished: Login Users 1-64
2026-04-06 00:46:01,702 INFO o.a.j.t.JMeterThread: Thread finished: Login Users 1-39
2026-04-06 00:46:01,723 INFO o.a.j.t.JMeterThread: Thread finished: Login Users 1-33
2026-04-06 00:46:01,730 INFO o.a.j.t.JMeterThread: Thread finished: Login Users 1-70
2026-04-06 00:46:01,804 INFO o.a.j.t.JMeterThread: Thread finished: Login Users 1-47
2026-04-06 00:46:01,808 INFO o.a.j.t.JMeterThread: Thread finished: Login Users 1-35
2026-04-06 00:46:01,834 INFO o.a.j.t.JMeterThread: Thread finished: Login Users 1-29
2026-04-06 00:46:01,858 INFO o.a.j.t.JMeterThread: Thread finished: Login Users 1-76
2026-04-06 00:46:01,863 INFO o.a.j.t.JMeterThread: Thread finished: Login Users 1-9
2026-04-06 00:46:01,896 INFO o.a.j.t.JMeterThread: Thread finished: Login Users 1-90
2026-04-06 00:46:01,956 INFO o.a.j.t.JMeterThread: Thread finished: Login Users 1-23
2026-04-06 00:46:01,960 INFO o.a.j.t.JMeterThread: Thread finished: Login Users 1-18
2026-04-06 00:46:01,968 INFO o.a.j.t.JMeterThread: Thread finished: Login Users 1-22
2026-04-06 00:46:01,985 INFO o.a.j.t.JMeterThread: Thread finished: Login Users 1-46
2026-04-06 00:46:02,017 INFO o.a.j.t.JMeterThread: Thread finished: Login Users 1-78
2026-04-06 00:46:02,022 INFO o.a.j.t.JMeterThread: Thread finished: Login Users 1-24
2026-04-06 00:46:02,048 INFO o.a.j.t.JMeterThread: Thread finished: Login Users 1-5
2026-04-06 00:46:02,087 INFO o.a.j.t.JMeterThread: Thread finished: Login Users 1-68
2026-04-06 00:46:02,112 INFO o.a.j.t.JMeterThread: Thread finished: Login Users 1-67
2026-04-06 00:46:02,144 INFO o.a.j.t.JMeterThread: Thread finished: Login Users 1-25
2026-04-06 00:46:02,147 INFO o.a.j.t.JMeterThread: Thread finished: Login Users 1-59
2026-04-06 00:46:02,236 INFO o.a.j.t.JMeterThread: Stopping because end time detected by thread: Login Users 1-3
2026-04-06 00:46:02,236 INFO o.a.j.t.JMeterThread: Thread finished: Login Users 1-3
2026-04-06 00:46:02,244 INFO o.a.j.t.JMeterThread: Thread finished: Login Users 1-42
2026-04-06 00:46:02,296 INFO o.a.j.t.JMeterThread: Stopping because end time detected by thread: Login Users 1-31
2026-04-06 00:46:02,296 INFO o.a.j.t.JMeterThread: Thread finished: Login Users 1-31
2026-04-06 00:46:02,313 INFO o.a.j.t.JMeterThread: Thread finished: Login Users 1-56
2026-04-06 00:46:02,329 INFO o.a.j.t.JMeterThread: Stopping because end time detected by thread: Login Users 1-12
2026-04-06 00:46:02,329 INFO o.a.j.t.JMeterThread: Thread finished: Login Users 1-12
2026-04-06 00:46:02,359 INFO o.a.j.t.JMeterThread: Stopping because end time detected by thread: Login Users 1-95
2026-04-06 00:46:02,360 INFO o.a.j.t.JMeterThread: Thread finished: Login Users 1-95
2026-04-06 00:46:02,366 INFO o.a.j.t.JMeterThread: Stopping because end time detected by thread: Login Users 1-10
2026-04-06 00:46:02,367 INFO o.a.j.t.JMeterThread: Thread finished: Login Users 1-10
2026-04-06 00:46:02,378 INFO o.a.j.t.JMeterThread: Stopping because end time detected by thread: Login Users 1-45
2026-04-06 00:46:02,378 INFO o.a.j.t.JMeterThread: Thread finished: Login Users 1-45
2026-04-06 00:46:02,420 INFO o.a.j.t.JMeterThread: Stopping because end time detected by thread: Login Users 1-8
2026-04-06 00:46:02,420 INFO o.a.j.t.JMeterThread: Thread finished: Login Users 1-8
2026-04-06 00:46:02,432 INFO o.a.j.t.JMeterThread: Stopping because end time detected by thread: Login Users 1-37
2026-04-06 00:46:02,432 INFO o.a.j.t.JMeterThread: Thread finished: Login Users 1-37
2026-04-06 00:46:02,455 INFO o.a.j.t.JMeterThread: Stopping because end time detected by thread: Login Users 1-66
2026-04-06 00:46:02,456 INFO o.a.j.t.JMeterThread: Thread finished: Login Users 1-66
2026-04-06 00:46:02,480 INFO o.a.j.t.JMeterThread: Stopping because end time detected by thread: Login Users 1-63
2026-04-06 00:46:02,480 INFO o.a.j.t.JMeterThread: Thread finished: Login Users 1-63
2026-04-06 00:46:02,492 INFO o.a.j.t.JMeterThread: Stopping because end time detected by thread: Login Users 1-69
2026-04-06 00:46:02,493 INFO o.a.j.t.JMeterThread: Thread finished: Login Users 1-69
2026-04-06 00:46:02,497 INFO o.a.j.t.JMeterThread: Stopping because end time detected by thread: Login Users 1-27
2026-04-06 00:46:02,498 INFO o.a.j.t.JMeterThread: Thread finished: Login Users 1-27
2026-04-06 00:46:02,515 INFO o.a.j.t.JMeterThread: Stopping because end time detected by thread: Login Users 1-65
2026-04-06 00:46:02,515 INFO o.a.j.t.JMeterThread: Thread finished: Login Users 1-65
2026-04-06 00:46:02,571 INFO o.a.j.t.JMeterThread: Stopping because end time detected by thread: Login Users 1-16
2026-04-06 00:46:02,571 INFO o.a.j.t.JMeterThread: Thread finished: Login Users 1-16
2026-04-06 00:46:02,582 INFO o.a.j.t.JMeterThread: Stopping because end time detected by thread: Login Users 1-94
2026-04-06 00:46:02,582 INFO o.a.j.t.JMeterThread: Thread finished: Login Users 1-94
2026-04-06 00:46:02,587 INFO o.a.j.t.JMeterThread: Stopping because end time detected by thread: Login Users 1-82
2026-04-06 00:46:02,587 INFO o.a.j.t.JMeterThread: Thread finished: Login Users 1-82
2026-04-06 00:46:02,603 INFO o.a.j.t.JMeterThread: Stopping because end time detected by thread: Login Users 1-19
2026-04-06 00:46:02,603 INFO o.a.j.t.JMeterThread: Thread finished: Login Users 1-19
2026-04-06 00:46:02,631 INFO o.a.j.t.JMeterThread: Stopping because end time detected by thread: Login Users 1-34
2026-04-06 00:46:02,631 INFO o.a.j.t.JMeterThread: Thread finished: Login Users 1-34
2026-04-06 00:46:02,643 INFO o.a.j.t.JMeterThread: Stopping because end time detected by thread: Login Users 1-96
2026-04-06 00:46:02,644 INFO o.a.j.t.JMeterThread: Thread finished: Login Users 1-96
2026-04-06 00:46:02,665 INFO o.a.j.t.JMeterThread: Stopping because end time detected by thread: Login Users 1-79
2026-04-06 00:46:02,665 INFO o.a.j.t.JMeterThread: Thread finished: Login Users 1-79
2026-04-06 00:46:02,704 INFO o.a.j.t.JMeterThread: Stopping because end time detected by thread: Login Users 1-98
2026-04-06 00:46:02,704 INFO o.a.j.t.JMeterThread: Thread finished: Login Users 1-98
2026-04-06 00:46:02,711 INFO o.a.j.t.JMeterThread: Stopping because end time detected by thread: Login Users 1-26
2026-04-06 00:46:02,711 INFO o.a.j.t.JMeterThread: Thread finished: Login Users 1-26
2026-04-06 00:46:02,727 INFO o.a.j.t.JMeterThread: Stopping because end time detected by thread: Login Users 1-2
2026-04-06 00:46:02,727 INFO o.a.j.t.JMeterThread: Thread finished: Login Users 1-2
2026-04-06 00:46:02,766 INFO o.a.j.t.JMeterThread: Stopping because end time detected by thread: Login Users 1-38
2026-04-06 00:46:02,766 INFO o.a.j.t.JMeterThread: Thread finished: Login Users 1-38
2026-04-06 00:46:02,773 INFO o.a.j.t.JMeterThread: Stopping because end time detected by thread: Login Users 1-99
2026-04-06 00:46:02,774 INFO o.a.j.t.JMeterThread: Thread finished: Login Users 1-99
2026-04-06 00:46:02,815 INFO o.a.j.t.JMeterThread: Stopping because end time detected by thread: Login Users 1-53
2026-04-06 00:46:02,815 INFO o.a.j.t.JMeterThread: Thread finished: Login Users 1-53
2026-04-06 00:46:02,825 INFO o.a.j.t.JMeterThread: Stopping because end time detected by thread: Login Users 1-91
2026-04-06 00:46:02,826 INFO o.a.j.t.JMeterThread: Thread finished: Login Users 1-91
2026-04-06 00:46:02,887 INFO o.a.j.t.JMeterThread: Stopping because end time detected by thread: Login Users 1-28
2026-04-06 00:46:02,887 INFO o.a.j.t.JMeterThread: Thread finished: Login Users 1-28
2026-04-06 00:46:02,909 INFO o.a.j.t.JMeterThread: Stopping because end time detected by thread: Login Users 1-49
2026-04-06 00:46:02,909 INFO o.a.j.t.JMeterThread: Thread finished: Login Users 1-49
2026-04-06 00:46:02,921 INFO o.a.j.t.JMeterThread: Stopping because end time detected by thread: Login Users 1-86
2026-04-06 00:46:02,921 INFO o.a.j.t.JMeterThread: Thread finished: Login Users 1-86
2026-04-06 00:46:02,970 INFO o.a.j.t.JMeterThread: Stopping because end time detected by thread: Login Users 1-97
2026-04-06 00:46:02,971 INFO o.a.j.t.JMeterThread: Thread finished: Login Users 1-97
2026-04-06 00:46:02,985 INFO o.a.j.t.JMeterThread: Stopping because end time detected by thread: Login Users 1-51
2026-04-06 00:46:02,985 INFO o.a.j.t.JMeterThread: Thread finished: Login Users 1-51
2026-04-06 00:46:03,030 INFO o.a.j.t.JMeterThread: Stopping because end time detected by thread: Login Users 1-41
2026-04-06 00:46:03,030 INFO o.a.j.t.JMeterThread: Thread finished: Login Users 1-41
2026-04-06 00:46:03,049 INFO o.a.j.t.JMeterThread: Stopping because end time detected by thread: Login Users 1-83
2026-04-06 00:46:03,049 INFO o.a.j.t.JMeterThread: Thread finished: Login Users 1-83
2026-04-06 00:46:03,049 INFO o.a.j.e.StandardJMeterEngine: Notifying test listeners of end of test
2026-04-06 00:46:03,049 INFO o.a.j.s.FileServer: Close: load-testing/data/users.csv
2026-04-06 00:46:03,051 INFO o.a.j.r.Summariser: summary +    112 in 00:00:03 =   37.5/s Avg:   935 Min:   665 Max:  1367 Err:     0 (0.00%) Active: 0 Started: 100 Finished: 100
2026-04-06 00:46:03,051 INFO o.a.j.r.Summariser: summary =    481 in 00:00:21 =   23.0/s Avg:   537 Min:   233 Max:  1367 Err:     0 (0.00%)
