2026-04-06 00:45:41,545 INFO o.a.j.u.JMeterUtils: Setting Locale to en_EN
2026-04-06 00:45:41,561 INFO o.a.j.JMeter: Loading user properties from: /opt/homebrew/Cellar/jmeter/5.6.3/libexec/bin/user.properties
2026-04-06 00:45:41,561 INFO o.a.j.JMeter: Loading system properties from: /opt/homebrew/Cellar/jmeter/5.6.3/libexec/bin/system.properties
2026-04-06 00:45:41,561 INFO o.a.j.JMeter: Setting JMeter property: host=localhost
2026-04-06 00:45:41,561 INFO o.a.j.JMeter: Setting JMeter property: port=6060
2026-04-06 00:45:41,562 INFO o.a.j.JMeter: Setting JMeter property: search.users=100
2026-04-06 00:45:41,562 INFO o.a.j.JMeter: Setting JMeter property: search.ramp=15
2026-04-06 00:45:41,562 INFO o.a.j.JMeter: Setting JMeter property: duration=20
2026-04-06 00:45:41,562 INFO o.a.j.JMeter: Setting JMeter property: delay=0
2026-04-06 00:45:41,562 INFO o.a.j.JMeter: Setting JMeter property: jmeter.save.saveservice.output_format=csv
2026-04-06 00:45:41,565 INFO o.a.j.JMeter: Copyright (c) 1998-2024 The Apache Software Foundation
2026-04-06 00:45:41,565 INFO o.a.j.JMeter: Version 5.6.3
2026-04-06 00:45:41,565 INFO o.a.j.JMeter: java.version=21.0.10
2026-04-06 00:45:41,565 INFO o.a.j.JMeter: java.vm.name=OpenJDK 64-Bit Server VM
2026-04-06 00:45:41,565 INFO o.a.j.JMeter: os.name=Mac OS X
2026-04-06 00:45:41,565 INFO o.a.j.JMeter: os.arch=aarch64
2026-04-06 00:45:41,565 INFO o.a.j.JMeter: os.version=14.5
2026-04-06 00:45:41,565 INFO o.a.j.JMeter: file.encoding=UTF-8
2026-04-06 00:45:41,565 INFO o.a.j.JMeter: java.awt.headless=true
2026-04-06 00:45:41,565 INFO o.a.j.JMeter: Max memory     =1073741824
2026-04-06 00:45:41,565 INFO o.a.j.JMeter: Available Processors =8
2026-04-06 00:45:41,571 INFO o.a.j.JMeter: Default Locale=English (EN)
2026-04-06 00:45:41,572 INFO o.a.j.JMeter: JMeter  Locale=English (EN)
2026-04-06 00:45:41,572 INFO o.a.j.JMeter: JMeterHome=/opt/homebrew/Cellar/jmeter/5.6.3/libexec
2026-04-06 00:45:41,572 INFO o.a.j.JMeter: user.dir  =/Users/lowhanlynn/Documents/4218/cs4218-2520-ecom-project-c24218-2520-team07
2026-04-06 00:45:41,572 INFO o.a.j.JMeter: PWD       =/Users/lowhanlynn/Documents/4218/cs4218-2520-ecom-project-c24218-2520-team07
2026-04-06 00:45:41,573 INFO o.a.j.JMeter: IP: 127.0.0.1 Name: Lows-MacBook-Air-4.local FullName: localhost
2026-04-06 00:45:41,580 INFO o.a.j.s.FileServer: Default base='/Users/lowhanlynn/Documents/4218/cs4218-2520-ecom-project-c24218-2520-team07'
2026-04-06 00:45:41,581 INFO o.a.j.s.FileServer: Set new base='/Users/lowhanlynn/Documents/4218/cs4218-2520-ecom-project-c24218-2520-team07/load-testing'
2026-04-06 00:45:41,769 INFO o.a.j.s.SaveService: Testplan (JMX) version: 2.2. Testlog (JTL) version: 2.2
2026-04-06 00:45:41,849 INFO o.a.j.s.SaveService: Using SaveService properties version 5.0
2026-04-06 00:45:41,856 INFO o.a.j.s.SaveService: Using SaveService properties file encoding UTF-8
2026-04-06 00:45:41,864 INFO o.a.j.s.SaveService: Loading file: load-testing/product-search.jmx
2026-04-06 00:45:41,917 INFO o.a.j.p.h.s.HTTPSamplerBase: Parser for text/html is org.apache.jmeter.protocol.http.parser.LagartoBasedHtmlParser
2026-04-06 00:45:41,917 INFO o.a.j.p.h.s.HTTPSamplerBase: Parser for application/xhtml+xml is org.apache.jmeter.protocol.http.parser.LagartoBasedHtmlParser
2026-04-06 00:45:41,918 INFO o.a.j.p.h.s.HTTPSamplerBase: Parser for application/xml is org.apache.jmeter.protocol.http.parser.LagartoBasedHtmlParser
2026-04-06 00:45:41,918 INFO o.a.j.p.h.s.HTTPSamplerBase: Parser for text/xml is org.apache.jmeter.protocol.http.parser.LagartoBasedHtmlParser
2026-04-06 00:45:41,918 INFO o.a.j.p.h.s.HTTPSamplerBase: Parser for text/vnd.wap.wml is org.apache.jmeter.protocol.http.parser.RegexpHTMLParser
2026-04-06 00:45:41,918 INFO o.a.j.p.h.s.HTTPSamplerBase: Parser for text/css is org.apache.jmeter.protocol.http.parser.CssParser
2026-04-06 00:45:41,939 INFO o.a.j.JMeter: Creating summariser <summary>
2026-04-06 00:45:41,969 INFO o.a.j.e.StandardJMeterEngine: Running the test!
2026-04-06 00:45:41,970 INFO o.a.j.s.SampleEvent: List of sample_variables: []
2026-04-06 00:45:41,970 INFO o.a.j.s.SampleEvent: List of sample_variables: []
2026-04-06 00:45:41,974 INFO o.a.j.e.u.CompoundVariable: Note: Function class names must contain the string: '.functions.'
2026-04-06 00:45:41,974 INFO o.a.j.e.u.CompoundVariable: Note: Function class names must not contain the string: '.gui.'
2026-04-06 00:45:42,023 INFO o.a.j.r.ClassFinder: Will scan jar /opt/homebrew/Cellar/jmeter/5.6.3/libexec/lib/ext/jmeter-plugins-manager-1.9.jar with filter ExtendsClassFilter [parents=[interface org.apache.jmeter.functions.Function], inner=false, contains=null, notContains=null]. Consider exposing JMeter plugins via META-INF/services, and add JMeter-Skip-Class-Scanning=true manifest attribute so JMeter can skip classfile scanning
2026-04-06 00:45:42,109 INFO o.a.j.JMeter: Running test (1775407542109)
2026-04-06 00:45:42,124 INFO o.a.j.e.StandardJMeterEngine: Starting ThreadGroup: 1 : Product Search Users
2026-04-06 00:45:42,124 INFO o.a.j.e.StandardJMeterEngine: Starting 100 threads for group Product Search Users.
2026-04-06 00:45:42,124 INFO o.a.j.e.StandardJMeterEngine: Thread will continue on error
2026-04-06 00:45:42,124 INFO o.a.j.t.ThreadGroup: Starting thread group... number=1 threads=100 ramp-up=15 delayedStart=false
2026-04-06 00:45:42,236 INFO o.a.j.t.JMeterThread: Thread started: Product Search Users 1-1
2026-04-06 00:45:42,237 INFO o.a.j.s.FileServer: Stored: load-testing/data/search-keywords.csv
2026-04-06 00:45:42,297 INFO o.a.j.t.ThreadGroup: Started thread group number 1
2026-04-06 00:45:42,298 INFO o.a.j.e.StandardJMeterEngine: All thread groups have been started
2026-04-06 00:45:42,386 INFO o.a.j.t.JMeterThread: Thread started: Product Search Users 1-2
2026-04-06 00:45:42,542 INFO o.a.j.t.JMeterThread: Thread started: Product Search Users 1-3
2026-04-06 00:45:42,680 INFO o.a.j.t.JMeterThread: Thread started: Product Search Users 1-4
2026-04-06 00:45:42,830 INFO o.a.j.t.JMeterThread: Thread started: Product Search Users 1-5
2026-04-06 00:45:42,981 INFO o.a.j.t.JMeterThread: Thread started: Product Search Users 1-6
2026-04-06 00:45:43,131 INFO o.a.j.t.JMeterThread: Thread started: Product Search Users 1-7
2026-04-06 00:45:43,281 INFO o.a.j.t.JMeterThread: Thread started: Product Search Users 1-8
2026-04-06 00:45:43,430 INFO o.a.j.t.JMeterThread: Thread started: Product Search Users 1-9
2026-04-06 00:45:43,577 INFO o.a.j.t.JMeterThread: Thread started: Product Search Users 1-10
2026-04-06 00:45:43,677 INFO o.a.j.p.h.s.HTTPHCAbstractImpl: Local host = Lows-MacBook-Air-4.local
2026-04-06 00:45:43,680 INFO o.a.j.p.h.s.HTTPHC4Impl: HTTP request retry count = 0
2026-04-06 00:45:43,681 INFO o.a.j.s.SampleResult: Note: Sample TimeStamps are START times
2026-04-06 00:45:43,681 INFO o.a.j.s.SampleResult: sampleresult.default.encoding is set to UTF-8
2026-04-06 00:45:43,681 INFO o.a.j.s.SampleResult: sampleresult.useNanoTime=true
2026-04-06 00:45:43,681 INFO o.a.j.s.SampleResult: sampleresult.nanoThreadSleep=5000
2026-04-06 00:45:43,731 INFO o.a.j.t.JMeterThread: Thread started: Product Search Users 1-11
2026-04-06 00:45:43,879 INFO o.a.j.t.JMeterThread: Thread started: Product Search Users 1-12
2026-04-06 00:45:44,036 INFO o.a.j.t.JMeterThread: Thread started: Product Search Users 1-13
2026-04-06 00:45:44,179 INFO o.a.j.t.JMeterThread: Thread started: Product Search Users 1-14
2026-04-06 00:45:44,329 INFO o.a.j.t.JMeterThread: Thread started: Product Search Users 1-15
2026-04-06 00:45:44,476 INFO o.a.j.t.JMeterThread: Thread started: Product Search Users 1-16
2026-04-06 00:45:44,629 INFO o.a.j.t.JMeterThread: Thread started: Product Search Users 1-17
2026-04-06 00:45:44,778 INFO o.a.j.t.JMeterThread: Thread started: Product Search Users 1-18
2026-04-06 00:45:44,928 INFO o.a.j.t.JMeterThread: Thread started: Product Search Users 1-19
2026-04-06 00:45:45,077 INFO o.a.j.t.JMeterThread: Thread started: Product Search Users 1-20
2026-04-06 00:45:45,226 INFO o.a.j.t.JMeterThread: Thread started: Product Search Users 1-21
2026-04-06 00:45:45,376 INFO o.a.j.t.JMeterThread: Thread started: Product Search Users 1-22
2026-04-06 00:45:45,526 INFO o.a.j.t.JMeterThread: Thread started: Product Search Users 1-23
2026-04-06 00:45:45,667 INFO o.a.j.t.JMeterThread: Thread started: Product Search Users 1-24
2026-04-06 00:45:45,815 INFO o.a.j.t.JMeterThread: Thread started: Product Search Users 1-25
2026-04-06 00:45:45,948 INFO o.a.j.t.JMeterThread: Thread started: Product Search Users 1-26
2026-04-06 00:45:46,100 INFO o.a.j.t.JMeterThread: Thread started: Product Search Users 1-27
2026-04-06 00:45:46,263 INFO o.a.j.t.JMeterThread: Thread started: Product Search Users 1-28
2026-04-06 00:45:46,331 INFO o.a.j.t.JMeterThread: Thread started: Product Search Users 1-29
2026-04-06 00:45:46,481 INFO o.a.j.t.JMeterThread: Thread started: Product Search Users 1-30
2026-04-06 00:45:46,628 INFO o.a.j.t.JMeterThread: Thread started: Product Search Users 1-31
2026-04-06 00:45:46,776 INFO o.a.j.t.JMeterThread: Thread started: Product Search Users 1-32
2026-04-06 00:45:46,931 INFO o.a.j.t.JMeterThread: Thread started: Product Search Users 1-33
2026-04-06 00:45:47,081 INFO o.a.j.t.JMeterThread: Thread started: Product Search Users 1-34
2026-04-06 00:45:47,230 INFO o.a.j.t.JMeterThread: Thread started: Product Search Users 1-35
2026-04-06 00:45:47,385 INFO o.a.j.t.JMeterThread: Thread started: Product Search Users 1-36
2026-04-06 00:45:47,532 INFO o.a.j.t.JMeterThread: Thread started: Product Search Users 1-37
2026-04-06 00:45:47,682 INFO o.a.j.t.JMeterThread: Thread started: Product Search Users 1-38
2026-04-06 00:45:47,826 INFO o.a.j.t.JMeterThread: Thread started: Product Search Users 1-39
2026-04-06 00:45:47,979 INFO o.a.j.t.JMeterThread: Thread started: Product Search Users 1-40
2026-04-06 00:45:48,131 INFO o.a.j.t.JMeterThread: Thread started: Product Search Users 1-41
2026-04-06 00:45:48,275 INFO o.a.j.t.JMeterThread: Thread started: Product Search Users 1-42
2026-04-06 00:45:48,431 INFO o.a.j.t.JMeterThread: Thread started: Product Search Users 1-43
2026-04-06 00:45:48,578 INFO o.a.j.t.JMeterThread: Thread started: Product Search Users 1-44
2026-04-06 00:45:48,731 INFO o.a.j.t.JMeterThread: Thread started: Product Search Users 1-45
2026-04-06 00:45:48,881 INFO o.a.j.t.JMeterThread: Thread started: Product Search Users 1-46
2026-04-06 00:45:49,028 INFO o.a.j.t.JMeterThread: Thread started: Product Search Users 1-47
2026-04-06 00:45:49,186 INFO o.a.j.t.JMeterThread: Thread started: Product Search Users 1-48
2026-04-06 00:45:49,329 INFO o.a.j.t.JMeterThread: Thread started: Product Search Users 1-49
2026-04-06 00:45:49,480 INFO o.a.j.t.JMeterThread: Thread started: Product Search Users 1-50
2026-04-06 00:45:49,631 INFO o.a.j.t.JMeterThread: Thread started: Product Search Users 1-51
2026-04-06 00:45:49,781 INFO o.a.j.t.JMeterThread: Thread started: Product Search Users 1-52
2026-04-06 00:45:49,931 INFO o.a.j.t.JMeterThread: Thread started: Product Search Users 1-53
2026-04-06 00:45:50,079 INFO o.a.j.t.JMeterThread: Thread started: Product Search Users 1-54
2026-04-06 00:45:50,231 INFO o.a.j.t.JMeterThread: Thread started: Product Search Users 1-55
2026-04-06 00:45:50,380 INFO o.a.j.t.JMeterThread: Thread started: Product Search Users 1-56
2026-04-06 00:45:50,529 INFO o.a.j.t.JMeterThread: Thread started: Product Search Users 1-57
2026-04-06 00:45:50,680 INFO o.a.j.t.JMeterThread: Thread started: Product Search Users 1-58
2026-04-06 00:45:50,829 INFO o.a.j.t.JMeterThread: Thread started: Product Search Users 1-59
2026-04-06 00:45:50,984 INFO o.a.j.t.JMeterThread: Thread started: Product Search Users 1-60
2026-04-06 00:45:51,127 INFO o.a.j.t.JMeterThread: Thread started: Product Search Users 1-61
2026-04-06 00:45:51,278 INFO o.a.j.t.JMeterThread: Thread started: Product Search Users 1-62
2026-04-06 00:45:51,459 INFO o.a.j.t.JMeterThread: Thread started: Product Search Users 1-63
2026-04-06 00:45:51,580 INFO o.a.j.t.JMeterThread: Thread started: Product Search Users 1-64
2026-04-06 00:45:51,730 INFO o.a.j.t.JMeterThread: Thread started: Product Search Users 1-65
2026-04-06 00:45:51,880 INFO o.a.j.t.JMeterThread: Thread started: Product Search Users 1-66
2026-04-06 00:45:52,030 INFO o.a.j.t.JMeterThread: Thread started: Product Search Users 1-67
2026-04-06 00:45:52,180 INFO o.a.j.t.JMeterThread: Thread started: Product Search Users 1-68
2026-04-06 00:45:52,328 INFO o.a.j.t.JMeterThread: Thread started: Product Search Users 1-69
2026-04-06 00:45:52,481 INFO o.a.j.t.JMeterThread: Thread started: Product Search Users 1-70
2026-04-06 00:45:52,631 INFO o.a.j.t.JMeterThread: Thread started: Product Search Users 1-71
2026-04-06 00:45:52,780 INFO o.a.j.t.JMeterThread: Thread started: Product Search Users 1-72
2026-04-06 00:45:52,930 INFO o.a.j.t.JMeterThread: Thread started: Product Search Users 1-73
2026-04-06 00:45:53,080 INFO o.a.j.t.JMeterThread: Thread started: Product Search Users 1-74
2026-04-06 00:45:53,230 INFO o.a.j.t.JMeterThread: Thread started: Product Search Users 1-75
2026-04-06 00:45:53,376 INFO o.a.j.t.JMeterThread: Thread started: Product Search Users 1-76
2026-04-06 00:45:53,531 INFO o.a.j.t.JMeterThread: Thread started: Product Search Users 1-77
2026-04-06 00:45:53,680 INFO o.a.j.t.JMeterThread: Thread started: Product Search Users 1-78
2026-04-06 00:45:53,830 INFO o.a.j.t.JMeterThread: Thread started: Product Search Users 1-79
2026-04-06 00:45:53,977 INFO o.a.j.t.JMeterThread: Thread started: Product Search Users 1-80
2026-04-06 00:45:54,130 INFO o.a.j.t.JMeterThread: Thread started: Product Search Users 1-81
2026-04-06 00:45:54,281 INFO o.a.j.t.JMeterThread: Thread started: Product Search Users 1-82
2026-04-06 00:45:54,430 INFO o.a.j.t.JMeterThread: Thread started: Product Search Users 1-83
2026-04-06 00:45:54,583 INFO o.a.j.t.JMeterThread: Thread started: Product Search Users 1-84
2026-04-06 00:45:54,728 INFO o.a.j.t.JMeterThread: Thread started: Product Search Users 1-85
2026-04-06 00:45:54,876 INFO o.a.j.t.JMeterThread: Thread started: Product Search Users 1-86
2026-04-06 00:45:55,027 INFO o.a.j.t.JMeterThread: Thread started: Product Search Users 1-87
2026-04-06 00:45:55,186 INFO o.a.j.t.JMeterThread: Thread started: Product Search Users 1-88
2026-04-06 00:45:55,330 INFO o.a.j.t.JMeterThread: Thread started: Product Search Users 1-89
2026-04-06 00:45:55,479 INFO o.a.j.t.JMeterThread: Thread started: Product Search Users 1-90
2026-04-06 00:45:55,630 INFO o.a.j.t.JMeterThread: Thread started: Product Search Users 1-91
2026-04-06 00:45:55,780 INFO o.a.j.t.JMeterThread: Thread started: Product Search Users 1-92
2026-04-06 00:45:55,931 INFO o.a.j.t.JMeterThread: Thread started: Product Search Users 1-93
2026-04-06 00:45:56,081 INFO o.a.j.t.JMeterThread: Thread started: Product Search Users 1-94
2026-04-06 00:45:56,228 INFO o.a.j.t.JMeterThread: Thread started: Product Search Users 1-95
2026-04-06 00:45:56,379 INFO o.a.j.t.JMeterThread: Thread started: Product Search Users 1-96
2026-04-06 00:45:56,532 INFO o.a.j.t.JMeterThread: Thread started: Product Search Users 1-97
2026-04-06 00:45:56,681 INFO o.a.j.t.JMeterThread: Thread started: Product Search Users 1-98
2026-04-06 00:45:56,827 INFO o.a.j.t.JMeterThread: Thread started: Product Search Users 1-99
2026-04-06 00:45:56,979 INFO o.a.j.t.JMeterThread: Thread started: Product Search Users 1-100
2026-04-06 00:45:59,751 INFO o.a.j.t.JMeterThread: Thread finished: Product Search Users 1-11
2026-04-06 00:45:59,766 INFO o.a.j.t.JMeterThread: Thread finished: Product Search Users 1-44
2026-04-06 00:45:59,910 INFO o.a.j.t.JMeterThread: Thread finished: Product Search Users 1-7
2026-04-06 00:46:00,100 INFO o.a.j.r.Summariser: summary +    420 in 00:00:18 =   23.4/s Avg:   226 Min:   171 Max:   578 Err:     0 (0.00%) Active: 97 Started: 100 Finished: 3
2026-04-06 00:46:00,160 INFO o.a.j.t.JMeterThread: Thread finished: Product Search Users 1-16
2026-04-06 00:46:00,261 INFO o.a.j.t.JMeterThread: Thread finished: Product Search Users 1-89
2026-04-06 00:46:00,266 INFO o.a.j.t.JMeterThread: Thread finished: Product Search Users 1-57
2026-04-06 00:46:00,266 INFO o.a.j.t.JMeterThread: Thread finished: Product Search Users 1-20
2026-04-06 00:46:00,266 INFO o.a.j.t.JMeterThread: Thread finished: Product Search Users 1-15
2026-04-06 00:46:00,312 INFO o.a.j.t.JMeterThread: Thread finished: Product Search Users 1-76
2026-04-06 00:46:00,325 INFO o.a.j.t.JMeterThread: Thread finished: Product Search Users 1-46
2026-04-06 00:46:00,738 INFO o.a.j.t.JMeterThread: Thread finished: Product Search Users 1-21
2026-04-06 00:46:00,739 INFO o.a.j.t.JMeterThread: Thread finished: Product Search Users 1-36
2026-04-06 00:46:00,739 INFO o.a.j.t.JMeterThread: Thread finished: Product Search Users 1-58
2026-04-06 00:46:00,741 INFO o.a.j.t.JMeterThread: Thread finished: Product Search Users 1-74
2026-04-06 00:46:00,746 INFO o.a.j.t.JMeterThread: Thread finished: Product Search Users 1-37
2026-04-06 00:46:00,747 INFO o.a.j.t.JMeterThread: Thread finished: Product Search Users 1-12
2026-04-06 00:46:00,747 INFO o.a.j.t.JMeterThread: Thread finished: Product Search Users 1-50
2026-04-06 00:46:00,748 INFO o.a.j.t.JMeterThread: Thread finished: Product Search Users 1-38
2026-04-06 00:46:00,748 INFO o.a.j.t.JMeterThread: Thread finished: Product Search Users 1-78
2026-04-06 00:46:00,748 INFO o.a.j.t.JMeterThread: Thread finished: Product Search Users 1-33
2026-04-06 00:46:00,748 INFO o.a.j.t.JMeterThread: Thread finished: Product Search Users 1-1
2026-04-06 00:46:00,749 INFO o.a.j.t.JMeterThread: Thread finished: Product Search Users 1-49
2026-04-06 00:46:00,752 INFO o.a.j.t.JMeterThread: Thread finished: Product Search Users 1-43
2026-04-06 00:46:00,753 INFO o.a.j.t.JMeterThread: Thread finished: Product Search Users 1-27
2026-04-06 00:46:00,754 INFO o.a.j.t.JMeterThread: Thread finished: Product Search Users 1-25
2026-04-06 00:46:00,757 INFO o.a.j.t.JMeterThread: Thread finished: Product Search Users 1-72
2026-04-06 00:46:00,800 INFO o.a.j.t.JMeterThread: Thread finished: Product Search Users 1-93
2026-04-06 00:46:00,805 INFO o.a.j.t.JMeterThread: Thread finished: Product Search Users 1-53
2026-04-06 00:46:00,812 INFO o.a.j.t.JMeterThread: Thread finished: Product Search Users 1-18
2026-04-06 00:46:00,820 INFO o.a.j.t.JMeterThread: Thread finished: Product Search Users 1-24
2026-04-06 00:46:00,847 INFO o.a.j.t.JMeterThread: Thread finished: Product Search Users 1-67
2026-04-06 00:46:00,879 INFO o.a.j.t.JMeterThread: Thread finished: Product Search Users 1-22
2026-04-06 00:46:00,883 INFO o.a.j.t.JMeterThread: Thread finished: Product Search Users 1-60
2026-04-06 00:46:00,918 INFO o.a.j.t.JMeterThread: Thread finished: Product Search Users 1-88
2026-04-06 00:46:00,918 INFO o.a.j.t.JMeterThread: Thread finished: Product Search Users 1-56
2026-04-06 00:46:00,923 INFO o.a.j.t.JMeterThread: Thread finished: Product Search Users 1-66
2026-04-06 00:46:01,000 INFO o.a.j.t.JMeterThread: Thread finished: Product Search Users 1-61
2026-04-06 00:46:01,000 INFO o.a.j.t.JMeterThread: Thread finished: Product Search Users 1-68
2026-04-06 00:46:01,095 INFO o.a.j.t.JMeterThread: Thread finished: Product Search Users 1-14
2026-04-06 00:46:01,130 INFO o.a.j.t.JMeterThread: Thread finished: Product Search Users 1-35
2026-04-06 00:46:01,203 INFO o.a.j.t.JMeterThread: Thread finished: Product Search Users 1-73
2026-04-06 00:46:01,205 INFO o.a.j.t.JMeterThread: Thread finished: Product Search Users 1-31
2026-04-06 00:46:01,217 INFO o.a.j.t.JMeterThread: Thread finished: Product Search Users 1-40
2026-04-06 00:46:01,240 INFO o.a.j.t.JMeterThread: Thread finished: Product Search Users 1-85
2026-04-06 00:46:01,246 INFO o.a.j.t.JMeterThread: Thread finished: Product Search Users 1-51
2026-04-06 00:46:01,314 INFO o.a.j.t.JMeterThread: Thread finished: Product Search Users 1-63
2026-04-06 00:46:01,330 INFO o.a.j.t.JMeterThread: Thread finished: Product Search Users 1-6
2026-04-06 00:46:01,336 INFO o.a.j.t.JMeterThread: Thread finished: Product Search Users 1-92
2026-04-06 00:46:01,405 INFO o.a.j.t.JMeterThread: Thread finished: Product Search Users 1-54
2026-04-06 00:46:01,420 INFO o.a.j.t.JMeterThread: Thread finished: Product Search Users 1-94
2026-04-06 00:46:01,452 INFO o.a.j.t.JMeterThread: Thread finished: Product Search Users 1-23
2026-04-06 00:46:01,526 INFO o.a.j.t.JMeterThread: Thread finished: Product Search Users 1-32
2026-04-06 00:46:01,736 INFO o.a.j.t.JMeterThread: Thread finished: Product Search Users 1-90
2026-04-06 00:46:01,737 INFO o.a.j.t.JMeterThread: Thread finished: Product Search Users 1-29
2026-04-06 00:46:01,738 INFO o.a.j.t.JMeterThread: Thread finished: Product Search Users 1-41
2026-04-06 00:46:01,739 INFO o.a.j.t.JMeterThread: Thread finished: Product Search Users 1-81
2026-04-06 00:46:01,739 INFO o.a.j.t.JMeterThread: Thread finished: Product Search Users 1-98
2026-04-06 00:46:01,740 INFO o.a.j.t.JMeterThread: Thread finished: Product Search Users 1-70
2026-04-06 00:46:01,742 INFO o.a.j.t.JMeterThread: Thread finished: Product Search Users 1-62
2026-04-06 00:46:01,742 INFO o.a.j.t.JMeterThread: Thread finished: Product Search Users 1-64
2026-04-06 00:46:01,743 INFO o.a.j.t.JMeterThread: Thread finished: Product Search Users 1-71
2026-04-06 00:46:01,745 INFO o.a.j.t.JMeterThread: Thread finished: Product Search Users 1-13
2026-04-06 00:46:01,745 INFO o.a.j.t.JMeterThread: Thread finished: Product Search Users 1-4
2026-04-06 00:46:01,746 INFO o.a.j.t.JMeterThread: Thread finished: Product Search Users 1-8
2026-04-06 00:46:01,746 INFO o.a.j.t.JMeterThread: Thread finished: Product Search Users 1-47
2026-04-06 00:46:01,746 INFO o.a.j.t.JMeterThread: Thread finished: Product Search Users 1-45
2026-04-06 00:46:01,802 INFO o.a.j.t.JMeterThread: Thread finished: Product Search Users 1-39
2026-04-06 00:46:01,803 INFO o.a.j.t.JMeterThread: Thread finished: Product Search Users 1-100
2026-04-06 00:46:01,804 INFO o.a.j.t.JMeterThread: Thread finished: Product Search Users 1-86
2026-04-06 00:46:01,814 INFO o.a.j.t.JMeterThread: Thread finished: Product Search Users 1-80
2026-04-06 00:46:01,851 INFO o.a.j.t.JMeterThread: Thread finished: Product Search Users 1-59
2026-04-06 00:46:01,908 INFO o.a.j.t.JMeterThread: Thread finished: Product Search Users 1-79
2026-04-06 00:46:01,943 INFO o.a.j.t.JMeterThread: Thread finished: Product Search Users 1-48
2026-04-06 00:46:01,982 INFO o.a.j.t.JMeterThread: Thread finished: Product Search Users 1-3
2026-04-06 00:46:02,020 INFO o.a.j.t.JMeterThread: Thread finished: Product Search Users 1-69
2026-04-06 00:46:02,021 INFO o.a.j.t.JMeterThread: Thread finished: Product Search Users 1-34
2026-04-06 00:46:02,035 INFO o.a.j.t.JMeterThread: Thread finished: Product Search Users 1-9
2026-04-06 00:46:02,043 INFO o.a.j.t.JMeterThread: Thread finished: Product Search Users 1-55
2026-04-06 00:46:02,124 INFO o.a.j.t.JMeterThread: Thread finished: Product Search Users 1-99
2026-04-06 00:46:02,130 INFO o.a.j.t.JMeterThread: Thread finished: Product Search Users 1-83
2026-04-06 00:46:02,131 INFO o.a.j.t.JMeterThread: Thread finished: Product Search Users 1-97
2026-04-06 00:46:02,146 INFO o.a.j.t.JMeterThread: Stopping because end time detected by thread: Product Search Users 1-5
2026-04-06 00:46:02,146 INFO o.a.j.t.JMeterThread: Thread finished: Product Search Users 1-5
2026-04-06 00:46:02,152 INFO o.a.j.t.JMeterThread: Stopping because end time detected by thread: Product Search Users 1-17
2026-04-06 00:46:02,152 INFO o.a.j.t.JMeterThread: Thread finished: Product Search Users 1-17
2026-04-06 00:46:02,154 INFO o.a.j.t.JMeterThread: Thread finished: Product Search Users 1-42
2026-04-06 00:46:02,211 INFO o.a.j.t.JMeterThread: Stopping because end time detected by thread: Product Search Users 1-19
2026-04-06 00:46:02,211 INFO o.a.j.t.JMeterThread: Thread finished: Product Search Users 1-19
2026-04-06 00:46:02,321 INFO o.a.j.t.JMeterThread: Stopping because end time detected by thread: Product Search Users 1-77
2026-04-06 00:46:02,321 INFO o.a.j.t.JMeterThread: Thread finished: Product Search Users 1-77
2026-04-06 00:46:02,321 INFO o.a.j.t.JMeterThread: Stopping because end time detected by thread: Product Search Users 1-65
2026-04-06 00:46:02,322 INFO o.a.j.t.JMeterThread: Stopping because end time detected by thread: Product Search Users 1-96
2026-04-06 00:46:02,322 INFO o.a.j.t.JMeterThread: Thread finished: Product Search Users 1-65
2026-04-06 00:46:02,322 INFO o.a.j.t.JMeterThread: Stopping because end time detected by thread: Product Search Users 1-2
2026-04-06 00:46:02,322 INFO o.a.j.t.JMeterThread: Stopping because end time detected by thread: Product Search Users 1-95
2026-04-06 00:46:02,322 INFO o.a.j.t.JMeterThread: Thread finished: Product Search Users 1-2
2026-04-06 00:46:02,322 INFO o.a.j.t.JMeterThread: Thread finished: Product Search Users 1-95
2026-04-06 00:46:02,322 INFO o.a.j.t.JMeterThread: Stopping because end time detected by thread: Product Search Users 1-28
2026-04-06 00:46:02,322 INFO o.a.j.t.JMeterThread: Thread finished: Product Search Users 1-28
2026-04-06 00:46:02,323 INFO o.a.j.t.JMeterThread: Thread finished: Product Search Users 1-96
2026-04-06 00:46:02,322 INFO o.a.j.t.JMeterThread: Stopping because end time detected by thread: Product Search Users 1-10
2026-04-06 00:46:02,323 INFO o.a.j.t.JMeterThread: Thread finished: Product Search Users 1-10
2026-04-06 00:46:02,355 INFO o.a.j.t.JMeterThread: Stopping because end time detected by thread: Product Search Users 1-26
2026-04-06 00:46:02,355 INFO o.a.j.t.JMeterThread: Thread finished: Product Search Users 1-26
2026-04-06 00:46:02,356 INFO o.a.j.t.JMeterThread: Stopping because end time detected by thread: Product Search Users 1-82
2026-04-06 00:46:02,356 INFO o.a.j.t.JMeterThread: Thread finished: Product Search Users 1-82
2026-04-06 00:46:02,356 INFO o.a.j.t.JMeterThread: Stopping because end time detected by thread: Product Search Users 1-30
2026-04-06 00:46:02,356 INFO o.a.j.t.JMeterThread: Thread finished: Product Search Users 1-30
2026-04-06 00:46:02,361 INFO o.a.j.t.JMeterThread: Stopping because end time detected by thread: Product Search Users 1-87
2026-04-06 00:46:02,361 INFO o.a.j.t.JMeterThread: Thread finished: Product Search Users 1-87
2026-04-06 00:46:02,426 INFO o.a.j.t.JMeterThread: Stopping because end time detected by thread: Product Search Users 1-91
2026-04-06 00:46:02,426 INFO o.a.j.t.JMeterThread: Thread finished: Product Search Users 1-91
2026-04-06 00:46:02,739 INFO o.a.j.t.JMeterThread: Stopping because end time detected by thread: Product Search Users 1-52
2026-04-06 00:46:02,740 INFO o.a.j.t.JMeterThread: Thread finished: Product Search Users 1-52
2026-04-06 00:46:02,741 INFO o.a.j.t.JMeterThread: Stopping because end time detected by thread: Product Search Users 1-75
2026-04-06 00:46:02,741 INFO o.a.j.t.JMeterThread: Thread finished: Product Search Users 1-75
2026-04-06 00:46:02,741 INFO o.a.j.t.JMeterThread: Stopping because end time detected by thread: Product Search Users 1-84
2026-04-06 00:46:02,741 INFO o.a.j.t.JMeterThread: Thread finished: Product Search Users 1-84
2026-04-06 00:46:02,742 INFO o.a.j.e.StandardJMeterEngine: Notifying test listeners of end of test
2026-04-06 00:46:02,742 INFO o.a.j.s.FileServer: Close: load-testing/data/search-keywords.csv
2026-04-06 00:46:02,743 INFO o.a.j.r.Summariser: summary +    112 in 00:00:03 =   42.3/s Avg:   258 Min:   176 Max:   546 Err:     0 (0.00%) Active: 0 Started: 100 Finished: 100
2026-04-06 00:46:02,743 INFO o.a.j.r.Summariser: summary =    532 in 00:00:21 =   25.8/s Avg:   232 Min:   171 Max:   578 Err:     0 (0.00%)
