2026-04-06 00:50:25,568 INFO o.a.j.u.JMeterUtils: Setting Locale to en_EN
2026-04-06 00:50:25,584 INFO o.a.j.JMeter: Loading user properties from: /opt/homebrew/Cellar/jmeter/5.6.3/libexec/bin/user.properties
2026-04-06 00:50:25,584 INFO o.a.j.JMeter: Loading system properties from: /opt/homebrew/Cellar/jmeter/5.6.3/libexec/bin/system.properties
2026-04-06 00:50:25,585 INFO o.a.j.JMeter: Setting JMeter property: host=localhost
2026-04-06 00:50:25,585 INFO o.a.j.JMeter: Setting JMeter property: port=6060
2026-04-06 00:50:25,585 INFO o.a.j.JMeter: Setting JMeter property: homeCategory.users=100
2026-04-06 00:50:25,585 INFO o.a.j.JMeter: Setting JMeter property: duration=60
2026-04-06 00:50:25,585 INFO o.a.j.JMeter: Setting JMeter property: delay=0
2026-04-06 00:50:25,585 INFO o.a.j.JMeter: Setting JMeter property: jmeter.save.saveservice.output_format=csv
2026-04-06 00:50:25,590 INFO o.a.j.JMeter: Copyright (c) 1998-2024 The Apache Software Foundation
2026-04-06 00:50:25,590 INFO o.a.j.JMeter: Version 5.6.3
2026-04-06 00:50:25,590 INFO o.a.j.JMeter: java.version=21.0.10
2026-04-06 00:50:25,590 INFO o.a.j.JMeter: java.vm.name=OpenJDK 64-Bit Server VM
2026-04-06 00:50:25,590 INFO o.a.j.JMeter: os.name=Mac OS X
2026-04-06 00:50:25,590 INFO o.a.j.JMeter: os.arch=aarch64
2026-04-06 00:50:25,590 INFO o.a.j.JMeter: os.version=14.5
2026-04-06 00:50:25,590 INFO o.a.j.JMeter: file.encoding=UTF-8
2026-04-06 00:50:25,590 INFO o.a.j.JMeter: java.awt.headless=true
2026-04-06 00:50:25,590 INFO o.a.j.JMeter: Max memory     =1073741824
2026-04-06 00:50:25,590 INFO o.a.j.JMeter: Available Processors =8
2026-04-06 00:50:25,597 INFO o.a.j.JMeter: Default Locale=English (EN)
2026-04-06 00:50:25,597 INFO o.a.j.JMeter: JMeter  Locale=English (EN)
2026-04-06 00:50:25,597 INFO o.a.j.JMeter: JMeterHome=/opt/homebrew/Cellar/jmeter/5.6.3/libexec
2026-04-06 00:50:25,597 INFO o.a.j.JMeter: user.dir  =/Users/lowhanlynn/Documents/4218/cs4218-2520-ecom-project-c24218-2520-team07
2026-04-06 00:50:25,597 INFO o.a.j.JMeter: PWD       =/Users/lowhanlynn/Documents/4218/cs4218-2520-ecom-project-c24218-2520-team07
2026-04-06 00:50:25,598 INFO o.a.j.JMeter: IP: 127.0.0.1 Name: Lows-MacBook-Air-4.local FullName: localhost
2026-04-06 00:50:25,609 INFO o.a.j.s.FileServer: Default base='/Users/lowhanlynn/Documents/4218/cs4218-2520-ecom-project-c24218-2520-team07'
2026-04-06 00:50:25,610 INFO o.a.j.s.FileServer: Set new base='/Users/lowhanlynn/Documents/4218/cs4218-2520-ecom-project-c24218-2520-team07/load-testing'
2026-04-06 00:50:25,788 INFO o.a.j.s.SaveService: Testplan (JMX) version: 2.2. Testlog (JTL) version: 2.2
2026-04-06 00:50:25,812 INFO o.a.j.s.SaveService: Using SaveService properties version 5.0
2026-04-06 00:50:25,814 INFO o.a.j.s.SaveService: Using SaveService properties file encoding UTF-8
2026-04-06 00:50:25,816 INFO o.a.j.s.SaveService: Loading file: load-testing/homepage-category-filtering.jmx
2026-04-06 00:50:25,842 INFO o.a.j.p.h.c.CookieManager: Settings: Delete null: true Check: true Allow variable: true Save: false Prefix: COOKIE_
2026-04-06 00:50:25,844 INFO o.a.j.p.h.c.CacheManager: Will only cache the following methods: [GET]
2026-04-06 00:50:25,869 INFO o.a.j.p.h.s.HTTPSamplerBase: Parser for text/html is org.apache.jmeter.protocol.http.parser.LagartoBasedHtmlParser
2026-04-06 00:50:25,870 INFO o.a.j.p.h.s.HTTPSamplerBase: Parser for application/xhtml+xml is org.apache.jmeter.protocol.http.parser.LagartoBasedHtmlParser
2026-04-06 00:50:25,870 INFO o.a.j.p.h.s.HTTPSamplerBase: Parser for application/xml is org.apache.jmeter.protocol.http.parser.LagartoBasedHtmlParser
2026-04-06 00:50:25,870 INFO o.a.j.p.h.s.HTTPSamplerBase: Parser for text/xml is org.apache.jmeter.protocol.http.parser.LagartoBasedHtmlParser
2026-04-06 00:50:25,870 INFO o.a.j.p.h.s.HTTPSamplerBase: Parser for text/vnd.wap.wml is org.apache.jmeter.protocol.http.parser.RegexpHTMLParser
2026-04-06 00:50:25,870 INFO o.a.j.p.h.s.HTTPSamplerBase: Parser for text/css is org.apache.jmeter.protocol.http.parser.CssParser
2026-04-06 00:50:25,908 INFO o.a.j.JMeter: Creating summariser <summary>
2026-04-06 00:50:25,916 INFO o.a.j.e.StandardJMeterEngine: Running the test!
2026-04-06 00:50:25,917 INFO o.a.j.s.SampleEvent: List of sample_variables: []
2026-04-06 00:50:25,917 INFO o.a.j.s.SampleEvent: List of sample_variables: []
2026-04-06 00:50:25,921 INFO o.a.j.e.u.CompoundVariable: Note: Function class names must contain the string: '.functions.'
2026-04-06 00:50:25,921 INFO o.a.j.e.u.CompoundVariable: Note: Function class names must not contain the string: '.gui.'
2026-04-06 00:50:25,951 INFO o.a.j.r.ClassFinder: Will scan jar /opt/homebrew/Cellar/jmeter/5.6.3/libexec/lib/ext/jmeter-plugins-manager-1.9.jar with filter ExtendsClassFilter [parents=[interface org.apache.jmeter.functions.Function], inner=false, contains=null, notContains=null]. Consider exposing JMeter plugins via META-INF/services, and add JMeter-Skip-Class-Scanning=true manifest attribute so JMeter can skip classfile scanning
2026-04-06 00:50:26,269 INFO o.a.j.JMeter: Running test (1775407826269)
2026-04-06 00:50:26,284 INFO o.a.j.e.StandardJMeterEngine: Starting ThreadGroup: 1 : Homepage Category Filter Users
2026-04-06 00:50:26,284 INFO o.a.j.e.StandardJMeterEngine: Starting 100 threads for group Homepage Category Filter Users.
2026-04-06 00:50:26,285 INFO o.a.j.e.StandardJMeterEngine: Thread will continue on error
2026-04-06 00:50:26,285 INFO o.a.j.t.ThreadGroup: Starting thread group... number=1 threads=100 ramp-up=10 delayedStart=false
2026-04-06 00:50:26,289 INFO o.a.j.t.JMeterThread: Thread started: Homepage Category Filter Users 1-1
2026-04-06 00:50:26,317 INFO o.a.j.t.ThreadGroup: Started thread group number 1
2026-04-06 00:50:26,317 INFO o.a.j.e.StandardJMeterEngine: All thread groups have been started
2026-04-06 00:50:26,392 INFO o.a.j.t.JMeterThread: Thread started: Homepage Category Filter Users 1-2
2026-04-06 00:50:26,490 INFO o.a.j.t.JMeterThread: Thread started: Homepage Category Filter Users 1-3
2026-04-06 00:50:26,591 INFO o.a.j.t.JMeterThread: Thread started: Homepage Category Filter Users 1-4
2026-04-06 00:50:26,691 INFO o.a.j.t.JMeterThread: Thread started: Homepage Category Filter Users 1-5
2026-04-06 00:50:26,786 INFO o.a.j.t.JMeterThread: Thread started: Homepage Category Filter Users 1-6
2026-04-06 00:50:26,891 INFO o.a.j.t.JMeterThread: Thread started: Homepage Category Filter Users 1-7
2026-04-06 00:50:26,987 INFO o.a.j.t.JMeterThread: Thread started: Homepage Category Filter Users 1-8
2026-04-06 00:50:27,090 INFO o.a.j.t.JMeterThread: Thread started: Homepage Category Filter Users 1-9
2026-04-06 00:50:27,193 INFO o.a.j.t.JMeterThread: Thread started: Homepage Category Filter Users 1-10
2026-04-06 00:50:27,290 INFO o.a.j.t.JMeterThread: Thread started: Homepage Category Filter Users 1-11
2026-04-06 00:50:27,388 INFO o.a.j.t.JMeterThread: Thread started: Homepage Category Filter Users 1-12
2026-04-06 00:50:27,487 INFO o.a.j.t.JMeterThread: Thread started: Homepage Category Filter Users 1-13
2026-04-06 00:50:27,591 INFO o.a.j.t.JMeterThread: Thread started: Homepage Category Filter Users 1-14
2026-04-06 00:50:27,687 INFO o.a.j.t.JMeterThread: Thread started: Homepage Category Filter Users 1-15
2026-04-06 00:50:27,790 INFO o.a.j.t.JMeterThread: Thread started: Homepage Category Filter Users 1-16
2026-04-06 00:50:27,844 INFO o.a.j.p.h.s.HTTPHCAbstractImpl: Local host = Lows-MacBook-Air-4.local
2026-04-06 00:50:27,847 INFO o.a.j.p.h.s.HTTPHC4Impl: HTTP request retry count = 0
2026-04-06 00:50:27,848 INFO o.a.j.s.SampleResult: Note: Sample TimeStamps are START times
2026-04-06 00:50:27,848 INFO o.a.j.s.SampleResult: sampleresult.default.encoding is set to UTF-8
2026-04-06 00:50:27,848 INFO o.a.j.s.SampleResult: sampleresult.useNanoTime=true
2026-04-06 00:50:27,848 INFO o.a.j.s.SampleResult: sampleresult.nanoThreadSleep=5000
2026-04-06 00:50:27,892 INFO o.a.j.t.JMeterThread: Thread started: Homepage Category Filter Users 1-17
2026-04-06 00:50:27,987 INFO o.a.j.t.JMeterThread: Thread started: Homepage Category Filter Users 1-18
2026-04-06 00:50:28,090 INFO o.a.j.t.JMeterThread: Thread started: Homepage Category Filter Users 1-19
2026-04-06 00:50:28,190 INFO o.a.j.t.JMeterThread: Thread started: Homepage Category Filter Users 1-20
2026-04-06 00:50:28,291 INFO o.a.j.t.JMeterThread: Thread started: Homepage Category Filter Users 1-21
2026-04-06 00:50:28,386 INFO o.a.j.t.JMeterThread: Thread started: Homepage Category Filter Users 1-22
2026-04-06 00:50:28,490 INFO o.a.j.t.JMeterThread: Thread started: Homepage Category Filter Users 1-23
2026-04-06 00:50:28,590 INFO o.a.j.t.JMeterThread: Thread started: Homepage Category Filter Users 1-24
2026-04-06 00:50:28,687 INFO o.a.j.t.JMeterThread: Thread started: Homepage Category Filter Users 1-25
2026-04-06 00:50:28,785 INFO o.a.j.t.JMeterThread: Thread started: Homepage Category Filter Users 1-26
2026-04-06 00:50:28,887 INFO o.a.j.t.JMeterThread: Thread started: Homepage Category Filter Users 1-27
2026-04-06 00:50:28,989 INFO o.a.j.t.JMeterThread: Thread started: Homepage Category Filter Users 1-28
2026-04-06 00:50:29,086 INFO o.a.j.t.JMeterThread: Thread started: Homepage Category Filter Users 1-29
2026-04-06 00:50:29,192 INFO o.a.j.t.JMeterThread: Thread started: Homepage Category Filter Users 1-30
2026-04-06 00:50:29,288 INFO o.a.j.t.JMeterThread: Thread started: Homepage Category Filter Users 1-31
2026-04-06 00:50:29,388 INFO o.a.j.t.JMeterThread: Thread started: Homepage Category Filter Users 1-32
2026-04-06 00:50:29,488 INFO o.a.j.t.JMeterThread: Thread started: Homepage Category Filter Users 1-33
2026-04-06 00:50:29,590 INFO o.a.j.t.JMeterThread: Thread started: Homepage Category Filter Users 1-34
2026-04-06 00:50:29,691 INFO o.a.j.t.JMeterThread: Thread started: Homepage Category Filter Users 1-35
2026-04-06 00:50:29,791 INFO o.a.j.t.JMeterThread: Thread started: Homepage Category Filter Users 1-36
2026-04-06 00:50:29,890 INFO o.a.j.t.JMeterThread: Thread started: Homepage Category Filter Users 1-37
2026-04-06 00:50:29,991 INFO o.a.j.t.JMeterThread: Thread started: Homepage Category Filter Users 1-38
2026-04-06 00:50:30,044 INFO o.a.j.r.Summariser: summary +     20 in 00:00:04 =    5.3/s Avg:   182 Min:   176 Max:   204 Err:     0 (0.00%) Active: 38 Started: 38 Finished: 0
2026-04-06 00:50:30,086 INFO o.a.j.t.JMeterThread: Thread started: Homepage Category Filter Users 1-39
2026-04-06 00:50:30,190 INFO o.a.j.t.JMeterThread: Thread started: Homepage Category Filter Users 1-40
2026-04-06 00:50:30,287 INFO o.a.j.t.JMeterThread: Thread started: Homepage Category Filter Users 1-41
2026-04-06 00:50:30,387 INFO o.a.j.t.JMeterThread: Thread started: Homepage Category Filter Users 1-42
2026-04-06 00:50:30,492 INFO o.a.j.t.JMeterThread: Thread started: Homepage Category Filter Users 1-43
2026-04-06 00:50:30,590 INFO o.a.j.t.JMeterThread: Thread started: Homepage Category Filter Users 1-44
2026-04-06 00:50:30,686 INFO o.a.j.t.JMeterThread: Thread started: Homepage Category Filter Users 1-45
2026-04-06 00:50:30,791 INFO o.a.j.t.JMeterThread: Thread started: Homepage Category Filter Users 1-46
2026-04-06 00:50:30,890 INFO o.a.j.t.JMeterThread: Thread started: Homepage Category Filter Users 1-47
2026-04-06 00:50:30,990 INFO o.a.j.t.JMeterThread: Thread started: Homepage Category Filter Users 1-48
2026-04-06 00:50:31,091 INFO o.a.j.t.JMeterThread: Thread started: Homepage Category Filter Users 1-49
2026-04-06 00:50:31,191 INFO o.a.j.t.JMeterThread: Thread started: Homepage Category Filter Users 1-50
2026-04-06 00:50:31,290 INFO o.a.j.t.JMeterThread: Thread started: Homepage Category Filter Users 1-51
2026-04-06 00:50:31,390 INFO o.a.j.t.JMeterThread: Thread started: Homepage Category Filter Users 1-52
2026-04-06 00:50:31,490 INFO o.a.j.t.JMeterThread: Thread started: Homepage Category Filter Users 1-53
2026-04-06 00:50:31,590 INFO o.a.j.t.JMeterThread: Thread started: Homepage Category Filter Users 1-54
2026-04-06 00:50:31,690 INFO o.a.j.t.JMeterThread: Thread started: Homepage Category Filter Users 1-55
2026-04-06 00:50:31,791 INFO o.a.j.t.JMeterThread: Thread started: Homepage Category Filter Users 1-56
2026-04-06 00:50:31,894 INFO o.a.j.t.JMeterThread: Thread started: Homepage Category Filter Users 1-57
2026-04-06 00:50:31,990 INFO o.a.j.t.JMeterThread: Thread started: Homepage Category Filter Users 1-58
2026-04-06 00:50:32,090 INFO o.a.j.t.JMeterThread: Thread started: Homepage Category Filter Users 1-59
2026-04-06 00:50:32,195 INFO o.a.j.t.JMeterThread: Thread started: Homepage Category Filter Users 1-60
2026-04-06 00:50:32,291 INFO o.a.j.t.JMeterThread: Thread started: Homepage Category Filter Users 1-61
2026-04-06 00:50:32,389 INFO o.a.j.t.JMeterThread: Thread started: Homepage Category Filter Users 1-62
2026-04-06 00:50:32,500 INFO o.a.j.t.JMeterThread: Thread started: Homepage Category Filter Users 1-63
2026-04-06 00:50:32,591 INFO o.a.j.t.JMeterThread: Thread started: Homepage Category Filter Users 1-64
2026-04-06 00:50:32,690 INFO o.a.j.t.JMeterThread: Thread started: Homepage Category Filter Users 1-65
2026-04-06 00:50:32,802 INFO o.a.j.t.JMeterThread: Thread started: Homepage Category Filter Users 1-66
2026-04-06 00:50:32,890 INFO o.a.j.t.JMeterThread: Thread started: Homepage Category Filter Users 1-67
2026-04-06 00:50:32,990 INFO o.a.j.t.JMeterThread: Thread started: Homepage Category Filter Users 1-68
2026-04-06 00:50:33,091 INFO o.a.j.t.JMeterThread: Thread started: Homepage Category Filter Users 1-69
2026-04-06 00:50:33,191 INFO o.a.j.t.JMeterThread: Thread started: Homepage Category Filter Users 1-70
2026-04-06 00:50:33,290 INFO o.a.j.t.JMeterThread: Thread started: Homepage Category Filter Users 1-71
2026-04-06 00:50:33,401 INFO o.a.j.t.JMeterThread: Thread started: Homepage Category Filter Users 1-72
2026-04-06 00:50:33,491 INFO o.a.j.t.JMeterThread: Thread started: Homepage Category Filter Users 1-73
2026-04-06 00:50:33,591 INFO o.a.j.t.JMeterThread: Thread started: Homepage Category Filter Users 1-74
2026-04-06 00:50:33,686 INFO o.a.j.t.JMeterThread: Thread started: Homepage Category Filter Users 1-75
2026-04-06 00:50:33,790 INFO o.a.j.t.JMeterThread: Thread started: Homepage Category Filter Users 1-76
2026-04-06 00:50:33,890 INFO o.a.j.t.JMeterThread: Thread started: Homepage Category Filter Users 1-77
2026-04-06 00:50:33,990 INFO o.a.j.t.JMeterThread: Thread started: Homepage Category Filter Users 1-78
2026-04-06 00:50:34,091 INFO o.a.j.t.JMeterThread: Thread started: Homepage Category Filter Users 1-79
2026-04-06 00:50:34,191 INFO o.a.j.t.JMeterThread: Thread started: Homepage Category Filter Users 1-80
2026-04-06 00:50:34,287 INFO o.a.j.t.JMeterThread: Thread started: Homepage Category Filter Users 1-81
2026-04-06 00:50:34,390 INFO o.a.j.t.JMeterThread: Thread started: Homepage Category Filter Users 1-82
2026-04-06 00:50:34,486 INFO o.a.j.t.JMeterThread: Thread started: Homepage Category Filter Users 1-83
2026-04-06 00:50:34,592 INFO o.a.j.t.JMeterThread: Thread started: Homepage Category Filter Users 1-84
2026-04-06 00:50:34,692 INFO o.a.j.t.JMeterThread: Thread started: Homepage Category Filter Users 1-85
2026-04-06 00:50:34,790 INFO o.a.j.t.JMeterThread: Thread started: Homepage Category Filter Users 1-86
2026-04-06 00:50:34,885 INFO o.a.j.t.JMeterThread: Thread started: Homepage Category Filter Users 1-87
2026-04-06 00:50:34,990 INFO o.a.j.t.JMeterThread: Thread started: Homepage Category Filter Users 1-88
2026-04-06 00:50:35,092 INFO o.a.j.t.JMeterThread: Thread started: Homepage Category Filter Users 1-89
2026-04-06 00:50:35,189 INFO o.a.j.t.JMeterThread: Thread started: Homepage Category Filter Users 1-90
2026-04-06 00:50:35,291 INFO o.a.j.t.JMeterThread: Thread started: Homepage Category Filter Users 1-91
2026-04-06 00:50:35,390 INFO o.a.j.t.JMeterThread: Thread started: Homepage Category Filter Users 1-92
2026-04-06 00:50:35,489 INFO o.a.j.t.JMeterThread: Thread started: Homepage Category Filter Users 1-93
2026-04-06 00:50:35,589 INFO o.a.j.t.JMeterThread: Thread started: Homepage Category Filter Users 1-94
2026-04-06 00:50:35,691 INFO o.a.j.t.JMeterThread: Thread started: Homepage Category Filter Users 1-95
2026-04-06 00:50:35,791 INFO o.a.j.t.JMeterThread: Thread started: Homepage Category Filter Users 1-96
2026-04-06 00:50:35,890 INFO o.a.j.t.JMeterThread: Thread started: Homepage Category Filter Users 1-97
2026-04-06 00:50:35,986 INFO o.a.j.t.JMeterThread: Thread started: Homepage Category Filter Users 1-98
2026-04-06 00:50:36,091 INFO o.a.j.t.JMeterThread: Thread started: Homepage Category Filter Users 1-99
2026-04-06 00:50:36,191 INFO o.a.j.t.JMeterThread: Thread started: Homepage Category Filter Users 1-100
2026-04-06 00:51:00,021 INFO o.a.j.r.Summariser: summary +   1236 in 00:00:30 =   41.2/s Avg:   201 Min:   169 Max:   751 Err:     0 (0.00%) Active: 100 Started: 100 Finished: 0
2026-04-06 00:51:00,025 INFO o.a.j.r.Summariser: summary =   1256 in 00:00:34 =   37.2/s Avg:   201 Min:   169 Max:   751 Err:     0 (0.00%)
2026-04-06 00:51:23,461 INFO o.a.j.t.JMeterThread: Thread finished: Homepage Category Filter Users 1-50
2026-04-06 00:51:23,901 INFO o.a.j.t.JMeterThread: Thread finished: Homepage Category Filter Users 1-93
2026-04-06 00:51:23,945 INFO o.a.j.t.JMeterThread: Thread finished: Homepage Category Filter Users 1-57
2026-04-06 00:51:23,953 INFO o.a.j.t.JMeterThread: Thread finished: Homepage Category Filter Users 1-13
2026-04-06 00:51:23,983 INFO o.a.j.t.JMeterThread: Thread finished: Homepage Category Filter Users 1-97
2026-04-06 00:51:24,037 INFO o.a.j.t.JMeterThread: Thread finished: Homepage Category Filter Users 1-65
2026-04-06 00:51:24,047 INFO o.a.j.t.JMeterThread: Thread finished: Homepage Category Filter Users 1-14
2026-04-06 00:51:24,048 INFO o.a.j.t.JMeterThread: Thread finished: Homepage Category Filter Users 1-73
2026-04-06 00:51:24,257 INFO o.a.j.t.JMeterThread: Thread finished: Homepage Category Filter Users 1-91
2026-04-06 00:51:24,278 INFO o.a.j.t.JMeterThread: Thread finished: Homepage Category Filter Users 1-21
2026-04-06 00:51:24,390 INFO o.a.j.t.JMeterThread: Thread finished: Homepage Category Filter Users 1-42
2026-04-06 00:51:24,501 INFO o.a.j.t.JMeterThread: Thread finished: Homepage Category Filter Users 1-15
2026-04-06 00:51:24,515 INFO o.a.j.t.JMeterThread: Thread finished: Homepage Category Filter Users 1-85
2026-04-06 00:51:24,542 INFO o.a.j.t.JMeterThread: Thread finished: Homepage Category Filter Users 1-36
2026-04-06 00:51:24,672 INFO o.a.j.t.JMeterThread: Thread finished: Homepage Category Filter Users 1-6
2026-04-06 00:51:24,672 INFO o.a.j.t.JMeterThread: Thread finished: Homepage Category Filter Users 1-35
2026-04-06 00:51:24,679 INFO o.a.j.t.JMeterThread: Thread finished: Homepage Category Filter Users 1-55
2026-04-06 00:51:24,714 INFO o.a.j.t.JMeterThread: Thread finished: Homepage Category Filter Users 1-49
2026-04-06 00:51:24,795 INFO o.a.j.t.JMeterThread: Thread finished: Homepage Category Filter Users 1-39
2026-04-06 00:51:24,798 INFO o.a.j.t.JMeterThread: Thread finished: Homepage Category Filter Users 1-2
2026-04-06 00:51:24,812 INFO o.a.j.t.JMeterThread: Thread finished: Homepage Category Filter Users 1-5
2026-04-06 00:51:24,879 INFO o.a.j.t.JMeterThread: Thread finished: Homepage Category Filter Users 1-45
2026-04-06 00:51:24,880 INFO o.a.j.t.JMeterThread: Thread finished: Homepage Category Filter Users 1-66
2026-04-06 00:51:24,891 INFO o.a.j.t.JMeterThread: Thread finished: Homepage Category Filter Users 1-33
2026-04-06 00:51:24,977 INFO o.a.j.t.JMeterThread: Thread finished: Homepage Category Filter Users 1-47
2026-04-06 00:51:24,985 INFO o.a.j.t.JMeterThread: Thread finished: Homepage Category Filter Users 1-61
2026-04-06 00:51:24,985 INFO o.a.j.t.JMeterThread: Thread finished: Homepage Category Filter Users 1-44
2026-04-06 00:51:25,029 INFO o.a.j.t.JMeterThread: Thread finished: Homepage Category Filter Users 1-30
2026-04-06 00:51:25,077 INFO o.a.j.t.JMeterThread: Thread finished: Homepage Category Filter Users 1-77
2026-04-06 00:51:25,087 INFO o.a.j.t.JMeterThread: Thread finished: Homepage Category Filter Users 1-81
2026-04-06 00:51:25,110 INFO o.a.j.t.JMeterThread: Thread finished: Homepage Category Filter Users 1-7
2026-04-06 00:51:25,123 INFO o.a.j.t.JMeterThread: Thread finished: Homepage Category Filter Users 1-86
2026-04-06 00:51:25,127 INFO o.a.j.t.JMeterThread: Thread finished: Homepage Category Filter Users 1-28
2026-04-06 00:51:25,145 INFO o.a.j.t.JMeterThread: Thread finished: Homepage Category Filter Users 1-89
2026-04-06 00:51:25,145 INFO o.a.j.t.JMeterThread: Thread finished: Homepage Category Filter Users 1-92
2026-04-06 00:51:25,152 INFO o.a.j.t.JMeterThread: Thread finished: Homepage Category Filter Users 1-95
2026-04-06 00:51:25,194 INFO o.a.j.t.JMeterThread: Thread finished: Homepage Category Filter Users 1-16
2026-04-06 00:51:25,219 INFO o.a.j.t.JMeterThread: Thread finished: Homepage Category Filter Users 1-34
2026-04-06 00:51:25,229 INFO o.a.j.t.JMeterThread: Thread finished: Homepage Category Filter Users 1-94
2026-04-06 00:51:25,246 INFO o.a.j.t.JMeterThread: Thread finished: Homepage Category Filter Users 1-25
2026-04-06 00:51:25,253 INFO o.a.j.t.JMeterThread: Thread finished: Homepage Category Filter Users 1-24
2026-04-06 00:51:25,279 INFO o.a.j.t.JMeterThread: Thread finished: Homepage Category Filter Users 1-37
2026-04-06 00:51:25,280 INFO o.a.j.t.JMeterThread: Thread finished: Homepage Category Filter Users 1-27
2026-04-06 00:51:25,285 INFO o.a.j.t.JMeterThread: Thread finished: Homepage Category Filter Users 1-19
2026-04-06 00:51:25,296 INFO o.a.j.t.JMeterThread: Thread finished: Homepage Category Filter Users 1-69
2026-04-06 00:51:25,299 INFO o.a.j.t.JMeterThread: Thread finished: Homepage Category Filter Users 1-54
2026-04-06 00:51:25,309 INFO o.a.j.t.JMeterThread: Thread finished: Homepage Category Filter Users 1-80
2026-04-06 00:51:25,321 INFO o.a.j.t.JMeterThread: Thread finished: Homepage Category Filter Users 1-71
2026-04-06 00:51:25,387 INFO o.a.j.t.JMeterThread: Thread finished: Homepage Category Filter Users 1-53
2026-04-06 00:51:25,463 INFO o.a.j.t.JMeterThread: Thread finished: Homepage Category Filter Users 1-84
2026-04-06 00:51:25,497 INFO o.a.j.t.JMeterThread: Thread finished: Homepage Category Filter Users 1-40
2026-04-06 00:51:25,513 INFO o.a.j.t.JMeterThread: Thread finished: Homepage Category Filter Users 1-99
2026-04-06 00:51:25,537 INFO o.a.j.t.JMeterThread: Thread finished: Homepage Category Filter Users 1-11
2026-04-06 00:51:25,556 INFO o.a.j.t.JMeterThread: Thread finished: Homepage Category Filter Users 1-31
2026-04-06 00:51:25,556 INFO o.a.j.t.JMeterThread: Thread finished: Homepage Category Filter Users 1-12
2026-04-06 00:51:25,556 INFO o.a.j.t.JMeterThread: Thread finished: Homepage Category Filter Users 1-67
2026-04-06 00:51:25,579 INFO o.a.j.t.JMeterThread: Thread finished: Homepage Category Filter Users 1-82
2026-04-06 00:51:25,613 INFO o.a.j.t.JMeterThread: Thread finished: Homepage Category Filter Users 1-90
2026-04-06 00:51:25,631 INFO o.a.j.t.JMeterThread: Thread finished: Homepage Category Filter Users 1-43
2026-04-06 00:51:25,665 INFO o.a.j.t.JMeterThread: Thread finished: Homepage Category Filter Users 1-74
2026-04-06 00:51:25,667 INFO o.a.j.t.JMeterThread: Thread finished: Homepage Category Filter Users 1-72
2026-04-06 00:51:25,669 INFO o.a.j.t.JMeterThread: Thread finished: Homepage Category Filter Users 1-63
2026-04-06 00:51:25,684 INFO o.a.j.t.JMeterThread: Thread finished: Homepage Category Filter Users 1-87
2026-04-06 00:51:25,692 INFO o.a.j.t.JMeterThread: Thread finished: Homepage Category Filter Users 1-88
2026-04-06 00:51:25,708 INFO o.a.j.t.JMeterThread: Thread finished: Homepage Category Filter Users 1-23
2026-04-06 00:51:25,709 INFO o.a.j.t.JMeterThread: Thread finished: Homepage Category Filter Users 1-75
2026-04-06 00:51:25,735 INFO o.a.j.t.JMeterThread: Thread finished: Homepage Category Filter Users 1-8
2026-04-06 00:51:25,770 INFO o.a.j.t.JMeterThread: Thread finished: Homepage Category Filter Users 1-56
2026-04-06 00:51:25,805 INFO o.a.j.t.JMeterThread: Thread finished: Homepage Category Filter Users 1-96
2026-04-06 00:51:25,816 INFO o.a.j.t.JMeterThread: Thread finished: Homepage Category Filter Users 1-9
2026-04-06 00:51:25,816 INFO o.a.j.t.JMeterThread: Thread finished: Homepage Category Filter Users 1-58
2026-04-06 00:51:25,880 INFO o.a.j.t.JMeterThread: Thread finished: Homepage Category Filter Users 1-52
2026-04-06 00:51:25,896 INFO o.a.j.t.JMeterThread: Thread finished: Homepage Category Filter Users 1-18
2026-04-06 00:51:25,900 INFO o.a.j.t.JMeterThread: Thread finished: Homepage Category Filter Users 1-20
2026-04-06 00:51:26,066 INFO o.a.j.t.JMeterThread: Thread finished: Homepage Category Filter Users 1-29
2026-04-06 00:51:26,072 INFO o.a.j.t.JMeterThread: Thread finished: Homepage Category Filter Users 1-22
2026-04-06 00:51:26,074 INFO o.a.j.t.JMeterThread: Thread finished: Homepage Category Filter Users 1-38
2026-04-06 00:51:26,151 INFO o.a.j.t.JMeterThread: Thread finished: Homepage Category Filter Users 1-32
2026-04-06 00:51:26,156 INFO o.a.j.t.JMeterThread: Thread finished: Homepage Category Filter Users 1-48
2026-04-06 00:51:26,163 INFO o.a.j.t.JMeterThread: Thread finished: Homepage Category Filter Users 1-10
2026-04-06 00:51:26,172 INFO o.a.j.t.JMeterThread: Thread finished: Homepage Category Filter Users 1-59
2026-04-06 00:51:26,190 INFO o.a.j.t.JMeterThread: Thread finished: Homepage Category Filter Users 1-4
2026-04-06 00:51:26,203 INFO o.a.j.t.JMeterThread: Thread finished: Homepage Category Filter Users 1-62
2026-04-06 00:51:26,228 INFO o.a.j.t.JMeterThread: Thread finished: Homepage Category Filter Users 1-83
2026-04-06 00:51:26,231 INFO o.a.j.t.JMeterThread: Thread finished: Homepage Category Filter Users 1-51
2026-04-06 00:51:26,270 INFO o.a.j.t.JMeterThread: Thread finished: Homepage Category Filter Users 1-60
2026-04-06 00:51:26,270 INFO o.a.j.t.JMeterThread: Thread finished: Homepage Category Filter Users 1-3
2026-04-06 00:51:26,303 INFO o.a.j.t.JMeterThread: Thread finished: Homepage Category Filter Users 1-64
2026-04-06 00:51:26,304 INFO o.a.j.t.JMeterThread: Stopping because end time detected by thread: Homepage Category Filter Users 1-41
2026-04-06 00:51:26,304 INFO o.a.j.t.JMeterThread: Thread finished: Homepage Category Filter Users 1-41
2026-04-06 00:51:26,308 INFO o.a.j.t.JMeterThread: Stopping because end time detected by thread: Homepage Category Filter Users 1-70
2026-04-06 00:51:26,308 INFO o.a.j.t.JMeterThread: Thread finished: Homepage Category Filter Users 1-70
2026-04-06 00:51:26,366 INFO o.a.j.t.JMeterThread: Stopping because end time detected by thread: Homepage Category Filter Users 1-98
2026-04-06 00:51:26,367 INFO o.a.j.t.JMeterThread: Thread finished: Homepage Category Filter Users 1-98
2026-04-06 00:51:26,367 INFO o.a.j.t.JMeterThread: Stopping because end time detected by thread: Homepage Category Filter Users 1-1
2026-04-06 00:51:26,367 INFO o.a.j.t.JMeterThread: Thread finished: Homepage Category Filter Users 1-1
2026-04-06 00:51:26,379 INFO o.a.j.t.JMeterThread: Stopping because end time detected by thread: Homepage Category Filter Users 1-78
2026-04-06 00:51:26,379 INFO o.a.j.t.JMeterThread: Thread finished: Homepage Category Filter Users 1-78
2026-04-06 00:51:26,439 INFO o.a.j.t.JMeterThread: Stopping because end time detected by thread: Homepage Category Filter Users 1-76
2026-04-06 00:51:26,439 INFO o.a.j.t.JMeterThread: Thread finished: Homepage Category Filter Users 1-76
2026-04-06 00:51:26,451 INFO o.a.j.t.JMeterThread: Stopping because end time detected by thread: Homepage Category Filter Users 1-26
2026-04-06 00:51:26,451 INFO o.a.j.t.JMeterThread: Thread finished: Homepage Category Filter Users 1-26
2026-04-06 00:51:26,460 INFO o.a.j.t.JMeterThread: Stopping because end time detected by thread: Homepage Category Filter Users 1-68
2026-04-06 00:51:26,461 INFO o.a.j.t.JMeterThread: Thread finished: Homepage Category Filter Users 1-68
2026-04-06 00:51:26,466 INFO o.a.j.t.JMeterThread: Stopping because end time detected by thread: Homepage Category Filter Users 1-100
2026-04-06 00:51:26,466 INFO o.a.j.t.JMeterThread: Thread finished: Homepage Category Filter Users 1-100
2026-04-06 00:51:26,467 INFO o.a.j.t.JMeterThread: Stopping because end time detected by thread: Homepage Category Filter Users 1-17
2026-04-06 00:51:26,467 INFO o.a.j.t.JMeterThread: Thread finished: Homepage Category Filter Users 1-17
2026-04-06 00:51:26,471 INFO o.a.j.t.JMeterThread: Stopping because end time detected by thread: Homepage Category Filter Users 1-46
2026-04-06 00:51:26,472 INFO o.a.j.t.JMeterThread: Thread finished: Homepage Category Filter Users 1-46
2026-04-06 00:51:26,473 INFO o.a.j.t.JMeterThread: Stopping because end time detected by thread: Homepage Category Filter Users 1-79
2026-04-06 00:51:26,473 INFO o.a.j.t.JMeterThread: Thread finished: Homepage Category Filter Users 1-79
2026-04-06 00:51:26,473 INFO o.a.j.e.StandardJMeterEngine: Notifying test listeners of end of test
2026-04-06 00:51:26,482 INFO o.a.j.r.Summariser: summary +   1222 in 00:00:26 =   46.2/s Avg:   185 Min:   169 Max:   257 Err:     0 (0.00%) Active: 0 Started: 100 Finished: 100
2026-04-06 00:51:26,482 INFO o.a.j.r.Summariser: summary =   2478 in 00:01:00 =   41.2/s Avg:   193 Min:   169 Max:   751 Err:     0 (0.00%)
