2026-04-06 00:48:20,063 INFO o.a.j.u.JMeterUtils: Setting Locale to en_EN
2026-04-06 00:48:20,105 INFO o.a.j.JMeter: Loading user properties from: /opt/homebrew/Cellar/jmeter/5.6.3/libexec/bin/user.properties
2026-04-06 00:48:20,105 INFO o.a.j.JMeter: Loading system properties from: /opt/homebrew/Cellar/jmeter/5.6.3/libexec/bin/system.properties
2026-04-06 00:48:20,106 INFO o.a.j.JMeter: Setting JMeter property: host=localhost
2026-04-06 00:48:20,106 INFO o.a.j.JMeter: Setting JMeter property: port=6060
2026-04-06 00:48:20,106 INFO o.a.j.JMeter: Setting JMeter property: homepage.users=100
2026-04-06 00:48:20,106 INFO o.a.j.JMeter: Setting JMeter property: duration=60
2026-04-06 00:48:20,106 INFO o.a.j.JMeter: Setting JMeter property: delay=0
2026-04-06 00:48:20,106 INFO o.a.j.JMeter: Setting JMeter property: jmeter.save.saveservice.output_format=csv
2026-04-06 00:48:20,109 INFO o.a.j.JMeter: Copyright (c) 1998-2024 The Apache Software Foundation
2026-04-06 00:48:20,109 INFO o.a.j.JMeter: Version 5.6.3
2026-04-06 00:48:20,109 INFO o.a.j.JMeter: java.version=21.0.10
2026-04-06 00:48:20,109 INFO o.a.j.JMeter: java.vm.name=OpenJDK 64-Bit Server VM
2026-04-06 00:48:20,109 INFO o.a.j.JMeter: os.name=Mac OS X
2026-04-06 00:48:20,109 INFO o.a.j.JMeter: os.arch=aarch64
2026-04-06 00:48:20,109 INFO o.a.j.JMeter: os.version=14.5
2026-04-06 00:48:20,109 INFO o.a.j.JMeter: file.encoding=UTF-8
2026-04-06 00:48:20,110 INFO o.a.j.JMeter: java.awt.headless=true
2026-04-06 00:48:20,110 INFO o.a.j.JMeter: Max memory     =1073741824
2026-04-06 00:48:20,110 INFO o.a.j.JMeter: Available Processors =8
2026-04-06 00:48:20,116 INFO o.a.j.JMeter: Default Locale=English (EN)
2026-04-06 00:48:20,116 INFO o.a.j.JMeter: JMeter  Locale=English (EN)
2026-04-06 00:48:20,116 INFO o.a.j.JMeter: JMeterHome=/opt/homebrew/Cellar/jmeter/5.6.3/libexec
2026-04-06 00:48:20,116 INFO o.a.j.JMeter: user.dir  =/Users/lowhanlynn/Documents/4218/cs4218-2520-ecom-project-c24218-2520-team07
2026-04-06 00:48:20,116 INFO o.a.j.JMeter: PWD       =/Users/lowhanlynn/Documents/4218/cs4218-2520-ecom-project-c24218-2520-team07
2026-04-06 00:48:20,117 INFO o.a.j.JMeter: IP: 127.0.0.1 Name: Lows-MacBook-Air-4.local FullName: localhost
2026-04-06 00:48:20,129 INFO o.a.j.s.FileServer: Default base='/Users/lowhanlynn/Documents/4218/cs4218-2520-ecom-project-c24218-2520-team07'
2026-04-06 00:48:20,130 INFO o.a.j.s.FileServer: Set new base='/Users/lowhanlynn/Documents/4218/cs4218-2520-ecom-project-c24218-2520-team07/load-testing'
2026-04-06 00:48:20,238 INFO o.a.j.s.SaveService: Testplan (JMX) version: 2.2. Testlog (JTL) version: 2.2
2026-04-06 00:48:20,256 INFO o.a.j.s.SaveService: Using SaveService properties version 5.0
2026-04-06 00:48:20,258 INFO o.a.j.s.SaveService: Using SaveService properties file encoding UTF-8
2026-04-06 00:48:20,259 INFO o.a.j.s.SaveService: Loading file: load-testing/homepage-browsing.jmx
2026-04-06 00:48:20,280 INFO o.a.j.p.h.c.CookieManager: Settings: Delete null: true Check: true Allow variable: true Save: false Prefix: COOKIE_
2026-04-06 00:48:20,282 INFO o.a.j.p.h.c.CacheManager: Will only cache the following methods: [GET]
2026-04-06 00:48:20,297 INFO o.a.j.p.h.s.HTTPSamplerBase: Parser for text/html is org.apache.jmeter.protocol.http.parser.LagartoBasedHtmlParser
2026-04-06 00:48:20,298 INFO o.a.j.p.h.s.HTTPSamplerBase: Parser for application/xhtml+xml is org.apache.jmeter.protocol.http.parser.LagartoBasedHtmlParser
2026-04-06 00:48:20,298 INFO o.a.j.p.h.s.HTTPSamplerBase: Parser for application/xml is org.apache.jmeter.protocol.http.parser.LagartoBasedHtmlParser
2026-04-06 00:48:20,298 INFO o.a.j.p.h.s.HTTPSamplerBase: Parser for text/xml is org.apache.jmeter.protocol.http.parser.LagartoBasedHtmlParser
2026-04-06 00:48:20,298 INFO o.a.j.p.h.s.HTTPSamplerBase: Parser for text/vnd.wap.wml is org.apache.jmeter.protocol.http.parser.RegexpHTMLParser
2026-04-06 00:48:20,298 INFO o.a.j.p.h.s.HTTPSamplerBase: Parser for text/css is org.apache.jmeter.protocol.http.parser.CssParser
2026-04-06 00:48:20,315 INFO o.a.j.JMeter: Creating summariser <summary>
2026-04-06 00:48:20,324 INFO o.a.j.e.StandardJMeterEngine: Running the test!
2026-04-06 00:48:20,325 INFO o.a.j.s.SampleEvent: List of sample_variables: []
2026-04-06 00:48:20,325 INFO o.a.j.s.SampleEvent: List of sample_variables: []
2026-04-06 00:48:20,327 INFO o.a.j.e.u.CompoundVariable: Note: Function class names must contain the string: '.functions.'
2026-04-06 00:48:20,327 INFO o.a.j.e.u.CompoundVariable: Note: Function class names must not contain the string: '.gui.'
2026-04-06 00:48:20,360 INFO o.a.j.r.ClassFinder: Will scan jar /opt/homebrew/Cellar/jmeter/5.6.3/libexec/lib/ext/jmeter-plugins-manager-1.9.jar with filter ExtendsClassFilter [parents=[interface org.apache.jmeter.functions.Function], inner=false, contains=null, notContains=null]. Consider exposing JMeter plugins via META-INF/services, and add JMeter-Skip-Class-Scanning=true manifest attribute so JMeter can skip classfile scanning
2026-04-06 00:48:20,463 INFO o.a.j.JMeter: Running test (1775407700463)
2026-04-06 00:48:20,475 INFO o.a.j.e.StandardJMeterEngine: Starting ThreadGroup: 1 : Homepage Browse Users
2026-04-06 00:48:20,475 INFO o.a.j.e.StandardJMeterEngine: Starting 100 threads for group Homepage Browse Users.
2026-04-06 00:48:20,475 INFO o.a.j.e.StandardJMeterEngine: Thread will continue on error
2026-04-06 00:48:20,475 INFO o.a.j.t.ThreadGroup: Starting thread group... number=1 threads=100 ramp-up=10 delayedStart=false
2026-04-06 00:48:20,478 INFO o.a.j.t.JMeterThread: Thread started: Homepage Browse Users 1-1
2026-04-06 00:48:20,500 INFO o.a.j.t.ThreadGroup: Started thread group number 1
2026-04-06 00:48:20,500 INFO o.a.j.e.StandardJMeterEngine: All thread groups have been started
2026-04-06 00:48:20,582 INFO o.a.j.t.JMeterThread: Thread started: Homepage Browse Users 1-2
2026-04-06 00:48:20,681 INFO o.a.j.t.JMeterThread: Thread started: Homepage Browse Users 1-3
2026-04-06 00:48:20,781 INFO o.a.j.t.JMeterThread: Thread started: Homepage Browse Users 1-4
2026-04-06 00:48:20,877 INFO o.a.j.t.JMeterThread: Thread started: Homepage Browse Users 1-5
2026-04-06 00:48:20,977 INFO o.a.j.t.JMeterThread: Thread started: Homepage Browse Users 1-6
2026-04-06 00:48:21,076 INFO o.a.j.t.JMeterThread: Thread started: Homepage Browse Users 1-7
2026-04-06 00:48:21,181 INFO o.a.j.t.JMeterThread: Thread started: Homepage Browse Users 1-8
2026-04-06 00:48:21,280 INFO o.a.j.t.JMeterThread: Thread started: Homepage Browse Users 1-9
2026-04-06 00:48:21,380 INFO o.a.j.t.JMeterThread: Thread started: Homepage Browse Users 1-10
2026-04-06 00:48:21,481 INFO o.a.j.t.JMeterThread: Thread started: Homepage Browse Users 1-11
2026-04-06 00:48:21,580 INFO o.a.j.t.JMeterThread: Thread started: Homepage Browse Users 1-12
2026-04-06 00:48:21,680 INFO o.a.j.t.JMeterThread: Thread started: Homepage Browse Users 1-13
2026-04-06 00:48:21,781 INFO o.a.j.t.JMeterThread: Thread started: Homepage Browse Users 1-14
2026-04-06 00:48:21,850 INFO o.a.j.p.h.s.HTTPHCAbstractImpl: Local host = Lows-MacBook-Air-4.local
2026-04-06 00:48:21,853 INFO o.a.j.p.h.s.HTTPHC4Impl: HTTP request retry count = 0
2026-04-06 00:48:21,854 INFO o.a.j.s.SampleResult: Note: Sample TimeStamps are START times
2026-04-06 00:48:21,854 INFO o.a.j.s.SampleResult: sampleresult.default.encoding is set to UTF-8
2026-04-06 00:48:21,854 INFO o.a.j.s.SampleResult: sampleresult.useNanoTime=true
2026-04-06 00:48:21,854 INFO o.a.j.s.SampleResult: sampleresult.nanoThreadSleep=5000
2026-04-06 00:48:21,881 INFO o.a.j.t.JMeterThread: Thread started: Homepage Browse Users 1-15
2026-04-06 00:48:21,978 INFO o.a.j.t.JMeterThread: Thread started: Homepage Browse Users 1-16
2026-04-06 00:48:22,081 INFO o.a.j.t.JMeterThread: Thread started: Homepage Browse Users 1-17
2026-04-06 00:48:22,181 INFO o.a.j.t.JMeterThread: Thread started: Homepage Browse Users 1-18
2026-04-06 00:48:22,280 INFO o.a.j.t.JMeterThread: Thread started: Homepage Browse Users 1-19
2026-04-06 00:48:22,380 INFO o.a.j.t.JMeterThread: Thread started: Homepage Browse Users 1-20
2026-04-06 00:48:22,482 INFO o.a.j.t.JMeterThread: Thread started: Homepage Browse Users 1-21
2026-04-06 00:48:22,580 INFO o.a.j.t.JMeterThread: Thread started: Homepage Browse Users 1-22
2026-04-06 00:48:22,680 INFO o.a.j.t.JMeterThread: Thread started: Homepage Browse Users 1-23
2026-04-06 00:48:22,780 INFO o.a.j.t.JMeterThread: Thread started: Homepage Browse Users 1-24
2026-04-06 00:48:22,880 INFO o.a.j.t.JMeterThread: Thread started: Homepage Browse Users 1-25
2026-04-06 00:48:22,981 INFO o.a.j.t.JMeterThread: Thread started: Homepage Browse Users 1-26
2026-04-06 00:48:23,081 INFO o.a.j.t.JMeterThread: Thread started: Homepage Browse Users 1-27
2026-04-06 00:48:23,180 INFO o.a.j.t.JMeterThread: Thread started: Homepage Browse Users 1-28
2026-04-06 00:48:23,280 INFO o.a.j.t.JMeterThread: Thread started: Homepage Browse Users 1-29
2026-04-06 00:48:23,380 INFO o.a.j.t.JMeterThread: Thread started: Homepage Browse Users 1-30
2026-04-06 00:48:23,481 INFO o.a.j.t.JMeterThread: Thread started: Homepage Browse Users 1-31
2026-04-06 00:48:23,580 INFO o.a.j.t.JMeterThread: Thread started: Homepage Browse Users 1-32
2026-04-06 00:48:23,680 INFO o.a.j.t.JMeterThread: Thread started: Homepage Browse Users 1-33
2026-04-06 00:48:23,778 INFO o.a.j.t.JMeterThread: Thread started: Homepage Browse Users 1-34
2026-04-06 00:48:23,881 INFO o.a.j.t.JMeterThread: Thread started: Homepage Browse Users 1-35
2026-04-06 00:48:23,983 INFO o.a.j.t.JMeterThread: Thread started: Homepage Browse Users 1-36
2026-04-06 00:48:24,080 INFO o.a.j.t.JMeterThread: Thread started: Homepage Browse Users 1-37
2026-04-06 00:48:24,180 INFO o.a.j.t.JMeterThread: Thread started: Homepage Browse Users 1-38
2026-04-06 00:48:24,281 INFO o.a.j.t.JMeterThread: Thread started: Homepage Browse Users 1-39
2026-04-06 00:48:24,377 INFO o.a.j.t.JMeterThread: Thread started: Homepage Browse Users 1-40
2026-04-06 00:48:24,480 INFO o.a.j.t.JMeterThread: Thread started: Homepage Browse Users 1-41
2026-04-06 00:48:24,575 INFO o.a.j.t.JMeterThread: Thread started: Homepage Browse Users 1-42
2026-04-06 00:48:24,681 INFO o.a.j.t.JMeterThread: Thread started: Homepage Browse Users 1-43
2026-04-06 00:48:24,782 INFO o.a.j.t.JMeterThread: Thread started: Homepage Browse Users 1-44
2026-04-06 00:48:24,881 INFO o.a.j.t.JMeterThread: Thread started: Homepage Browse Users 1-45
2026-04-06 00:48:24,980 INFO o.a.j.t.JMeterThread: Thread started: Homepage Browse Users 1-46
2026-04-06 00:48:25,081 INFO o.a.j.t.JMeterThread: Thread started: Homepage Browse Users 1-47
2026-04-06 00:48:25,179 INFO o.a.j.t.JMeterThread: Thread started: Homepage Browse Users 1-48
2026-04-06 00:48:25,280 INFO o.a.j.t.JMeterThread: Thread started: Homepage Browse Users 1-49
2026-04-06 00:48:25,379 INFO o.a.j.t.JMeterThread: Thread started: Homepage Browse Users 1-50
2026-04-06 00:48:25,480 INFO o.a.j.t.JMeterThread: Thread started: Homepage Browse Users 1-51
2026-04-06 00:48:25,580 INFO o.a.j.t.JMeterThread: Thread started: Homepage Browse Users 1-52
2026-04-06 00:48:25,680 INFO o.a.j.t.JMeterThread: Thread started: Homepage Browse Users 1-53
2026-04-06 00:48:25,779 INFO o.a.j.t.JMeterThread: Thread started: Homepage Browse Users 1-54
2026-04-06 00:48:25,881 INFO o.a.j.t.JMeterThread: Thread started: Homepage Browse Users 1-55
2026-04-06 00:48:25,979 INFO o.a.j.t.JMeterThread: Thread started: Homepage Browse Users 1-56
2026-04-06 00:48:26,080 INFO o.a.j.t.JMeterThread: Thread started: Homepage Browse Users 1-57
2026-04-06 00:48:26,180 INFO o.a.j.t.JMeterThread: Thread started: Homepage Browse Users 1-58
2026-04-06 00:48:26,280 INFO o.a.j.t.JMeterThread: Thread started: Homepage Browse Users 1-59
2026-04-06 00:48:26,378 INFO o.a.j.t.JMeterThread: Thread started: Homepage Browse Users 1-60
2026-04-06 00:48:26,480 INFO o.a.j.t.JMeterThread: Thread started: Homepage Browse Users 1-61
2026-04-06 00:48:26,580 INFO o.a.j.t.JMeterThread: Thread started: Homepage Browse Users 1-62
2026-04-06 00:48:26,677 INFO o.a.j.t.JMeterThread: Thread started: Homepage Browse Users 1-63
2026-04-06 00:48:26,787 INFO o.a.j.t.JMeterThread: Thread started: Homepage Browse Users 1-64
2026-04-06 00:48:26,877 INFO o.a.j.t.JMeterThread: Thread started: Homepage Browse Users 1-65
2026-04-06 00:48:26,981 INFO o.a.j.t.JMeterThread: Thread started: Homepage Browse Users 1-66
2026-04-06 00:48:27,080 INFO o.a.j.t.JMeterThread: Thread started: Homepage Browse Users 1-67
2026-04-06 00:48:27,181 INFO o.a.j.t.JMeterThread: Thread started: Homepage Browse Users 1-68
2026-04-06 00:48:27,280 INFO o.a.j.t.JMeterThread: Thread started: Homepage Browse Users 1-69
2026-04-06 00:48:27,381 INFO o.a.j.t.JMeterThread: Thread started: Homepage Browse Users 1-70
2026-04-06 00:48:27,481 INFO o.a.j.t.JMeterThread: Thread started: Homepage Browse Users 1-71
2026-04-06 00:48:27,580 INFO o.a.j.t.JMeterThread: Thread started: Homepage Browse Users 1-72
2026-04-06 00:48:27,685 INFO o.a.j.t.JMeterThread: Thread started: Homepage Browse Users 1-73
2026-04-06 00:48:27,777 INFO o.a.j.t.JMeterThread: Thread started: Homepage Browse Users 1-74
2026-04-06 00:48:27,880 INFO o.a.j.t.JMeterThread: Thread started: Homepage Browse Users 1-75
2026-04-06 00:48:27,981 INFO o.a.j.t.JMeterThread: Thread started: Homepage Browse Users 1-76
2026-04-06 00:48:28,081 INFO o.a.j.t.JMeterThread: Thread started: Homepage Browse Users 1-77
2026-04-06 00:48:28,180 INFO o.a.j.t.JMeterThread: Thread started: Homepage Browse Users 1-78
2026-04-06 00:48:28,280 INFO o.a.j.t.JMeterThread: Thread started: Homepage Browse Users 1-79
2026-04-06 00:48:28,380 INFO o.a.j.t.JMeterThread: Thread started: Homepage Browse Users 1-80
2026-04-06 00:48:28,481 INFO o.a.j.t.JMeterThread: Thread started: Homepage Browse Users 1-81
2026-04-06 00:48:28,581 INFO o.a.j.t.JMeterThread: Thread started: Homepage Browse Users 1-82
2026-04-06 00:48:28,680 INFO o.a.j.t.JMeterThread: Thread started: Homepage Browse Users 1-83
2026-04-06 00:48:28,776 INFO o.a.j.t.JMeterThread: Thread started: Homepage Browse Users 1-84
2026-04-06 00:48:28,880 INFO o.a.j.t.JMeterThread: Thread started: Homepage Browse Users 1-85
2026-04-06 00:48:28,981 INFO o.a.j.t.JMeterThread: Thread started: Homepage Browse Users 1-86
2026-04-06 00:48:29,081 INFO o.a.j.t.JMeterThread: Thread started: Homepage Browse Users 1-87
2026-04-06 00:48:29,179 INFO o.a.j.t.JMeterThread: Thread started: Homepage Browse Users 1-88
2026-04-06 00:48:29,281 INFO o.a.j.t.JMeterThread: Thread started: Homepage Browse Users 1-89
2026-04-06 00:48:29,381 INFO o.a.j.t.JMeterThread: Thread started: Homepage Browse Users 1-90
2026-04-06 00:48:29,480 INFO o.a.j.t.JMeterThread: Thread started: Homepage Browse Users 1-91
2026-04-06 00:48:29,581 INFO o.a.j.t.JMeterThread: Thread started: Homepage Browse Users 1-92
2026-04-06 00:48:29,678 INFO o.a.j.t.JMeterThread: Thread started: Homepage Browse Users 1-93
2026-04-06 00:48:29,780 INFO o.a.j.t.JMeterThread: Thread started: Homepage Browse Users 1-94
2026-04-06 00:48:29,877 INFO o.a.j.t.JMeterThread: Thread started: Homepage Browse Users 1-95
2026-04-06 00:48:29,980 INFO o.a.j.t.JMeterThread: Thread started: Homepage Browse Users 1-96
2026-04-06 00:48:30,025 INFO o.a.j.r.Summariser: summary +    170 in 00:00:10 =   17.8/s Avg:   188 Min:   176 Max:   253 Err:     0 (0.00%) Active: 96 Started: 96 Finished: 0
2026-04-06 00:48:30,080 INFO o.a.j.t.JMeterThread: Thread started: Homepage Browse Users 1-97
2026-04-06 00:48:30,181 INFO o.a.j.t.JMeterThread: Thread started: Homepage Browse Users 1-98
2026-04-06 00:48:30,281 INFO o.a.j.t.JMeterThread: Thread started: Homepage Browse Users 1-99
2026-04-06 00:48:30,380 INFO o.a.j.t.JMeterThread: Thread started: Homepage Browse Users 1-100
2026-04-06 00:49:00,009 INFO o.a.j.r.Summariser: summary +   1367 in 00:00:30 =   45.6/s Avg:   183 Min:   173 Max:   235 Err:     0 (0.00%) Active: 100 Started: 100 Finished: 0
2026-04-06 00:49:00,010 INFO o.a.j.r.Summariser: summary =   1537 in 00:00:40 =   38.9/s Avg:   184 Min:   173 Max:   253 Err:     0 (0.00%)
2026-04-06 00:49:18,081 INFO o.a.j.t.JMeterThread: Thread finished: Homepage Browse Users 1-19
2026-04-06 00:49:18,206 INFO o.a.j.t.JMeterThread: Thread finished: Homepage Browse Users 1-87
2026-04-06 00:49:18,206 INFO o.a.j.t.JMeterThread: Thread finished: Homepage Browse Users 1-17
2026-04-06 00:49:18,293 INFO o.a.j.t.JMeterThread: Thread finished: Homepage Browse Users 1-3
2026-04-06 00:49:18,380 INFO o.a.j.t.JMeterThread: Thread finished: Homepage Browse Users 1-25
2026-04-06 00:49:18,440 INFO o.a.j.t.JMeterThread: Thread finished: Homepage Browse Users 1-78
2026-04-06 00:49:18,478 INFO o.a.j.t.JMeterThread: Thread finished: Homepage Browse Users 1-10
2026-04-06 00:49:18,497 INFO o.a.j.t.JMeterThread: Thread finished: Homepage Browse Users 1-60
2026-04-06 00:49:18,526 INFO o.a.j.t.JMeterThread: Thread finished: Homepage Browse Users 1-5
2026-04-06 00:49:18,540 INFO o.a.j.t.JMeterThread: Thread finished: Homepage Browse Users 1-22
2026-04-06 00:49:18,574 INFO o.a.j.t.JMeterThread: Thread finished: Homepage Browse Users 1-23
2026-04-06 00:49:18,648 INFO o.a.j.t.JMeterThread: Thread finished: Homepage Browse Users 1-51
2026-04-06 00:49:18,663 INFO o.a.j.t.JMeterThread: Thread finished: Homepage Browse Users 1-72
2026-04-06 00:49:18,701 INFO o.a.j.t.JMeterThread: Thread finished: Homepage Browse Users 1-6
2026-04-06 00:49:18,722 INFO o.a.j.t.JMeterThread: Thread finished: Homepage Browse Users 1-18
2026-04-06 00:49:18,731 INFO o.a.j.t.JMeterThread: Thread finished: Homepage Browse Users 1-77
2026-04-06 00:49:18,780 INFO o.a.j.t.JMeterThread: Thread finished: Homepage Browse Users 1-13
2026-04-06 00:49:18,864 INFO o.a.j.t.JMeterThread: Thread finished: Homepage Browse Users 1-11
2026-04-06 00:49:18,866 INFO o.a.j.t.JMeterThread: Thread finished: Homepage Browse Users 1-2
2026-04-06 00:49:18,867 INFO o.a.j.t.JMeterThread: Thread finished: Homepage Browse Users 1-99
2026-04-06 00:49:18,924 INFO o.a.j.t.JMeterThread: Thread finished: Homepage Browse Users 1-96
2026-04-06 00:49:18,937 INFO o.a.j.t.JMeterThread: Thread finished: Homepage Browse Users 1-80
2026-04-06 00:49:18,938 INFO o.a.j.t.JMeterThread: Thread finished: Homepage Browse Users 1-50
2026-04-06 00:49:18,938 INFO o.a.j.t.JMeterThread: Thread finished: Homepage Browse Users 1-67
2026-04-06 00:49:18,948 INFO o.a.j.t.JMeterThread: Thread finished: Homepage Browse Users 1-100
2026-04-06 00:49:18,949 INFO o.a.j.t.JMeterThread: Thread finished: Homepage Browse Users 1-34
2026-04-06 00:49:18,949 INFO o.a.j.t.JMeterThread: Thread finished: Homepage Browse Users 1-38
2026-04-06 00:49:18,982 INFO o.a.j.t.JMeterThread: Thread finished: Homepage Browse Users 1-41
2026-04-06 00:49:18,982 INFO o.a.j.t.JMeterThread: Thread finished: Homepage Browse Users 1-45
2026-04-06 00:49:18,983 INFO o.a.j.t.JMeterThread: Thread finished: Homepage Browse Users 1-97
2026-04-06 00:49:18,991 INFO o.a.j.t.JMeterThread: Thread finished: Homepage Browse Users 1-64
2026-04-06 00:49:18,995 INFO o.a.j.t.JMeterThread: Thread finished: Homepage Browse Users 1-14
2026-04-06 00:49:19,009 INFO o.a.j.t.JMeterThread: Thread finished: Homepage Browse Users 1-52
2026-04-06 00:49:19,064 INFO o.a.j.t.JMeterThread: Thread finished: Homepage Browse Users 1-85
2026-04-06 00:49:19,208 INFO o.a.j.t.JMeterThread: Thread finished: Homepage Browse Users 1-43
2026-04-06 00:49:19,209 INFO o.a.j.t.JMeterThread: Thread finished: Homepage Browse Users 1-9
2026-04-06 00:49:19,244 INFO o.a.j.t.JMeterThread: Thread finished: Homepage Browse Users 1-31
2026-04-06 00:49:19,247 INFO o.a.j.t.JMeterThread: Thread finished: Homepage Browse Users 1-90
2026-04-06 00:49:19,312 INFO o.a.j.t.JMeterThread: Thread finished: Homepage Browse Users 1-30
2026-04-06 00:49:19,318 INFO o.a.j.t.JMeterThread: Thread finished: Homepage Browse Users 1-24
2026-04-06 00:49:19,328 INFO o.a.j.t.JMeterThread: Thread finished: Homepage Browse Users 1-57
2026-04-06 00:49:19,340 INFO o.a.j.t.JMeterThread: Thread finished: Homepage Browse Users 1-74
2026-04-06 00:49:19,355 INFO o.a.j.t.JMeterThread: Thread finished: Homepage Browse Users 1-37
2026-04-06 00:49:19,363 INFO o.a.j.t.JMeterThread: Thread finished: Homepage Browse Users 1-84
2026-04-06 00:49:19,419 INFO o.a.j.t.JMeterThread: Thread finished: Homepage Browse Users 1-68
2026-04-06 00:49:19,422 INFO o.a.j.t.JMeterThread: Thread finished: Homepage Browse Users 1-71
2026-04-06 00:49:19,445 INFO o.a.j.t.JMeterThread: Thread finished: Homepage Browse Users 1-93
2026-04-06 00:49:19,477 INFO o.a.j.t.JMeterThread: Thread finished: Homepage Browse Users 1-59
2026-04-06 00:49:19,562 INFO o.a.j.t.JMeterThread: Thread finished: Homepage Browse Users 1-98
2026-04-06 00:49:19,562 INFO o.a.j.t.JMeterThread: Thread finished: Homepage Browse Users 1-62
2026-04-06 00:49:19,578 INFO o.a.j.t.JMeterThread: Thread finished: Homepage Browse Users 1-73
2026-04-06 00:49:19,627 INFO o.a.j.t.JMeterThread: Thread finished: Homepage Browse Users 1-12
2026-04-06 00:49:19,627 INFO o.a.j.t.JMeterThread: Thread finished: Homepage Browse Users 1-21
2026-04-06 00:49:19,629 INFO o.a.j.t.JMeterThread: Thread finished: Homepage Browse Users 1-53
2026-04-06 00:49:19,678 INFO o.a.j.t.JMeterThread: Thread finished: Homepage Browse Users 1-88
2026-04-06 00:49:19,680 INFO o.a.j.t.JMeterThread: Thread finished: Homepage Browse Users 1-82
2026-04-06 00:49:19,686 INFO o.a.j.t.JMeterThread: Thread finished: Homepage Browse Users 1-75
2026-04-06 00:49:19,695 INFO o.a.j.t.JMeterThread: Thread finished: Homepage Browse Users 1-28
2026-04-06 00:49:19,695 INFO o.a.j.t.JMeterThread: Thread finished: Homepage Browse Users 1-66
2026-04-06 00:49:19,741 INFO o.a.j.t.JMeterThread: Thread finished: Homepage Browse Users 1-49
2026-04-06 00:49:19,746 INFO o.a.j.t.JMeterThread: Thread finished: Homepage Browse Users 1-56
2026-04-06 00:49:19,754 INFO o.a.j.t.JMeterThread: Thread finished: Homepage Browse Users 1-47
2026-04-06 00:49:19,760 INFO o.a.j.t.JMeterThread: Thread finished: Homepage Browse Users 1-42
2026-04-06 00:49:19,763 INFO o.a.j.t.JMeterThread: Thread finished: Homepage Browse Users 1-55
2026-04-06 00:49:19,768 INFO o.a.j.t.JMeterThread: Thread finished: Homepage Browse Users 1-91
2026-04-06 00:49:19,785 INFO o.a.j.t.JMeterThread: Thread finished: Homepage Browse Users 1-94
2026-04-06 00:49:19,797 INFO o.a.j.t.JMeterThread: Thread finished: Homepage Browse Users 1-83
2026-04-06 00:49:19,814 INFO o.a.j.t.JMeterThread: Thread finished: Homepage Browse Users 1-40
2026-04-06 00:49:19,845 INFO o.a.j.t.JMeterThread: Thread finished: Homepage Browse Users 1-44
2026-04-06 00:49:19,871 INFO o.a.j.t.JMeterThread: Thread finished: Homepage Browse Users 1-86
2026-04-06 00:49:19,914 INFO o.a.j.t.JMeterThread: Thread finished: Homepage Browse Users 1-1
2026-04-06 00:49:19,949 INFO o.a.j.t.JMeterThread: Thread finished: Homepage Browse Users 1-8
2026-04-06 00:49:19,965 INFO o.a.j.t.JMeterThread: Thread finished: Homepage Browse Users 1-92
2026-04-06 00:49:19,987 INFO o.a.j.t.JMeterThread: Thread finished: Homepage Browse Users 1-61
2026-04-06 00:49:20,010 INFO o.a.j.t.JMeterThread: Thread finished: Homepage Browse Users 1-58
2026-04-06 00:49:20,040 INFO o.a.j.t.JMeterThread: Thread finished: Homepage Browse Users 1-32
2026-04-06 00:49:20,040 INFO o.a.j.t.JMeterThread: Thread finished: Homepage Browse Users 1-4
2026-04-06 00:49:20,050 INFO o.a.j.t.JMeterThread: Thread finished: Homepage Browse Users 1-65
2026-04-06 00:49:20,097 INFO o.a.j.t.JMeterThread: Thread finished: Homepage Browse Users 1-63
2026-04-06 00:49:20,139 INFO o.a.j.t.JMeterThread: Thread finished: Homepage Browse Users 1-39
2026-04-06 00:49:20,176 INFO o.a.j.t.JMeterThread: Thread finished: Homepage Browse Users 1-26
2026-04-06 00:49:20,192 INFO o.a.j.t.JMeterThread: Thread finished: Homepage Browse Users 1-70
2026-04-06 00:49:20,193 INFO o.a.j.t.JMeterThread: Thread finished: Homepage Browse Users 1-16
2026-04-06 00:49:20,307 INFO o.a.j.t.JMeterThread: Thread finished: Homepage Browse Users 1-81
2026-04-06 00:49:20,315 INFO o.a.j.t.JMeterThread: Thread finished: Homepage Browse Users 1-79
2026-04-06 00:49:20,315 INFO o.a.j.t.JMeterThread: Thread finished: Homepage Browse Users 1-69
2026-04-06 00:49:20,348 INFO o.a.j.t.JMeterThread: Thread finished: Homepage Browse Users 1-20
2026-04-06 00:49:20,375 INFO o.a.j.t.JMeterThread: Thread finished: Homepage Browse Users 1-36
2026-04-06 00:49:20,416 INFO o.a.j.t.JMeterThread: Thread finished: Homepage Browse Users 1-15
2026-04-06 00:49:20,438 INFO o.a.j.t.JMeterThread: Thread finished: Homepage Browse Users 1-46
2026-04-06 00:49:20,439 INFO o.a.j.t.JMeterThread: Thread finished: Homepage Browse Users 1-48
2026-04-06 00:49:20,455 INFO o.a.j.t.JMeterThread: Thread finished: Homepage Browse Users 1-7
2026-04-06 00:49:20,529 INFO o.a.j.t.JMeterThread: Stopping because end time detected by thread: Homepage Browse Users 1-29
2026-04-06 00:49:20,529 INFO o.a.j.t.JMeterThread: Thread finished: Homepage Browse Users 1-29
2026-04-06 00:49:20,584 INFO o.a.j.t.JMeterThread: Stopping because end time detected by thread: Homepage Browse Users 1-27
2026-04-06 00:49:20,585 INFO o.a.j.t.JMeterThread: Stopping because end time detected by thread: Homepage Browse Users 1-95
2026-04-06 00:49:20,585 INFO o.a.j.t.JMeterThread: Thread finished: Homepage Browse Users 1-95
2026-04-06 00:49:20,585 INFO o.a.j.t.JMeterThread: Thread finished: Homepage Browse Users 1-27
2026-04-06 00:49:20,597 INFO o.a.j.t.JMeterThread: Stopping because end time detected by thread: Homepage Browse Users 1-54
2026-04-06 00:49:20,597 INFO o.a.j.t.JMeterThread: Thread finished: Homepage Browse Users 1-54
2026-04-06 00:49:20,631 INFO o.a.j.t.JMeterThread: Stopping because end time detected by thread: Homepage Browse Users 1-33
2026-04-06 00:49:20,631 INFO o.a.j.t.JMeterThread: Thread finished: Homepage Browse Users 1-33
2026-04-06 00:49:20,670 INFO o.a.j.t.JMeterThread: Stopping because end time detected by thread: Homepage Browse Users 1-35
2026-04-06 00:49:20,670 INFO o.a.j.t.JMeterThread: Thread finished: Homepage Browse Users 1-35
2026-04-06 00:49:20,673 INFO o.a.j.t.JMeterThread: Stopping because end time detected by thread: Homepage Browse Users 1-89
2026-04-06 00:49:20,673 INFO o.a.j.t.JMeterThread: Thread finished: Homepage Browse Users 1-89
2026-04-06 00:49:20,677 INFO o.a.j.t.JMeterThread: Stopping because end time detected by thread: Homepage Browse Users 1-76
2026-04-06 00:49:20,677 INFO o.a.j.t.JMeterThread: Thread finished: Homepage Browse Users 1-76
2026-04-06 00:49:20,677 INFO o.a.j.e.StandardJMeterEngine: Notifying test listeners of end of test
2026-04-06 00:49:20,680 INFO o.a.j.r.Summariser: summary +    941 in 00:00:21 =   45.5/s Avg:   182 Min:   173 Max:   223 Err:     0 (0.00%) Active: 0 Started: 100 Finished: 100
2026-04-06 00:49:20,681 INFO o.a.j.r.Summariser: summary =   2478 in 00:01:00 =   41.2/s Avg:   183 Min:   173 Max:   253 Err:     0 (0.00%)
