2026-04-06 00:51:28,774 INFO o.a.j.u.JMeterUtils: Setting Locale to en_EN
2026-04-06 00:51:28,791 INFO o.a.j.JMeter: Loading user properties from: /opt/homebrew/Cellar/jmeter/5.6.3/libexec/bin/user.properties
2026-04-06 00:51:28,791 INFO o.a.j.JMeter: Loading system properties from: /opt/homebrew/Cellar/jmeter/5.6.3/libexec/bin/system.properties
2026-04-06 00:51:28,792 INFO o.a.j.JMeter: Setting JMeter property: host=localhost
2026-04-06 00:51:28,792 INFO o.a.j.JMeter: Setting JMeter property: port=6060
2026-04-06 00:51:28,792 INFO o.a.j.JMeter: Setting JMeter property: login.users=100
2026-04-06 00:51:28,792 INFO o.a.j.JMeter: Setting JMeter property: duration=60
2026-04-06 00:51:28,792 INFO o.a.j.JMeter: Setting JMeter property: delay=0
2026-04-06 00:51:28,792 INFO o.a.j.JMeter: Setting JMeter property: jmeter.save.saveservice.output_format=csv
2026-04-06 00:51:28,796 INFO o.a.j.JMeter: Copyright (c) 1998-2024 The Apache Software Foundation
2026-04-06 00:51:28,796 INFO o.a.j.JMeter: Version 5.6.3
2026-04-06 00:51:28,796 INFO o.a.j.JMeter: java.version=21.0.10
2026-04-06 00:51:28,796 INFO o.a.j.JMeter: java.vm.name=OpenJDK 64-Bit Server VM
2026-04-06 00:51:28,796 INFO o.a.j.JMeter: os.name=Mac OS X
2026-04-06 00:51:28,796 INFO o.a.j.JMeter: os.arch=aarch64
2026-04-06 00:51:28,796 INFO o.a.j.JMeter: os.version=14.5
2026-04-06 00:51:28,796 INFO o.a.j.JMeter: file.encoding=UTF-8
2026-04-06 00:51:28,796 INFO o.a.j.JMeter: java.awt.headless=true
2026-04-06 00:51:28,796 INFO o.a.j.JMeter: Max memory     =1073741824
2026-04-06 00:51:28,796 INFO o.a.j.JMeter: Available Processors =8
2026-04-06 00:51:28,807 INFO o.a.j.JMeter: Default Locale=English (EN)
2026-04-06 00:51:28,807 INFO o.a.j.JMeter: JMeter  Locale=English (EN)
2026-04-06 00:51:28,807 INFO o.a.j.JMeter: JMeterHome=/opt/homebrew/Cellar/jmeter/5.6.3/libexec
2026-04-06 00:51:28,807 INFO o.a.j.JMeter: user.dir  =/Users/lowhanlynn/Documents/4218/cs4218-2520-ecom-project-c24218-2520-team07
2026-04-06 00:51:28,807 INFO o.a.j.JMeter: PWD       =/Users/lowhanlynn/Documents/4218/cs4218-2520-ecom-project-c24218-2520-team07
2026-04-06 00:51:28,809 INFO o.a.j.JMeter: IP: 127.0.0.1 Name: Lows-MacBook-Air-4.local FullName: localhost
2026-04-06 00:51:28,819 INFO o.a.j.s.FileServer: Default base='/Users/lowhanlynn/Documents/4218/cs4218-2520-ecom-project-c24218-2520-team07'
2026-04-06 00:51:28,820 INFO o.a.j.s.FileServer: Set new base='/Users/lowhanlynn/Documents/4218/cs4218-2520-ecom-project-c24218-2520-team07/load-testing'
2026-04-06 00:51:28,954 INFO o.a.j.s.SaveService: Testplan (JMX) version: 2.2. Testlog (JTL) version: 2.2
2026-04-06 00:51:28,982 INFO o.a.j.s.SaveService: Using SaveService properties version 5.0
2026-04-06 00:51:28,984 INFO o.a.j.s.SaveService: Using SaveService properties file encoding UTF-8
2026-04-06 00:51:28,986 INFO o.a.j.s.SaveService: Loading file: load-testing/login.jmx
2026-04-06 00:51:29,038 INFO o.a.j.p.h.s.HTTPSamplerBase: Parser for text/html is org.apache.jmeter.protocol.http.parser.LagartoBasedHtmlParser
2026-04-06 00:51:29,038 INFO o.a.j.p.h.s.HTTPSamplerBase: Parser for application/xhtml+xml is org.apache.jmeter.protocol.http.parser.LagartoBasedHtmlParser
2026-04-06 00:51:29,038 INFO o.a.j.p.h.s.HTTPSamplerBase: Parser for application/xml is org.apache.jmeter.protocol.http.parser.LagartoBasedHtmlParser
2026-04-06 00:51:29,038 INFO o.a.j.p.h.s.HTTPSamplerBase: Parser for text/xml is org.apache.jmeter.protocol.http.parser.LagartoBasedHtmlParser
2026-04-06 00:51:29,038 INFO o.a.j.p.h.s.HTTPSamplerBase: Parser for text/vnd.wap.wml is org.apache.jmeter.protocol.http.parser.RegexpHTMLParser
2026-04-06 00:51:29,038 INFO o.a.j.p.h.s.HTTPSamplerBase: Parser for text/css is org.apache.jmeter.protocol.http.parser.CssParser
2026-04-06 00:51:29,062 INFO o.a.j.JMeter: Creating summariser <summary>
2026-04-06 00:51:29,072 INFO o.a.j.e.StandardJMeterEngine: Running the test!
2026-04-06 00:51:29,073 INFO o.a.j.s.SampleEvent: List of sample_variables: []
2026-04-06 00:51:29,073 INFO o.a.j.s.SampleEvent: List of sample_variables: []
2026-04-06 00:51:29,076 INFO o.a.j.e.u.CompoundVariable: Note: Function class names must contain the string: '.functions.'
2026-04-06 00:51:29,076 INFO o.a.j.e.u.CompoundVariable: Note: Function class names must not contain the string: '.gui.'
2026-04-06 00:51:29,115 INFO o.a.j.r.ClassFinder: Will scan jar /opt/homebrew/Cellar/jmeter/5.6.3/libexec/lib/ext/jmeter-plugins-manager-1.9.jar with filter ExtendsClassFilter [parents=[interface org.apache.jmeter.functions.Function], inner=false, contains=null, notContains=null]. Consider exposing JMeter plugins via META-INF/services, and add JMeter-Skip-Class-Scanning=true manifest attribute so JMeter can skip classfile scanning
2026-04-06 00:51:29,220 INFO o.a.j.JMeter: Running test (1775407889220)
2026-04-06 00:51:29,233 INFO o.a.j.e.StandardJMeterEngine: Starting ThreadGroup: 1 : Login Users
2026-04-06 00:51:29,233 INFO o.a.j.e.StandardJMeterEngine: Starting 100 threads for group Login Users.
2026-04-06 00:51:29,233 INFO o.a.j.e.StandardJMeterEngine: Thread will continue on error
2026-04-06 00:51:29,233 INFO o.a.j.t.ThreadGroup: Starting thread group... number=1 threads=100 ramp-up=10 delayedStart=false
2026-04-06 00:51:29,288 INFO o.a.j.t.ThreadGroup: Started thread group number 1
2026-04-06 00:51:29,289 INFO o.a.j.e.StandardJMeterEngine: All thread groups have been started
2026-04-06 00:51:29,325 INFO o.a.j.t.JMeterThread: Thread started: Login Users 1-1
2026-04-06 00:51:29,327 INFO o.a.j.s.FileServer: Stored: load-testing/data/users.csv
2026-04-06 00:51:29,425 INFO o.a.j.t.JMeterThread: Thread started: Login Users 1-2
2026-04-06 00:51:29,529 INFO o.a.j.t.JMeterThread: Thread started: Login Users 1-3
2026-04-06 00:51:29,628 INFO o.a.j.t.JMeterThread: Thread started: Login Users 1-4
2026-04-06 00:51:29,721 INFO o.a.j.t.JMeterThread: Thread started: Login Users 1-5
2026-04-06 00:51:29,824 INFO o.a.j.t.JMeterThread: Thread started: Login Users 1-6
2026-04-06 00:51:29,922 INFO o.a.j.t.JMeterThread: Thread started: Login Users 1-7
2026-04-06 00:51:30,023 INFO o.a.j.t.JMeterThread: Thread started: Login Users 1-8
2026-04-06 00:51:30,119 INFO o.a.j.t.JMeterThread: Thread started: Login Users 1-9
2026-04-06 00:51:30,223 INFO o.a.j.t.JMeterThread: Thread started: Login Users 1-10
2026-04-06 00:51:30,322 INFO o.a.j.t.JMeterThread: Thread started: Login Users 1-11
2026-04-06 00:51:30,419 INFO o.a.j.t.JMeterThread: Thread started: Login Users 1-12
2026-04-06 00:51:30,525 INFO o.a.j.t.JMeterThread: Thread started: Login Users 1-13
2026-04-06 00:51:30,622 INFO o.a.j.t.JMeterThread: Thread started: Login Users 1-14
2026-04-06 00:51:30,720 INFO o.a.j.t.JMeterThread: Thread started: Login Users 1-15
2026-04-06 00:51:30,824 INFO o.a.j.t.JMeterThread: Thread started: Login Users 1-16
2026-04-06 00:51:30,902 INFO o.a.j.p.h.s.HTTPHCAbstractImpl: Local host = Lows-MacBook-Air-4.local
2026-04-06 00:51:30,916 INFO o.a.j.p.h.s.HTTPHC4Impl: HTTP request retry count = 0
2026-04-06 00:51:30,916 INFO o.a.j.t.JMeterThread: Thread started: Login Users 1-17
2026-04-06 00:51:30,918 INFO o.a.j.s.SampleResult: Note: Sample TimeStamps are START times
2026-04-06 00:51:30,918 INFO o.a.j.s.SampleResult: sampleresult.default.encoding is set to UTF-8
2026-04-06 00:51:30,918 INFO o.a.j.s.SampleResult: sampleresult.useNanoTime=true
2026-04-06 00:51:30,918 INFO o.a.j.s.SampleResult: sampleresult.nanoThreadSleep=5000
2026-04-06 00:51:31,019 INFO o.a.j.t.JMeterThread: Thread started: Login Users 1-18
2026-04-06 00:51:31,119 INFO o.a.j.t.JMeterThread: Thread started: Login Users 1-19
2026-04-06 00:51:31,218 INFO o.a.j.t.JMeterThread: Thread started: Login Users 1-20
2026-04-06 00:51:31,234 INFO o.a.j.r.Summariser: summary +      1 in 00:00:02 =    0.5/s Avg:   270 Min:   270 Max:   270 Err:     0 (0.00%) Active: 20 Started: 20 Finished: 0
2026-04-06 00:51:31,317 INFO o.a.j.t.JMeterThread: Thread started: Login Users 1-21
2026-04-06 00:51:31,416 INFO o.a.j.t.JMeterThread: Thread started: Login Users 1-22
2026-04-06 00:51:31,516 INFO o.a.j.t.JMeterThread: Thread started: Login Users 1-23
2026-04-06 00:51:31,615 INFO o.a.j.t.JMeterThread: Thread started: Login Users 1-24
2026-04-06 00:51:31,715 INFO o.a.j.t.JMeterThread: Thread started: Login Users 1-25
2026-04-06 00:51:31,812 INFO o.a.j.t.JMeterThread: Thread started: Login Users 1-26
2026-04-06 00:51:31,909 INFO o.a.j.t.JMeterThread: Thread started: Login Users 1-27
2026-04-06 00:51:32,014 INFO o.a.j.t.JMeterThread: Thread started: Login Users 1-28
2026-04-06 00:51:32,106 INFO o.a.j.t.JMeterThread: Thread started: Login Users 1-29
2026-04-06 00:51:32,206 INFO o.a.j.t.JMeterThread: Thread started: Login Users 1-30
2026-04-06 00:51:32,307 INFO o.a.j.t.JMeterThread: Thread started: Login Users 1-31
2026-04-06 00:51:32,407 INFO o.a.j.t.JMeterThread: Thread started: Login Users 1-32
2026-04-06 00:51:32,502 INFO o.a.j.t.JMeterThread: Thread started: Login Users 1-33
2026-04-06 00:51:32,609 INFO o.a.j.t.JMeterThread: Thread started: Login Users 1-34
2026-04-06 00:51:32,703 INFO o.a.j.t.JMeterThread: Thread started: Login Users 1-35
2026-04-06 00:51:32,806 INFO o.a.j.t.JMeterThread: Thread started: Login Users 1-36
2026-04-06 00:51:32,901 INFO o.a.j.t.JMeterThread: Thread started: Login Users 1-37
2026-04-06 00:51:33,002 INFO o.a.j.t.JMeterThread: Thread started: Login Users 1-38
2026-04-06 00:51:33,099 INFO o.a.j.t.JMeterThread: Thread started: Login Users 1-39
2026-04-06 00:51:33,197 INFO o.a.j.t.JMeterThread: Thread started: Login Users 1-40
2026-04-06 00:51:33,300 INFO o.a.j.t.JMeterThread: Thread started: Login Users 1-41
2026-04-06 00:51:33,400 INFO o.a.j.t.JMeterThread: Thread started: Login Users 1-42
2026-04-06 00:51:33,497 INFO o.a.j.t.JMeterThread: Thread started: Login Users 1-43
2026-04-06 00:51:33,596 INFO o.a.j.t.JMeterThread: Thread started: Login Users 1-44
2026-04-06 00:51:33,696 INFO o.a.j.t.JMeterThread: Thread started: Login Users 1-45
2026-04-06 00:51:33,796 INFO o.a.j.t.JMeterThread: Thread started: Login Users 1-46
2026-04-06 00:51:33,894 INFO o.a.j.t.JMeterThread: Thread started: Login Users 1-47
2026-04-06 00:51:33,994 INFO o.a.j.t.JMeterThread: Thread started: Login Users 1-48
2026-04-06 00:51:34,093 INFO o.a.j.t.JMeterThread: Thread started: Login Users 1-49
2026-04-06 00:51:34,193 INFO o.a.j.t.JMeterThread: Thread started: Login Users 1-50
2026-04-06 00:51:34,294 INFO o.a.j.t.JMeterThread: Thread started: Login Users 1-51
2026-04-06 00:51:34,394 INFO o.a.j.t.JMeterThread: Thread started: Login Users 1-52
2026-04-06 00:51:34,490 INFO o.a.j.t.JMeterThread: Thread started: Login Users 1-53
2026-04-06 00:51:34,584 INFO o.a.j.t.JMeterThread: Thread started: Login Users 1-54
2026-04-06 00:51:34,684 INFO o.a.j.t.JMeterThread: Thread started: Login Users 1-55
2026-04-06 00:51:34,785 INFO o.a.j.t.JMeterThread: Thread started: Login Users 1-56
2026-04-06 00:51:34,885 INFO o.a.j.t.JMeterThread: Thread started: Login Users 1-57
2026-04-06 00:51:34,987 INFO o.a.j.t.JMeterThread: Thread started: Login Users 1-58
2026-04-06 00:51:35,099 INFO o.a.j.t.JMeterThread: Thread started: Login Users 1-59
2026-04-06 00:51:35,186 INFO o.a.j.t.JMeterThread: Thread started: Login Users 1-60
2026-04-06 00:51:35,283 INFO o.a.j.t.JMeterThread: Thread started: Login Users 1-61
2026-04-06 00:51:35,386 INFO o.a.j.t.JMeterThread: Thread started: Login Users 1-62
2026-04-06 00:51:35,485 INFO o.a.j.t.JMeterThread: Thread started: Login Users 1-63
2026-04-06 00:51:35,585 INFO o.a.j.t.JMeterThread: Thread started: Login Users 1-64
2026-04-06 00:51:35,680 INFO o.a.j.t.JMeterThread: Thread started: Login Users 1-65
2026-04-06 00:51:35,784 INFO o.a.j.t.JMeterThread: Thread started: Login Users 1-66
2026-04-06 00:51:35,884 INFO o.a.j.t.JMeterThread: Thread started: Login Users 1-67
2026-04-06 00:51:35,981 INFO o.a.j.t.JMeterThread: Thread started: Login Users 1-68
2026-04-06 00:51:36,083 INFO o.a.j.t.JMeterThread: Thread started: Login Users 1-69
2026-04-06 00:51:36,178 INFO o.a.j.t.JMeterThread: Thread started: Login Users 1-70
2026-04-06 00:51:36,281 INFO o.a.j.t.JMeterThread: Thread started: Login Users 1-71
2026-04-06 00:51:36,384 INFO o.a.j.t.JMeterThread: Thread started: Login Users 1-72
2026-04-06 00:51:36,483 INFO o.a.j.t.JMeterThread: Thread started: Login Users 1-73
2026-04-06 00:51:36,579 INFO o.a.j.t.JMeterThread: Thread started: Login Users 1-74
2026-04-06 00:51:36,673 INFO o.a.j.t.JMeterThread: Thread started: Login Users 1-75
2026-04-06 00:51:36,776 INFO o.a.j.t.JMeterThread: Thread started: Login Users 1-76
2026-04-06 00:51:36,882 INFO o.a.j.t.JMeterThread: Thread started: Login Users 1-77
2026-04-06 00:51:36,984 INFO o.a.j.t.JMeterThread: Thread started: Login Users 1-78
2026-04-06 00:51:37,074 INFO o.a.j.t.JMeterThread: Thread started: Login Users 1-79
2026-04-06 00:51:37,180 INFO o.a.j.t.JMeterThread: Thread started: Login Users 1-80
2026-04-06 00:51:37,275 INFO o.a.j.t.JMeterThread: Thread started: Login Users 1-81
2026-04-06 00:51:37,375 INFO o.a.j.t.JMeterThread: Thread started: Login Users 1-82
2026-04-06 00:51:37,478 INFO o.a.j.t.JMeterThread: Thread started: Login Users 1-83
2026-04-06 00:51:37,578 INFO o.a.j.t.JMeterThread: Thread started: Login Users 1-84
2026-04-06 00:51:37,677 INFO o.a.j.t.JMeterThread: Thread started: Login Users 1-85
2026-04-06 00:51:37,779 INFO o.a.j.t.JMeterThread: Thread started: Login Users 1-86
2026-04-06 00:51:37,877 INFO o.a.j.t.JMeterThread: Thread started: Login Users 1-87
2026-04-06 00:51:37,974 INFO o.a.j.t.JMeterThread: Thread started: Login Users 1-88
2026-04-06 00:51:38,075 INFO o.a.j.t.JMeterThread: Thread started: Login Users 1-89
2026-04-06 00:51:38,171 INFO o.a.j.t.JMeterThread: Thread started: Login Users 1-90
2026-04-06 00:51:38,277 INFO o.a.j.t.JMeterThread: Thread started: Login Users 1-91
2026-04-06 00:51:38,372 INFO o.a.j.t.JMeterThread: Thread started: Login Users 1-92
2026-04-06 00:51:38,474 INFO o.a.j.t.JMeterThread: Thread started: Login Users 1-93
2026-04-06 00:51:38,571 INFO o.a.j.t.JMeterThread: Thread started: Login Users 1-94
2026-04-06 00:51:38,675 INFO o.a.j.t.JMeterThread: Thread started: Login Users 1-95
2026-04-06 00:51:38,773 INFO o.a.j.t.JMeterThread: Thread started: Login Users 1-96
2026-04-06 00:51:38,874 INFO o.a.j.t.JMeterThread: Thread started: Login Users 1-97
2026-04-06 00:51:38,969 INFO o.a.j.t.JMeterThread: Thread started: Login Users 1-98
2026-04-06 00:51:39,069 INFO o.a.j.t.JMeterThread: Thread started: Login Users 1-99
2026-04-06 00:51:39,179 INFO o.a.j.t.JMeterThread: Thread started: Login Users 1-100
2026-04-06 00:52:00,006 INFO o.a.j.r.Summariser: summary +   1020 in 00:00:29 =   35.5/s Avg:   384 Min:   230 Max:  1414 Err:     0 (0.00%) Active: 100 Started: 100 Finished: 0
2026-04-06 00:52:00,007 INFO o.a.j.r.Summariser: summary =   1021 in 00:00:31 =   33.2/s Avg:   383 Min:   230 Max:  1414 Err:     0 (0.00%)
2026-04-06 00:52:26,649 INFO o.a.j.t.JMeterThread: Thread finished: Login Users 1-31
2026-04-06 00:52:26,770 INFO o.a.j.t.JMeterThread: Thread finished: Login Users 1-92
2026-04-06 00:52:26,894 INFO o.a.j.t.JMeterThread: Thread finished: Login Users 1-51
2026-04-06 00:52:26,928 INFO o.a.j.t.JMeterThread: Thread finished: Login Users 1-63
2026-04-06 00:52:26,956 INFO o.a.j.t.JMeterThread: Thread finished: Login Users 1-56
2026-04-06 00:52:26,998 INFO o.a.j.t.JMeterThread: Thread finished: Login Users 1-38
2026-04-06 00:52:27,083 INFO o.a.j.t.JMeterThread: Thread finished: Login Users 1-86
2026-04-06 00:52:27,088 INFO o.a.j.t.JMeterThread: Thread finished: Login Users 1-34
2026-04-06 00:52:27,092 INFO o.a.j.t.JMeterThread: Thread finished: Login Users 1-79
2026-04-06 00:52:27,151 INFO o.a.j.t.JMeterThread: Thread finished: Login Users 1-6
2026-04-06 00:52:27,168 INFO o.a.j.t.JMeterThread: Thread finished: Login Users 1-78
2026-04-06 00:52:27,245 INFO o.a.j.t.JMeterThread: Thread finished: Login Users 1-7
2026-04-06 00:52:27,311 INFO o.a.j.t.JMeterThread: Thread finished: Login Users 1-85
2026-04-06 00:52:27,395 INFO o.a.j.t.JMeterThread: Thread finished: Login Users 1-29
2026-04-06 00:52:27,416 INFO o.a.j.t.JMeterThread: Thread finished: Login Users 1-19
2026-04-06 00:52:27,434 INFO o.a.j.t.JMeterThread: Thread finished: Login Users 1-40
2026-04-06 00:52:27,460 INFO o.a.j.t.JMeterThread: Thread finished: Login Users 1-75
2026-04-06 00:52:27,483 INFO o.a.j.t.JMeterThread: Thread finished: Login Users 1-27
2026-04-06 00:52:27,501 INFO o.a.j.t.JMeterThread: Thread finished: Login Users 1-1
2026-04-06 00:52:27,527 INFO o.a.j.t.JMeterThread: Thread finished: Login Users 1-64
2026-04-06 00:52:27,528 INFO o.a.j.t.JMeterThread: Thread finished: Login Users 1-89
2026-04-06 00:52:27,552 INFO o.a.j.t.JMeterThread: Thread finished: Login Users 1-14
2026-04-06 00:52:27,567 INFO o.a.j.t.JMeterThread: Thread finished: Login Users 1-77
2026-04-06 00:52:27,598 INFO o.a.j.t.JMeterThread: Thread finished: Login Users 1-66
2026-04-06 00:52:27,635 INFO o.a.j.t.JMeterThread: Thread finished: Login Users 1-87
2026-04-06 00:52:27,660 INFO o.a.j.t.JMeterThread: Thread finished: Login Users 1-60
2026-04-06 00:52:27,665 INFO o.a.j.t.JMeterThread: Thread finished: Login Users 1-37
2026-04-06 00:52:27,684 INFO o.a.j.t.JMeterThread: Thread finished: Login Users 1-28
2026-04-06 00:52:27,698 INFO o.a.j.t.JMeterThread: Thread finished: Login Users 1-50
2026-04-06 00:52:27,729 INFO o.a.j.t.JMeterThread: Thread finished: Login Users 1-25
2026-04-06 00:52:27,733 INFO o.a.j.t.JMeterThread: Thread finished: Login Users 1-47
2026-04-06 00:52:27,753 INFO o.a.j.t.JMeterThread: Thread finished: Login Users 1-61
2026-04-06 00:52:27,766 INFO o.a.j.t.JMeterThread: Thread finished: Login Users 1-53
2026-04-06 00:52:27,800 INFO o.a.j.t.JMeterThread: Thread finished: Login Users 1-22
2026-04-06 00:52:27,804 INFO o.a.j.t.JMeterThread: Thread finished: Login Users 1-84
2026-04-06 00:52:27,884 INFO o.a.j.t.JMeterThread: Thread finished: Login Users 1-20
2026-04-06 00:52:27,900 INFO o.a.j.t.JMeterThread: Thread finished: Login Users 1-80
2026-04-06 00:52:27,928 INFO o.a.j.t.JMeterThread: Thread finished: Login Users 1-42
2026-04-06 00:52:27,932 INFO o.a.j.t.JMeterThread: Thread finished: Login Users 1-26
2026-04-06 00:52:27,951 INFO o.a.j.t.JMeterThread: Thread finished: Login Users 1-83
2026-04-06 00:52:27,968 INFO o.a.j.t.JMeterThread: Thread finished: Login Users 1-41
2026-04-06 00:52:27,993 INFO o.a.j.t.JMeterThread: Thread finished: Login Users 1-45
2026-04-06 00:52:27,998 INFO o.a.j.t.JMeterThread: Thread finished: Login Users 1-90
2026-04-06 00:52:28,017 INFO o.a.j.t.JMeterThread: Thread finished: Login Users 1-70
2026-04-06 00:52:28,036 INFO o.a.j.t.JMeterThread: Thread finished: Login Users 1-21
2026-04-06 00:52:28,068 INFO o.a.j.t.JMeterThread: Thread finished: Login Users 1-43
2026-04-06 00:52:28,068 INFO o.a.j.t.JMeterThread: Thread finished: Login Users 1-67
2026-04-06 00:52:28,084 INFO o.a.j.t.JMeterThread: Thread finished: Login Users 1-57
2026-04-06 00:52:28,108 INFO o.a.j.t.JMeterThread: Thread finished: Login Users 1-93
2026-04-06 00:52:28,131 INFO o.a.j.t.JMeterThread: Thread finished: Login Users 1-100
2026-04-06 00:52:28,134 INFO o.a.j.t.JMeterThread: Thread finished: Login Users 1-76
2026-04-06 00:52:28,151 INFO o.a.j.t.JMeterThread: Thread finished: Login Users 1-49
2026-04-06 00:52:28,224 INFO o.a.j.t.JMeterThread: Thread finished: Login Users 1-46
2026-04-06 00:52:28,247 INFO o.a.j.t.JMeterThread: Thread finished: Login Users 1-62
2026-04-06 00:52:28,248 INFO o.a.j.t.JMeterThread: Thread finished: Login Users 1-18
2026-04-06 00:52:28,271 INFO o.a.j.t.JMeterThread: Thread finished: Login Users 1-39
2026-04-06 00:52:28,301 INFO o.a.j.t.JMeterThread: Thread finished: Login Users 1-23
2026-04-06 00:52:28,314 INFO o.a.j.t.JMeterThread: Thread finished: Login Users 1-11
2026-04-06 00:52:28,314 INFO o.a.j.t.JMeterThread: Thread finished: Login Users 1-55
2026-04-06 00:52:28,340 INFO o.a.j.t.JMeterThread: Thread finished: Login Users 1-72
2026-04-06 00:52:28,377 INFO o.a.j.t.JMeterThread: Thread finished: Login Users 1-9
2026-04-06 00:52:28,457 INFO o.a.j.t.JMeterThread: Thread finished: Login Users 1-73
2026-04-06 00:52:28,497 INFO o.a.j.t.JMeterThread: Thread finished: Login Users 1-10
2026-04-06 00:52:28,501 INFO o.a.j.t.JMeterThread: Thread finished: Login Users 1-65
2026-04-06 00:52:28,536 INFO o.a.j.t.JMeterThread: Thread finished: Login Users 1-68
2026-04-06 00:52:28,583 INFO o.a.j.t.JMeterThread: Thread finished: Login Users 1-32
2026-04-06 00:52:28,639 INFO o.a.j.t.JMeterThread: Thread finished: Login Users 1-17
2026-04-06 00:52:28,650 INFO o.a.j.t.JMeterThread: Thread finished: Login Users 1-69
2026-04-06 00:52:28,687 INFO o.a.j.t.JMeterThread: Thread finished: Login Users 1-82
2026-04-06 00:52:28,710 INFO o.a.j.t.JMeterThread: Thread finished: Login Users 1-33
2026-04-06 00:52:28,772 INFO o.a.j.t.JMeterThread: Thread finished: Login Users 1-71
2026-04-06 00:52:28,834 INFO o.a.j.t.JMeterThread: Thread finished: Login Users 1-96
2026-04-06 00:52:28,856 INFO o.a.j.t.JMeterThread: Thread finished: Login Users 1-24
2026-04-06 00:52:28,901 INFO o.a.j.t.JMeterThread: Thread finished: Login Users 1-5
2026-04-06 00:52:28,924 INFO o.a.j.t.JMeterThread: Thread finished: Login Users 1-97
2026-04-06 00:52:28,929 INFO o.a.j.t.JMeterThread: Thread finished: Login Users 1-2
2026-04-06 00:52:28,939 INFO o.a.j.t.JMeterThread: Thread finished: Login Users 1-8
2026-04-06 00:52:28,973 INFO o.a.j.t.JMeterThread: Thread finished: Login Users 1-30
2026-04-06 00:52:29,023 INFO o.a.j.t.JMeterThread: Thread finished: Login Users 1-3
2026-04-06 00:52:29,023 INFO o.a.j.t.JMeterThread: Thread finished: Login Users 1-59
2026-04-06 00:52:29,095 INFO o.a.j.t.JMeterThread: Thread finished: Login Users 1-52
2026-04-06 00:52:29,098 INFO o.a.j.t.JMeterThread: Thread finished: Login Users 1-35
2026-04-06 00:52:29,098 INFO o.a.j.t.JMeterThread: Thread finished: Login Users 1-13
2026-04-06 00:52:29,149 INFO o.a.j.t.JMeterThread: Thread finished: Login Users 1-12
2026-04-06 00:52:29,157 INFO o.a.j.t.JMeterThread: Thread finished: Login Users 1-58
2026-04-06 00:52:29,166 INFO o.a.j.t.JMeterThread: Thread finished: Login Users 1-98
2026-04-06 00:52:29,186 INFO o.a.j.t.JMeterThread: Thread finished: Login Users 1-4
2026-04-06 00:52:29,215 INFO o.a.j.t.JMeterThread: Thread finished: Login Users 1-54
2026-04-06 00:52:29,221 INFO o.a.j.t.JMeterThread: Thread finished: Login Users 1-44
2026-04-06 00:52:29,293 INFO o.a.j.t.JMeterThread: Stopping because end time detected by thread: Login Users 1-15
2026-04-06 00:52:29,293 INFO o.a.j.t.JMeterThread: Thread finished: Login Users 1-15
2026-04-06 00:52:29,324 INFO o.a.j.t.JMeterThread: Stopping because end time detected by thread: Login Users 1-94
2026-04-06 00:52:29,325 INFO o.a.j.t.JMeterThread: Thread finished: Login Users 1-94
2026-04-06 00:52:29,340 INFO o.a.j.t.JMeterThread: Stopping because end time detected by thread: Login Users 1-16
2026-04-06 00:52:29,340 INFO o.a.j.t.JMeterThread: Thread finished: Login Users 1-16
2026-04-06 00:52:29,340 INFO o.a.j.t.JMeterThread: Stopping because end time detected by thread: Login Users 1-99
2026-04-06 00:52:29,340 INFO o.a.j.t.JMeterThread: Thread finished: Login Users 1-99
2026-04-06 00:52:29,358 INFO o.a.j.t.JMeterThread: Stopping because end time detected by thread: Login Users 1-88
2026-04-06 00:52:29,359 INFO o.a.j.t.JMeterThread: Thread finished: Login Users 1-88
2026-04-06 00:52:29,395 INFO o.a.j.t.JMeterThread: Stopping because end time detected by thread: Login Users 1-36
2026-04-06 00:52:29,396 INFO o.a.j.t.JMeterThread: Thread finished: Login Users 1-36
2026-04-06 00:52:29,412 INFO o.a.j.t.JMeterThread: Stopping because end time detected by thread: Login Users 1-81
2026-04-06 00:52:29,412 INFO o.a.j.t.JMeterThread: Thread finished: Login Users 1-81
2026-04-06 00:52:29,444 INFO o.a.j.t.JMeterThread: Stopping because end time detected by thread: Login Users 1-74
2026-04-06 00:52:29,444 INFO o.a.j.t.JMeterThread: Thread finished: Login Users 1-74
2026-04-06 00:52:29,472 INFO o.a.j.t.JMeterThread: Stopping because end time detected by thread: Login Users 1-91
2026-04-06 00:52:29,472 INFO o.a.j.t.JMeterThread: Thread finished: Login Users 1-91
2026-04-06 00:52:29,499 INFO o.a.j.t.JMeterThread: Stopping because end time detected by thread: Login Users 1-48
2026-04-06 00:52:29,499 INFO o.a.j.t.JMeterThread: Thread finished: Login Users 1-48
2026-04-06 00:52:29,528 INFO o.a.j.t.JMeterThread: Stopping because end time detected by thread: Login Users 1-95
2026-04-06 00:52:29,528 INFO o.a.j.t.JMeterThread: Thread finished: Login Users 1-95
2026-04-06 00:52:29,528 INFO o.a.j.e.StandardJMeterEngine: Notifying test listeners of end of test
2026-04-06 00:52:29,529 INFO o.a.j.s.FileServer: Close: load-testing/data/users.csv
2026-04-06 00:52:29,542 INFO o.a.j.r.Summariser: summary +   1277 in 00:00:30 =   43.3/s Avg:   292 Min:   231 Max:   474 Err:     0 (0.00%) Active: 0 Started: 100 Finished: 100
2026-04-06 00:52:29,554 INFO o.a.j.r.Summariser: summary =   2298 in 00:01:00 =   38.1/s Avg:   333 Min:   230 Max:  1414 Err:     0 (0.00%)
