2026-04-06 00:52:31,742 INFO o.a.j.u.JMeterUtils: Setting Locale to en_EN
2026-04-06 00:52:31,759 INFO o.a.j.JMeter: Loading user properties from: /opt/homebrew/Cellar/jmeter/5.6.3/libexec/bin/user.properties
2026-04-06 00:52:31,759 INFO o.a.j.JMeter: Loading system properties from: /opt/homebrew/Cellar/jmeter/5.6.3/libexec/bin/system.properties
2026-04-06 00:52:31,759 INFO o.a.j.JMeter: Setting JMeter property: host=localhost
2026-04-06 00:52:31,760 INFO o.a.j.JMeter: Setting JMeter property: port=6060
2026-04-06 00:52:31,760 INFO o.a.j.JMeter: Setting JMeter property: search.users=100
2026-04-06 00:52:31,760 INFO o.a.j.JMeter: Setting JMeter property: duration=60
2026-04-06 00:52:31,760 INFO o.a.j.JMeter: Setting JMeter property: delay=0
2026-04-06 00:52:31,760 INFO o.a.j.JMeter: Setting JMeter property: jmeter.save.saveservice.output_format=csv
2026-04-06 00:52:31,763 INFO o.a.j.JMeter: Copyright (c) 1998-2024 The Apache Software Foundation
2026-04-06 00:52:31,764 INFO o.a.j.JMeter: Version 5.6.3
2026-04-06 00:52:31,764 INFO o.a.j.JMeter: java.version=21.0.10
2026-04-06 00:52:31,764 INFO o.a.j.JMeter: java.vm.name=OpenJDK 64-Bit Server VM
2026-04-06 00:52:31,764 INFO o.a.j.JMeter: os.name=Mac OS X
2026-04-06 00:52:31,764 INFO o.a.j.JMeter: os.arch=aarch64
2026-04-06 00:52:31,764 INFO o.a.j.JMeter: os.version=14.5
2026-04-06 00:52:31,764 INFO o.a.j.JMeter: file.encoding=UTF-8
2026-04-06 00:52:31,764 INFO o.a.j.JMeter: java.awt.headless=true
2026-04-06 00:52:31,764 INFO o.a.j.JMeter: Max memory     =1073741824
2026-04-06 00:52:31,764 INFO o.a.j.JMeter: Available Processors =8
2026-04-06 00:52:31,771 INFO o.a.j.JMeter: Default Locale=English (EN)
2026-04-06 00:52:31,771 INFO o.a.j.JMeter: JMeter  Locale=English (EN)
2026-04-06 00:52:31,771 INFO o.a.j.JMeter: JMeterHome=/opt/homebrew/Cellar/jmeter/5.6.3/libexec
2026-04-06 00:52:31,771 INFO o.a.j.JMeter: user.dir  =/Users/lowhanlynn/Documents/4218/cs4218-2520-ecom-project-c24218-2520-team07
2026-04-06 00:52:31,771 INFO o.a.j.JMeter: PWD       =/Users/lowhanlynn/Documents/4218/cs4218-2520-ecom-project-c24218-2520-team07
2026-04-06 00:52:31,773 INFO o.a.j.JMeter: IP: 127.0.0.1 Name: Lows-MacBook-Air-4.local FullName: localhost
2026-04-06 00:52:31,784 INFO o.a.j.s.FileServer: Default base='/Users/lowhanlynn/Documents/4218/cs4218-2520-ecom-project-c24218-2520-team07'
2026-04-06 00:52:31,785 INFO o.a.j.s.FileServer: Set new base='/Users/lowhanlynn/Documents/4218/cs4218-2520-ecom-project-c24218-2520-team07/load-testing'
2026-04-06 00:52:31,908 INFO o.a.j.s.SaveService: Testplan (JMX) version: 2.2. Testlog (JTL) version: 2.2
2026-04-06 00:52:31,931 INFO o.a.j.s.SaveService: Using SaveService properties version 5.0
2026-04-06 00:52:31,932 INFO o.a.j.s.SaveService: Using SaveService properties file encoding UTF-8
2026-04-06 00:52:31,934 INFO o.a.j.s.SaveService: Loading file: load-testing/product-search.jmx
2026-04-06 00:52:31,977 INFO o.a.j.p.h.s.HTTPSamplerBase: Parser for text/html is org.apache.jmeter.protocol.http.parser.LagartoBasedHtmlParser
2026-04-06 00:52:31,977 INFO o.a.j.p.h.s.HTTPSamplerBase: Parser for application/xhtml+xml is org.apache.jmeter.protocol.http.parser.LagartoBasedHtmlParser
2026-04-06 00:52:31,977 INFO o.a.j.p.h.s.HTTPSamplerBase: Parser for application/xml is org.apache.jmeter.protocol.http.parser.LagartoBasedHtmlParser
2026-04-06 00:52:31,977 INFO o.a.j.p.h.s.HTTPSamplerBase: Parser for text/xml is org.apache.jmeter.protocol.http.parser.LagartoBasedHtmlParser
2026-04-06 00:52:31,977 INFO o.a.j.p.h.s.HTTPSamplerBase: Parser for text/vnd.wap.wml is org.apache.jmeter.protocol.http.parser.RegexpHTMLParser
2026-04-06 00:52:31,977 INFO o.a.j.p.h.s.HTTPSamplerBase: Parser for text/css is org.apache.jmeter.protocol.http.parser.CssParser
2026-04-06 00:52:31,995 INFO o.a.j.JMeter: Creating summariser <summary>
2026-04-06 00:52:32,004 INFO o.a.j.e.StandardJMeterEngine: Running the test!
2026-04-06 00:52:32,004 INFO o.a.j.s.SampleEvent: List of sample_variables: []
2026-04-06 00:52:32,004 INFO o.a.j.s.SampleEvent: List of sample_variables: []
2026-04-06 00:52:32,007 INFO o.a.j.e.u.CompoundVariable: Note: Function class names must contain the string: '.functions.'
2026-04-06 00:52:32,007 INFO o.a.j.e.u.CompoundVariable: Note: Function class names must not contain the string: '.gui.'
2026-04-06 00:52:32,079 INFO o.a.j.r.ClassFinder: Will scan jar /opt/homebrew/Cellar/jmeter/5.6.3/libexec/lib/ext/jmeter-plugins-manager-1.9.jar with filter ExtendsClassFilter [parents=[interface org.apache.jmeter.functions.Function], inner=false, contains=null, notContains=null]. Consider exposing JMeter plugins via META-INF/services, and add JMeter-Skip-Class-Scanning=true manifest attribute so JMeter can skip classfile scanning
2026-04-06 00:52:32,147 INFO o.a.j.JMeter: Running test (1775407952147)
2026-04-06 00:52:32,163 INFO o.a.j.e.StandardJMeterEngine: Starting ThreadGroup: 1 : Product Search Users
2026-04-06 00:52:32,163 INFO o.a.j.e.StandardJMeterEngine: Starting 100 threads for group Product Search Users.
2026-04-06 00:52:32,163 INFO o.a.j.e.StandardJMeterEngine: Thread will continue on error
2026-04-06 00:52:32,164 INFO o.a.j.t.ThreadGroup: Starting thread group... number=1 threads=100 ramp-up=10 delayedStart=false
2026-04-06 00:52:32,197 INFO o.a.j.t.ThreadGroup: Started thread group number 1
2026-04-06 00:52:32,197 INFO o.a.j.e.StandardJMeterEngine: All thread groups have been started
2026-04-06 00:52:32,247 INFO o.a.j.t.JMeterThread: Thread started: Product Search Users 1-1
2026-04-06 00:52:32,248 INFO o.a.j.s.FileServer: Stored: load-testing/data/search-keywords.csv
2026-04-06 00:52:32,344 INFO o.a.j.t.JMeterThread: Thread started: Product Search Users 1-2
2026-04-06 00:52:32,450 INFO o.a.j.t.JMeterThread: Thread started: Product Search Users 1-3
2026-04-06 00:52:32,548 INFO o.a.j.t.JMeterThread: Thread started: Product Search Users 1-4
2026-04-06 00:52:32,649 INFO o.a.j.t.JMeterThread: Thread started: Product Search Users 1-5
2026-04-06 00:52:32,746 INFO o.a.j.t.JMeterThread: Thread started: Product Search Users 1-6
2026-04-06 00:52:32,847 INFO o.a.j.t.JMeterThread: Thread started: Product Search Users 1-7
2026-04-06 00:52:32,949 INFO o.a.j.t.JMeterThread: Thread started: Product Search Users 1-8
2026-04-06 00:52:33,047 INFO o.a.j.t.JMeterThread: Thread started: Product Search Users 1-9
2026-04-06 00:52:33,146 INFO o.a.j.t.JMeterThread: Thread started: Product Search Users 1-10
2026-04-06 00:52:33,248 INFO o.a.j.t.JMeterThread: Thread started: Product Search Users 1-11
2026-04-06 00:52:33,346 INFO o.a.j.t.JMeterThread: Thread started: Product Search Users 1-12
2026-04-06 00:52:33,404 INFO o.a.j.p.h.s.HTTPHCAbstractImpl: Local host = Lows-MacBook-Air-4.local
2026-04-06 00:52:33,409 INFO o.a.j.p.h.s.HTTPHC4Impl: HTTP request retry count = 0
2026-04-06 00:52:33,409 INFO o.a.j.s.SampleResult: Note: Sample TimeStamps are START times
2026-04-06 00:52:33,410 INFO o.a.j.s.SampleResult: sampleresult.default.encoding is set to UTF-8
2026-04-06 00:52:33,410 INFO o.a.j.s.SampleResult: sampleresult.useNanoTime=true
2026-04-06 00:52:33,410 INFO o.a.j.s.SampleResult: sampleresult.nanoThreadSleep=5000
2026-04-06 00:52:33,447 INFO o.a.j.t.JMeterThread: Thread started: Product Search Users 1-13
2026-04-06 00:52:33,547 INFO o.a.j.t.JMeterThread: Thread started: Product Search Users 1-14
2026-04-06 00:52:33,647 INFO o.a.j.t.JMeterThread: Thread started: Product Search Users 1-15
2026-04-06 00:52:33,710 INFO o.a.j.r.Summariser: summary +      1 in 00:00:02 =    0.6/s Avg:   263 Min:   263 Max:   263 Err:     0 (0.00%) Active: 15 Started: 15 Finished: 0
2026-04-06 00:52:33,744 INFO o.a.j.t.JMeterThread: Thread started: Product Search Users 1-16
2026-04-06 00:52:33,842 INFO o.a.j.t.JMeterThread: Thread started: Product Search Users 1-17
2026-04-06 00:52:33,947 INFO o.a.j.t.JMeterThread: Thread started: Product Search Users 1-18
2026-04-06 00:52:34,044 INFO o.a.j.t.JMeterThread: Thread started: Product Search Users 1-19
2026-04-06 00:52:34,144 INFO o.a.j.t.JMeterThread: Thread started: Product Search Users 1-20
2026-04-06 00:52:34,242 INFO o.a.j.t.JMeterThread: Thread started: Product Search Users 1-21
2026-04-06 00:52:34,344 INFO o.a.j.t.JMeterThread: Thread started: Product Search Users 1-22
2026-04-06 00:52:34,443 INFO o.a.j.t.JMeterThread: Thread started: Product Search Users 1-23
2026-04-06 00:52:34,543 INFO o.a.j.t.JMeterThread: Thread started: Product Search Users 1-24
2026-04-06 00:52:34,640 INFO o.a.j.t.JMeterThread: Thread started: Product Search Users 1-25
2026-04-06 00:52:34,739 INFO o.a.j.t.JMeterThread: Thread started: Product Search Users 1-26
2026-04-06 00:52:34,835 INFO o.a.j.t.JMeterThread: Thread started: Product Search Users 1-27
2026-04-06 00:52:34,940 INFO o.a.j.t.JMeterThread: Thread started: Product Search Users 1-28
2026-04-06 00:52:35,036 INFO o.a.j.t.JMeterThread: Thread started: Product Search Users 1-29
2026-04-06 00:52:35,140 INFO o.a.j.t.JMeterThread: Thread started: Product Search Users 1-30
2026-04-06 00:52:35,236 INFO o.a.j.t.JMeterThread: Thread started: Product Search Users 1-31
2026-04-06 00:52:35,336 INFO o.a.j.t.JMeterThread: Thread started: Product Search Users 1-32
2026-04-06 00:52:35,436 INFO o.a.j.t.JMeterThread: Thread started: Product Search Users 1-33
2026-04-06 00:52:35,536 INFO o.a.j.t.JMeterThread: Thread started: Product Search Users 1-34
2026-04-06 00:52:35,635 INFO o.a.j.t.JMeterThread: Thread started: Product Search Users 1-35
2026-04-06 00:52:35,740 INFO o.a.j.t.JMeterThread: Thread started: Product Search Users 1-36
2026-04-06 00:52:35,836 INFO o.a.j.t.JMeterThread: Thread started: Product Search Users 1-37
2026-04-06 00:52:35,938 INFO o.a.j.t.JMeterThread: Thread started: Product Search Users 1-38
2026-04-06 00:52:36,038 INFO o.a.j.t.JMeterThread: Thread started: Product Search Users 1-39
2026-04-06 00:52:36,138 INFO o.a.j.t.JMeterThread: Thread started: Product Search Users 1-40
2026-04-06 00:52:36,236 INFO o.a.j.t.JMeterThread: Thread started: Product Search Users 1-41
2026-04-06 00:52:36,336 INFO o.a.j.t.JMeterThread: Thread started: Product Search Users 1-42
2026-04-06 00:52:36,436 INFO o.a.j.t.JMeterThread: Thread started: Product Search Users 1-43
2026-04-06 00:52:36,536 INFO o.a.j.t.JMeterThread: Thread started: Product Search Users 1-44
2026-04-06 00:52:36,634 INFO o.a.j.t.JMeterThread: Thread started: Product Search Users 1-45
2026-04-06 00:52:36,738 INFO o.a.j.t.JMeterThread: Thread started: Product Search Users 1-46
2026-04-06 00:52:36,835 INFO o.a.j.t.JMeterThread: Thread started: Product Search Users 1-47
2026-04-06 00:52:36,936 INFO o.a.j.t.JMeterThread: Thread started: Product Search Users 1-48
2026-04-06 00:52:37,035 INFO o.a.j.t.JMeterThread: Thread started: Product Search Users 1-49
2026-04-06 00:52:37,135 INFO o.a.j.t.JMeterThread: Thread started: Product Search Users 1-50
2026-04-06 00:52:37,230 INFO o.a.j.t.JMeterThread: Thread started: Product Search Users 1-51
2026-04-06 00:52:37,332 INFO o.a.j.t.JMeterThread: Thread started: Product Search Users 1-52
2026-04-06 00:52:37,434 INFO o.a.j.t.JMeterThread: Thread started: Product Search Users 1-53
2026-04-06 00:52:37,534 INFO o.a.j.t.JMeterThread: Thread started: Product Search Users 1-54
2026-04-06 00:52:37,631 INFO o.a.j.t.JMeterThread: Thread started: Product Search Users 1-55
2026-04-06 00:52:37,733 INFO o.a.j.t.JMeterThread: Thread started: Product Search Users 1-56
2026-04-06 00:52:37,832 INFO o.a.j.t.JMeterThread: Thread started: Product Search Users 1-57
2026-04-06 00:52:37,932 INFO o.a.j.t.JMeterThread: Thread started: Product Search Users 1-58
2026-04-06 00:52:38,029 INFO o.a.j.t.JMeterThread: Thread started: Product Search Users 1-59
2026-04-06 00:52:38,130 INFO o.a.j.t.JMeterThread: Thread started: Product Search Users 1-60
2026-04-06 00:52:38,231 INFO o.a.j.t.JMeterThread: Thread started: Product Search Users 1-61
2026-04-06 00:52:38,328 INFO o.a.j.t.JMeterThread: Thread started: Product Search Users 1-62
2026-04-06 00:52:38,429 INFO o.a.j.t.JMeterThread: Thread started: Product Search Users 1-63
2026-04-06 00:52:38,536 INFO o.a.j.t.JMeterThread: Thread started: Product Search Users 1-64
2026-04-06 00:52:38,629 INFO o.a.j.t.JMeterThread: Thread started: Product Search Users 1-65
2026-04-06 00:52:38,730 INFO o.a.j.t.JMeterThread: Thread started: Product Search Users 1-66
2026-04-06 00:52:38,830 INFO o.a.j.t.JMeterThread: Thread started: Product Search Users 1-67
2026-04-06 00:52:38,928 INFO o.a.j.t.JMeterThread: Thread started: Product Search Users 1-68
2026-04-06 00:52:39,028 INFO o.a.j.t.JMeterThread: Thread started: Product Search Users 1-69
2026-04-06 00:52:39,129 INFO o.a.j.t.JMeterThread: Thread started: Product Search Users 1-70
2026-04-06 00:52:39,228 INFO o.a.j.t.JMeterThread: Thread started: Product Search Users 1-71
2026-04-06 00:52:39,328 INFO o.a.j.t.JMeterThread: Thread started: Product Search Users 1-72
2026-04-06 00:52:39,427 INFO o.a.j.t.JMeterThread: Thread started: Product Search Users 1-73
2026-04-06 00:52:39,527 INFO o.a.j.t.JMeterThread: Thread started: Product Search Users 1-74
2026-04-06 00:52:39,635 INFO o.a.j.t.JMeterThread: Thread started: Product Search Users 1-75
2026-04-06 00:52:39,728 INFO o.a.j.t.JMeterThread: Thread started: Product Search Users 1-76
2026-04-06 00:52:39,827 INFO o.a.j.t.JMeterThread: Thread started: Product Search Users 1-77
2026-04-06 00:52:39,929 INFO o.a.j.t.JMeterThread: Thread started: Product Search Users 1-78
2026-04-06 00:52:40,027 INFO o.a.j.t.JMeterThread: Thread started: Product Search Users 1-79
2026-04-06 00:52:40,127 INFO o.a.j.t.JMeterThread: Thread started: Product Search Users 1-80
2026-04-06 00:52:40,246 INFO o.a.j.t.JMeterThread: Thread started: Product Search Users 1-81
2026-04-06 00:52:40,325 INFO o.a.j.t.JMeterThread: Thread started: Product Search Users 1-82
2026-04-06 00:52:40,426 INFO o.a.j.t.JMeterThread: Thread started: Product Search Users 1-83
2026-04-06 00:52:40,533 INFO o.a.j.t.JMeterThread: Thread started: Product Search Users 1-84
2026-04-06 00:52:40,625 INFO o.a.j.t.JMeterThread: Thread started: Product Search Users 1-85
2026-04-06 00:52:40,726 INFO o.a.j.t.JMeterThread: Thread started: Product Search Users 1-86
2026-04-06 00:52:40,835 INFO o.a.j.t.JMeterThread: Thread started: Product Search Users 1-87
2026-04-06 00:52:40,924 INFO o.a.j.t.JMeterThread: Thread started: Product Search Users 1-88
2026-04-06 00:52:41,026 INFO o.a.j.t.JMeterThread: Thread started: Product Search Users 1-89
2026-04-06 00:52:41,122 INFO o.a.j.t.JMeterThread: Thread started: Product Search Users 1-90
2026-04-06 00:52:41,222 INFO o.a.j.t.JMeterThread: Thread started: Product Search Users 1-91
2026-04-06 00:52:41,325 INFO o.a.j.t.JMeterThread: Thread started: Product Search Users 1-92
2026-04-06 00:52:41,419 INFO o.a.j.t.JMeterThread: Thread started: Product Search Users 1-93
2026-04-06 00:52:41,519 INFO o.a.j.t.JMeterThread: Thread started: Product Search Users 1-94
2026-04-06 00:52:41,619 INFO o.a.j.t.JMeterThread: Thread started: Product Search Users 1-95
2026-04-06 00:52:41,720 INFO o.a.j.t.JMeterThread: Thread started: Product Search Users 1-96
2026-04-06 00:52:41,820 INFO o.a.j.t.JMeterThread: Thread started: Product Search Users 1-97
2026-04-06 00:52:41,919 INFO o.a.j.t.JMeterThread: Thread started: Product Search Users 1-98
2026-04-06 00:52:42,018 INFO o.a.j.t.JMeterThread: Thread started: Product Search Users 1-99
2026-04-06 00:52:42,118 INFO o.a.j.t.JMeterThread: Thread started: Product Search Users 1-100
2026-04-06 00:53:00,007 INFO o.a.j.r.Summariser: summary +    547 in 00:00:26 =   20.8/s Avg:  1972 Min:   174 Max: 17931 Err:     0 (0.00%) Active: 100 Started: 100 Finished: 0
2026-04-06 00:53:00,008 INFO o.a.j.r.Summariser: summary =    548 in 00:00:28 =   19.7/s Avg:  1969 Min:   174 Max: 17931 Err:     0 (0.00%)
2026-04-06 00:53:28,784 INFO o.a.j.t.JMeterThread: Thread finished: Product Search Users 1-40
2026-04-06 00:53:29,654 INFO o.a.j.t.JMeterThread: Thread finished: Product Search Users 1-8
2026-04-06 00:53:29,865 INFO o.a.j.t.JMeterThread: Thread finished: Product Search Users 1-100
2026-04-06 00:53:30,010 INFO o.a.j.r.Summariser: summary +   1126 in 00:00:30 =   37.5/s Avg:   641 Min:   169 Max:  7469 Err:     0 (0.00%) Active: 97 Started: 100 Finished: 3
2026-04-06 00:53:30,010 INFO o.a.j.t.JMeterThread: Thread finished: Product Search Users 1-98
2026-04-06 00:53:30,010 INFO o.a.j.r.Summariser: summary =   1674 in 00:00:58 =   28.9/s Avg:  1076 Min:   169 Max: 17931 Err:     0 (0.00%)
2026-04-06 00:53:30,037 INFO o.a.j.t.JMeterThread: Thread finished: Product Search Users 1-99
2026-04-06 00:53:30,188 INFO o.a.j.t.JMeterThread: Thread finished: Product Search Users 1-78
2026-04-06 00:53:30,188 INFO o.a.j.t.JMeterThread: Thread finished: Product Search Users 1-65
2026-04-06 00:53:30,189 INFO o.a.j.t.JMeterThread: Thread finished: Product Search Users 1-5
2026-04-06 00:53:30,381 INFO o.a.j.t.JMeterThread: Thread finished: Product Search Users 1-10
2026-04-06 00:53:30,750 INFO o.a.j.t.JMeterThread: Thread finished: Product Search Users 1-19
2026-04-06 00:53:30,752 INFO o.a.j.t.JMeterThread: Thread finished: Product Search Users 1-52
2026-04-06 00:53:30,754 INFO o.a.j.t.JMeterThread: Thread finished: Product Search Users 1-97
2026-04-06 00:53:30,753 INFO o.a.j.t.JMeterThread: Thread finished: Product Search Users 1-17
2026-04-06 00:53:30,758 INFO o.a.j.t.JMeterThread: Thread finished: Product Search Users 1-62
2026-04-06 00:53:30,759 INFO o.a.j.t.JMeterThread: Thread finished: Product Search Users 1-73
2026-04-06 00:53:30,761 INFO o.a.j.t.JMeterThread: Thread finished: Product Search Users 1-90
2026-04-06 00:53:30,763 INFO o.a.j.t.JMeterThread: Thread finished: Product Search Users 1-57
2026-04-06 00:53:30,763 INFO o.a.j.t.JMeterThread: Thread finished: Product Search Users 1-34
2026-04-06 00:53:30,891 INFO o.a.j.t.JMeterThread: Thread finished: Product Search Users 1-74
2026-04-06 00:53:30,955 INFO o.a.j.t.JMeterThread: Thread finished: Product Search Users 1-45
2026-04-06 00:53:30,956 INFO o.a.j.t.JMeterThread: Thread finished: Product Search Users 1-18
2026-04-06 00:53:30,957 INFO o.a.j.t.JMeterThread: Thread finished: Product Search Users 1-70
2026-04-06 00:53:30,957 INFO o.a.j.t.JMeterThread: Thread finished: Product Search Users 1-41
2026-04-06 00:53:30,996 INFO o.a.j.t.JMeterThread: Thread finished: Product Search Users 1-82
2026-04-06 00:53:30,996 INFO o.a.j.t.JMeterThread: Thread finished: Product Search Users 1-32
2026-04-06 00:53:30,997 INFO o.a.j.t.JMeterThread: Thread finished: Product Search Users 1-37
2026-04-06 00:53:30,997 INFO o.a.j.t.JMeterThread: Thread finished: Product Search Users 1-86
2026-04-06 00:53:30,997 INFO o.a.j.t.JMeterThread: Thread finished: Product Search Users 1-33
2026-04-06 00:53:30,997 INFO o.a.j.t.JMeterThread: Thread finished: Product Search Users 1-21
2026-04-06 00:53:30,997 INFO o.a.j.t.JMeterThread: Thread finished: Product Search Users 1-69
2026-04-06 00:53:30,997 INFO o.a.j.t.JMeterThread: Thread finished: Product Search Users 1-63
2026-04-06 00:53:31,017 INFO o.a.j.t.JMeterThread: Thread finished: Product Search Users 1-84
2026-04-06 00:53:31,021 INFO o.a.j.t.JMeterThread: Thread finished: Product Search Users 1-51
2026-04-06 00:53:31,040 INFO o.a.j.t.JMeterThread: Thread finished: Product Search Users 1-60
2026-04-06 00:53:31,040 INFO o.a.j.t.JMeterThread: Thread finished: Product Search Users 1-91
2026-04-06 00:53:31,082 INFO o.a.j.t.JMeterThread: Thread finished: Product Search Users 1-11
2026-04-06 00:53:31,119 INFO o.a.j.t.JMeterThread: Thread finished: Product Search Users 1-23
2026-04-06 00:53:31,145 INFO o.a.j.t.JMeterThread: Thread finished: Product Search Users 1-29
2026-04-06 00:53:31,145 INFO o.a.j.t.JMeterThread: Thread finished: Product Search Users 1-14
2026-04-06 00:53:31,199 INFO o.a.j.t.JMeterThread: Thread finished: Product Search Users 1-93
2026-04-06 00:53:31,199 INFO o.a.j.t.JMeterThread: Thread finished: Product Search Users 1-53
2026-04-06 00:53:31,218 INFO o.a.j.t.JMeterThread: Thread finished: Product Search Users 1-7
2026-04-06 00:53:31,244 INFO o.a.j.t.JMeterThread: Thread finished: Product Search Users 1-85
2026-04-06 00:53:31,270 INFO o.a.j.t.JMeterThread: Thread finished: Product Search Users 1-9
2026-04-06 00:53:31,270 INFO o.a.j.t.JMeterThread: Thread finished: Product Search Users 1-38
2026-04-06 00:53:31,278 INFO o.a.j.t.JMeterThread: Thread finished: Product Search Users 1-26
2026-04-06 00:53:31,280 INFO o.a.j.t.JMeterThread: Thread finished: Product Search Users 1-58
2026-04-06 00:53:31,286 INFO o.a.j.t.JMeterThread: Thread finished: Product Search Users 1-94
2026-04-06 00:53:31,287 INFO o.a.j.t.JMeterThread: Thread finished: Product Search Users 1-4
2026-04-06 00:53:31,306 INFO o.a.j.t.JMeterThread: Thread finished: Product Search Users 1-47
2026-04-06 00:53:31,306 INFO o.a.j.t.JMeterThread: Thread finished: Product Search Users 1-36
2026-04-06 00:53:31,320 INFO o.a.j.t.JMeterThread: Thread finished: Product Search Users 1-12
2026-04-06 00:53:31,322 INFO o.a.j.t.JMeterThread: Thread finished: Product Search Users 1-67
2026-04-06 00:53:31,323 INFO o.a.j.t.JMeterThread: Thread finished: Product Search Users 1-1
2026-04-06 00:53:31,323 INFO o.a.j.t.JMeterThread: Thread finished: Product Search Users 1-16
2026-04-06 00:53:31,326 INFO o.a.j.t.JMeterThread: Thread finished: Product Search Users 1-72
2026-04-06 00:53:31,330 INFO o.a.j.t.JMeterThread: Thread finished: Product Search Users 1-66
2026-04-06 00:53:31,331 INFO o.a.j.t.JMeterThread: Thread finished: Product Search Users 1-2
2026-04-06 00:53:31,357 INFO o.a.j.t.JMeterThread: Thread finished: Product Search Users 1-89
2026-04-06 00:53:31,407 INFO o.a.j.t.JMeterThread: Thread finished: Product Search Users 1-30
2026-04-06 00:53:31,410 INFO o.a.j.t.JMeterThread: Thread finished: Product Search Users 1-68
2026-04-06 00:53:31,435 INFO o.a.j.t.JMeterThread: Thread finished: Product Search Users 1-43
2026-04-06 00:53:31,511 INFO o.a.j.t.JMeterThread: Thread finished: Product Search Users 1-44
2026-04-06 00:53:31,512 INFO o.a.j.t.JMeterThread: Thread finished: Product Search Users 1-31
2026-04-06 00:53:31,527 INFO o.a.j.t.JMeterThread: Thread finished: Product Search Users 1-56
2026-04-06 00:53:31,538 INFO o.a.j.t.JMeterThread: Thread finished: Product Search Users 1-25
2026-04-06 00:53:31,551 INFO o.a.j.t.JMeterThread: Thread finished: Product Search Users 1-13
2026-04-06 00:53:31,594 INFO o.a.j.t.JMeterThread: Thread finished: Product Search Users 1-27
2026-04-06 00:53:31,676 INFO o.a.j.t.JMeterThread: Thread finished: Product Search Users 1-3
2026-04-06 00:53:31,678 INFO o.a.j.t.JMeterThread: Thread finished: Product Search Users 1-64
2026-04-06 00:53:31,687 INFO o.a.j.t.JMeterThread: Thread finished: Product Search Users 1-48
2026-04-06 00:53:31,698 INFO o.a.j.t.JMeterThread: Thread finished: Product Search Users 1-61
2026-04-06 00:53:31,728 INFO o.a.j.t.JMeterThread: Thread finished: Product Search Users 1-42
2026-04-06 00:53:31,767 INFO o.a.j.t.JMeterThread: Thread finished: Product Search Users 1-35
2026-04-06 00:53:31,767 INFO o.a.j.t.JMeterThread: Thread finished: Product Search Users 1-81
2026-04-06 00:53:31,814 INFO o.a.j.t.JMeterThread: Thread finished: Product Search Users 1-28
2026-04-06 00:53:31,830 INFO o.a.j.t.JMeterThread: Thread finished: Product Search Users 1-92
2026-04-06 00:53:31,890 INFO o.a.j.t.JMeterThread: Thread finished: Product Search Users 1-59
2026-04-06 00:53:31,966 INFO o.a.j.t.JMeterThread: Thread finished: Product Search Users 1-88
2026-04-06 00:53:31,966 INFO o.a.j.t.JMeterThread: Thread finished: Product Search Users 1-46
2026-04-06 00:53:31,966 INFO o.a.j.t.JMeterThread: Thread finished: Product Search Users 1-80
2026-04-06 00:53:31,966 INFO o.a.j.t.JMeterThread: Thread finished: Product Search Users 1-50
2026-04-06 00:53:31,967 INFO o.a.j.t.JMeterThread: Thread finished: Product Search Users 1-55
2026-04-06 00:53:31,967 INFO o.a.j.t.JMeterThread: Thread finished: Product Search Users 1-6
2026-04-06 00:53:32,010 INFO o.a.j.t.JMeterThread: Thread finished: Product Search Users 1-24
2026-04-06 00:53:32,066 INFO o.a.j.t.JMeterThread: Thread finished: Product Search Users 1-71
2026-04-06 00:53:32,066 INFO o.a.j.t.JMeterThread: Thread finished: Product Search Users 1-87
2026-04-06 00:53:32,079 INFO o.a.j.t.JMeterThread: Thread finished: Product Search Users 1-39
2026-04-06 00:53:32,095 INFO o.a.j.t.JMeterThread: Thread finished: Product Search Users 1-96
2026-04-06 00:53:32,125 INFO o.a.j.t.JMeterThread: Thread finished: Product Search Users 1-49
2026-04-06 00:53:32,138 INFO o.a.j.t.JMeterThread: Thread finished: Product Search Users 1-79
2026-04-06 00:53:32,223 INFO o.a.j.t.JMeterThread: Stopping because end time detected by thread: Product Search Users 1-77
2026-04-06 00:53:32,223 INFO o.a.j.t.JMeterThread: Stopping because end time detected by thread: Product Search Users 1-15
2026-04-06 00:53:32,224 INFO o.a.j.t.JMeterThread: Thread finished: Product Search Users 1-77
2026-04-06 00:53:32,224 INFO o.a.j.t.JMeterThread: Thread finished: Product Search Users 1-15
2026-04-06 00:53:32,281 INFO o.a.j.t.JMeterThread: Stopping because end time detected by thread: Product Search Users 1-95
2026-04-06 00:53:32,281 INFO o.a.j.t.JMeterThread: Thread finished: Product Search Users 1-95
2026-04-06 00:53:32,289 INFO o.a.j.t.JMeterThread: Stopping because end time detected by thread: Product Search Users 1-22
2026-04-06 00:53:32,289 INFO o.a.j.t.JMeterThread: Thread finished: Product Search Users 1-22
2026-04-06 00:53:32,317 INFO o.a.j.t.JMeterThread: Stopping because end time detected by thread: Product Search Users 1-54
2026-04-06 00:53:32,321 INFO o.a.j.t.JMeterThread: Stopping because end time detected by thread: Product Search Users 1-76
2026-04-06 00:53:32,322 INFO o.a.j.t.JMeterThread: Thread finished: Product Search Users 1-54
2026-04-06 00:53:32,324 INFO o.a.j.t.JMeterThread: Thread finished: Product Search Users 1-76
2026-04-06 00:53:32,345 INFO o.a.j.t.JMeterThread: Stopping because end time detected by thread: Product Search Users 1-83
2026-04-06 00:53:32,346 INFO o.a.j.t.JMeterThread: Thread finished: Product Search Users 1-83
2026-04-06 00:53:32,359 INFO o.a.j.t.JMeterThread: Stopping because end time detected by thread: Product Search Users 1-20
2026-04-06 00:53:32,359 INFO o.a.j.t.JMeterThread: Thread finished: Product Search Users 1-20
2026-04-06 00:53:32,374 INFO o.a.j.t.JMeterThread: Stopping because end time detected by thread: Product Search Users 1-75
2026-04-06 00:53:32,375 INFO o.a.j.t.JMeterThread: Thread finished: Product Search Users 1-75
2026-04-06 00:53:32,375 INFO o.a.j.e.StandardJMeterEngine: Notifying test listeners of end of test
2026-04-06 00:53:32,375 INFO o.a.j.s.FileServer: Close: load-testing/data/search-keywords.csv
2026-04-06 00:53:32,378 INFO o.a.j.r.Summariser: summary +    112 in 00:00:02 =   47.3/s Avg:   267 Min:   177 Max:   797 Err:     0 (0.00%) Active: 0 Started: 100 Finished: 100
2026-04-06 00:53:32,378 INFO o.a.j.r.Summariser: summary =   1786 in 00:01:00 =   29.7/s Avg:  1025 Min:   169 Max: 17931 Err:     0 (0.00%)
