2026-04-06 00:53:34,615 INFO o.a.j.u.JMeterUtils: Setting Locale to en_EN
2026-04-06 00:53:34,633 INFO o.a.j.JMeter: Loading user properties from: /opt/homebrew/Cellar/jmeter/5.6.3/libexec/bin/user.properties
2026-04-06 00:53:34,633 INFO o.a.j.JMeter: Loading system properties from: /opt/homebrew/Cellar/jmeter/5.6.3/libexec/bin/system.properties
2026-04-06 00:53:34,634 INFO o.a.j.JMeter: Setting JMeter property: host=localhost
2026-04-06 00:53:34,634 INFO o.a.j.JMeter: Setting JMeter property: port=6060
2026-04-06 00:53:34,634 INFO o.a.j.JMeter: Setting JMeter property: userOrders.users=100
2026-04-06 00:53:34,634 INFO o.a.j.JMeter: Setting JMeter property: duration=60
2026-04-06 00:53:34,634 INFO o.a.j.JMeter: Setting JMeter property: delay=0
2026-04-06 00:53:34,634 INFO o.a.j.JMeter: Setting JMeter property: jmeter.save.saveservice.output_format=csv
2026-04-06 00:53:34,638 INFO o.a.j.JMeter: Copyright (c) 1998-2024 The Apache Software Foundation
2026-04-06 00:53:34,638 INFO o.a.j.JMeter: Version 5.6.3
2026-04-06 00:53:34,639 INFO o.a.j.JMeter: java.version=21.0.10
2026-04-06 00:53:34,639 INFO o.a.j.JMeter: java.vm.name=OpenJDK 64-Bit Server VM
2026-04-06 00:53:34,639 INFO o.a.j.JMeter: os.name=Mac OS X
2026-04-06 00:53:34,639 INFO o.a.j.JMeter: os.arch=aarch64
2026-04-06 00:53:34,639 INFO o.a.j.JMeter: os.version=14.5
2026-04-06 00:53:34,639 INFO o.a.j.JMeter: file.encoding=UTF-8
2026-04-06 00:53:34,639 INFO o.a.j.JMeter: java.awt.headless=true
2026-04-06 00:53:34,639 INFO o.a.j.JMeter: Max memory     =1073741824
2026-04-06 00:53:34,639 INFO o.a.j.JMeter: Available Processors =8
2026-04-06 00:53:34,647 INFO o.a.j.JMeter: Default Locale=English (EN)
2026-04-06 00:53:34,647 INFO o.a.j.JMeter: JMeter  Locale=English (EN)
2026-04-06 00:53:34,647 INFO o.a.j.JMeter: JMeterHome=/opt/homebrew/Cellar/jmeter/5.6.3/libexec
2026-04-06 00:53:34,647 INFO o.a.j.JMeter: user.dir  =/Users/lowhanlynn/Documents/4218/cs4218-2520-ecom-project-c24218-2520-team07
2026-04-06 00:53:34,647 INFO o.a.j.JMeter: PWD       =/Users/lowhanlynn/Documents/4218/cs4218-2520-ecom-project-c24218-2520-team07
2026-04-06 00:53:34,649 INFO o.a.j.JMeter: IP: 127.0.0.1 Name: Lows-MacBook-Air-4.local FullName: localhost
2026-04-06 00:53:34,664 INFO o.a.j.s.FileServer: Default base='/Users/lowhanlynn/Documents/4218/cs4218-2520-ecom-project-c24218-2520-team07'
2026-04-06 00:53:34,665 INFO o.a.j.s.FileServer: Set new base='/Users/lowhanlynn/Documents/4218/cs4218-2520-ecom-project-c24218-2520-team07/load-testing'
2026-04-06 00:53:34,792 INFO o.a.j.s.SaveService: Testplan (JMX) version: 2.2. Testlog (JTL) version: 2.2
2026-04-06 00:53:34,815 INFO o.a.j.s.SaveService: Using SaveService properties version 5.0
2026-04-06 00:53:34,818 INFO o.a.j.s.SaveService: Using SaveService properties file encoding UTF-8
2026-04-06 00:53:34,819 INFO o.a.j.s.SaveService: Loading file: load-testing/user-order-retrieval.jmx
2026-04-06 00:53:34,867 INFO o.a.j.p.h.s.HTTPSamplerBase: Parser for text/html is org.apache.jmeter.protocol.http.parser.LagartoBasedHtmlParser
2026-04-06 00:53:34,867 INFO o.a.j.p.h.s.HTTPSamplerBase: Parser for application/xhtml+xml is org.apache.jmeter.protocol.http.parser.LagartoBasedHtmlParser
2026-04-06 00:53:34,867 INFO o.a.j.p.h.s.HTTPSamplerBase: Parser for application/xml is org.apache.jmeter.protocol.http.parser.LagartoBasedHtmlParser
2026-04-06 00:53:34,867 INFO o.a.j.p.h.s.HTTPSamplerBase: Parser for text/xml is org.apache.jmeter.protocol.http.parser.LagartoBasedHtmlParser
2026-04-06 00:53:34,867 INFO o.a.j.p.h.s.HTTPSamplerBase: Parser for text/vnd.wap.wml is org.apache.jmeter.protocol.http.parser.RegexpHTMLParser
2026-04-06 00:53:34,867 INFO o.a.j.p.h.s.HTTPSamplerBase: Parser for text/css is org.apache.jmeter.protocol.http.parser.CssParser
2026-04-06 00:53:34,888 INFO o.a.j.JMeter: Creating summariser <summary>
2026-04-06 00:53:34,932 INFO o.a.j.e.StandardJMeterEngine: Running the test!
2026-04-06 00:53:34,933 INFO o.a.j.s.SampleEvent: List of sample_variables: []
2026-04-06 00:53:34,933 INFO o.a.j.s.SampleEvent: List of sample_variables: []
2026-04-06 00:53:34,939 INFO o.a.j.e.u.CompoundVariable: Note: Function class names must contain the string: '.functions.'
2026-04-06 00:53:34,939 INFO o.a.j.e.u.CompoundVariable: Note: Function class names must not contain the string: '.gui.'
2026-04-06 00:53:34,980 INFO o.a.j.r.ClassFinder: Will scan jar /opt/homebrew/Cellar/jmeter/5.6.3/libexec/lib/ext/jmeter-plugins-manager-1.9.jar with filter ExtendsClassFilter [parents=[interface org.apache.jmeter.functions.Function], inner=false, contains=null, notContains=null]. Consider exposing JMeter plugins via META-INF/services, and add JMeter-Skip-Class-Scanning=true manifest attribute so JMeter can skip classfile scanning
2026-04-06 00:53:35,051 INFO o.a.j.JMeter: Running test (1775408015051)
2026-04-06 00:53:35,062 INFO o.a.j.e.StandardJMeterEngine: Starting ThreadGroup: 1 : User Order Retrieval Users
2026-04-06 00:53:35,063 INFO o.a.j.e.StandardJMeterEngine: Starting 100 threads for group User Order Retrieval Users.
2026-04-06 00:53:35,063 INFO o.a.j.e.StandardJMeterEngine: Thread will continue on error
2026-04-06 00:53:35,063 INFO o.a.j.t.ThreadGroup: Starting thread group... number=1 threads=100 ramp-up=10 delayedStart=false
2026-04-06 00:53:35,110 INFO o.a.j.t.ThreadGroup: Started thread group number 1
2026-04-06 00:53:35,111 INFO o.a.j.e.StandardJMeterEngine: All thread groups have been started
2026-04-06 00:53:35,216 INFO o.a.j.t.JMeterThread: Thread started: User Order Retrieval Users 1-1
2026-04-06 00:53:35,219 INFO o.a.j.s.FileServer: Stored: load-testing/data/users.csv Alias: load-testing/data/users.csv@1393964874
2026-04-06 00:53:35,319 INFO o.a.j.t.JMeterThread: Thread started: User Order Retrieval Users 1-2
2026-04-06 00:53:35,320 INFO o.a.j.s.FileServer: Stored: load-testing/data/users.csv Alias: load-testing/data/users.csv@1503010661
2026-04-06 00:53:35,417 INFO o.a.j.t.JMeterThread: Thread started: User Order Retrieval Users 1-3
2026-04-06 00:53:35,417 INFO o.a.j.s.FileServer: Stored: load-testing/data/users.csv Alias: load-testing/data/users.csv@129474525
2026-04-06 00:53:35,522 INFO o.a.j.t.JMeterThread: Thread started: User Order Retrieval Users 1-4
2026-04-06 00:53:35,522 INFO o.a.j.s.FileServer: Stored: load-testing/data/users.csv Alias: load-testing/data/users.csv@471591126
2026-04-06 00:53:35,620 INFO o.a.j.t.JMeterThread: Thread started: User Order Retrieval Users 1-5
2026-04-06 00:53:35,620 INFO o.a.j.s.FileServer: Stored: load-testing/data/users.csv Alias: load-testing/data/users.csv@2035647447
2026-04-06 00:53:35,719 INFO o.a.j.t.JMeterThread: Thread started: User Order Retrieval Users 1-6
2026-04-06 00:53:35,720 INFO o.a.j.s.FileServer: Stored: load-testing/data/users.csv Alias: load-testing/data/users.csv@2026875020
2026-04-06 00:53:35,820 INFO o.a.j.t.JMeterThread: Thread started: User Order Retrieval Users 1-7
2026-04-06 00:53:35,820 INFO o.a.j.s.FileServer: Stored: load-testing/data/users.csv Alias: load-testing/data/users.csv@451165273
2026-04-06 00:53:35,920 INFO o.a.j.t.JMeterThread: Thread started: User Order Retrieval Users 1-8
2026-04-06 00:53:35,920 INFO o.a.j.s.FileServer: Stored: load-testing/data/users.csv Alias: load-testing/data/users.csv@2124295804
2026-04-06 00:53:36,016 INFO o.a.j.t.JMeterThread: Thread started: User Order Retrieval Users 1-9
2026-04-06 00:53:36,017 INFO o.a.j.s.FileServer: Stored: load-testing/data/users.csv Alias: load-testing/data/users.csv@1043765698
2026-04-06 00:53:36,120 INFO o.a.j.t.JMeterThread: Thread started: User Order Retrieval Users 1-10
2026-04-06 00:53:36,120 INFO o.a.j.s.FileServer: Stored: load-testing/data/users.csv Alias: load-testing/data/users.csv@792365485
2026-04-06 00:53:36,216 INFO o.a.j.t.JMeterThread: Thread started: User Order Retrieval Users 1-11
2026-04-06 00:53:36,216 INFO o.a.j.s.FileServer: Stored: load-testing/data/users.csv Alias: load-testing/data/users.csv@2044217008
2026-04-06 00:53:36,314 INFO o.a.j.t.JMeterThread: Thread started: User Order Retrieval Users 1-12
2026-04-06 00:53:36,314 INFO o.a.j.s.FileServer: Stored: load-testing/data/users.csv Alias: load-testing/data/users.csv@164266252
2026-04-06 00:53:36,413 INFO o.a.j.t.JMeterThread: Thread started: User Order Retrieval Users 1-13
2026-04-06 00:53:36,413 INFO o.a.j.s.FileServer: Stored: load-testing/data/users.csv Alias: load-testing/data/users.csv@879683166
2026-04-06 00:53:36,518 INFO o.a.j.t.JMeterThread: Thread started: User Order Retrieval Users 1-14
2026-04-06 00:53:36,518 INFO o.a.j.s.FileServer: Stored: load-testing/data/users.csv Alias: load-testing/data/users.csv@371633570
2026-04-06 00:53:36,615 INFO o.a.j.t.JMeterThread: Thread started: User Order Retrieval Users 1-15
2026-04-06 00:53:36,615 INFO o.a.j.s.FileServer: Stored: load-testing/data/users.csv Alias: load-testing/data/users.csv@24739927
2026-04-06 00:53:36,678 INFO o.a.j.p.h.s.HTTPHCAbstractImpl: Local host = Lows-MacBook-Air-4.local
2026-04-06 00:53:36,682 INFO o.a.j.p.h.s.HTTPHC4Impl: HTTP request retry count = 0
2026-04-06 00:53:36,683 INFO o.a.j.s.SampleResult: Note: Sample TimeStamps are START times
2026-04-06 00:53:36,683 INFO o.a.j.s.SampleResult: sampleresult.default.encoding is set to UTF-8
2026-04-06 00:53:36,683 INFO o.a.j.s.SampleResult: sampleresult.useNanoTime=true
2026-04-06 00:53:36,683 INFO o.a.j.s.SampleResult: sampleresult.nanoThreadSleep=5000
2026-04-06 00:53:36,713 INFO o.a.j.t.JMeterThread: Thread started: User Order Retrieval Users 1-16
2026-04-06 00:53:36,713 INFO o.a.j.s.FileServer: Stored: load-testing/data/users.csv Alias: load-testing/data/users.csv@1355986460
2026-04-06 00:53:36,811 INFO o.a.j.t.JMeterThread: Thread started: User Order Retrieval Users 1-17
2026-04-06 00:53:36,811 INFO o.a.j.s.FileServer: Stored: load-testing/data/users.csv Alias: load-testing/data/users.csv@1829004552
2026-04-06 00:53:36,916 INFO o.a.j.t.JMeterThread: Thread started: User Order Retrieval Users 1-18
2026-04-06 00:53:36,916 INFO o.a.j.s.FileServer: Stored: load-testing/data/users.csv Alias: load-testing/data/users.csv@1929794924
2026-04-06 00:53:37,015 INFO o.a.j.t.JMeterThread: Thread started: User Order Retrieval Users 1-19
2026-04-06 00:53:37,015 INFO o.a.j.s.FileServer: Stored: load-testing/data/users.csv Alias: load-testing/data/users.csv@1325186588
2026-04-06 00:53:37,114 INFO o.a.j.t.JMeterThread: Thread started: User Order Retrieval Users 1-20
2026-04-06 00:53:37,115 INFO o.a.j.s.FileServer: Stored: load-testing/data/users.csv Alias: load-testing/data/users.csv@1377003124
2026-04-06 00:53:37,212 INFO o.a.j.t.JMeterThread: Thread started: User Order Retrieval Users 1-21
2026-04-06 00:53:37,213 INFO o.a.j.s.FileServer: Stored: load-testing/data/users.csv Alias: load-testing/data/users.csv@2088040417
2026-04-06 00:53:37,307 INFO o.a.j.t.JMeterThread: Thread started: User Order Retrieval Users 1-22
2026-04-06 00:53:37,307 INFO o.a.j.s.FileServer: Stored: load-testing/data/users.csv Alias: load-testing/data/users.csv@2123963526
2026-04-06 00:53:37,404 INFO o.a.j.t.JMeterThread: Thread started: User Order Retrieval Users 1-23
2026-04-06 00:53:37,404 INFO o.a.j.s.FileServer: Stored: load-testing/data/users.csv Alias: load-testing/data/users.csv@1667084197
2026-04-06 00:53:37,510 INFO o.a.j.t.JMeterThread: Thread started: User Order Retrieval Users 1-24
2026-04-06 00:53:37,510 INFO o.a.j.s.FileServer: Stored: load-testing/data/users.csv Alias: load-testing/data/users.csv@463347583
2026-04-06 00:53:37,605 INFO o.a.j.t.JMeterThread: Thread started: User Order Retrieval Users 1-25
2026-04-06 00:53:37,605 INFO o.a.j.s.FileServer: Stored: load-testing/data/users.csv Alias: load-testing/data/users.csv@640081707
2026-04-06 00:53:37,711 INFO o.a.j.t.JMeterThread: Thread started: User Order Retrieval Users 1-26
2026-04-06 00:53:37,711 INFO o.a.j.s.FileServer: Stored: load-testing/data/users.csv Alias: load-testing/data/users.csv@1130078160
2026-04-06 00:53:37,805 INFO o.a.j.t.JMeterThread: Thread started: User Order Retrieval Users 1-27
2026-04-06 00:53:37,805 INFO o.a.j.s.FileServer: Stored: load-testing/data/users.csv Alias: load-testing/data/users.csv@2124521215
2026-04-06 00:53:37,910 INFO o.a.j.t.JMeterThread: Thread started: User Order Retrieval Users 1-28
2026-04-06 00:53:37,910 INFO o.a.j.s.FileServer: Stored: load-testing/data/users.csv Alias: load-testing/data/users.csv@870746987
2026-04-06 00:53:38,003 INFO o.a.j.t.JMeterThread: Thread started: User Order Retrieval Users 1-29
2026-04-06 00:53:38,003 INFO o.a.j.s.FileServer: Stored: load-testing/data/users.csv Alias: load-testing/data/users.csv@1051870170
2026-04-06 00:53:38,108 INFO o.a.j.t.JMeterThread: Thread started: User Order Retrieval Users 1-30
2026-04-06 00:53:38,109 INFO o.a.j.s.FileServer: Stored: load-testing/data/users.csv Alias: load-testing/data/users.csv@2121803619
2026-04-06 00:53:38,210 INFO o.a.j.t.JMeterThread: Thread started: User Order Retrieval Users 1-31
2026-04-06 00:53:38,210 INFO o.a.j.s.FileServer: Stored: load-testing/data/users.csv Alias: load-testing/data/users.csv@1227190196
2026-04-06 00:53:38,307 INFO o.a.j.t.JMeterThread: Thread started: User Order Retrieval Users 1-32
2026-04-06 00:53:38,307 INFO o.a.j.s.FileServer: Stored: load-testing/data/users.csv Alias: load-testing/data/users.csv@388674891
2026-04-06 00:53:38,406 INFO o.a.j.t.JMeterThread: Thread started: User Order Retrieval Users 1-33
2026-04-06 00:53:38,406 INFO o.a.j.s.FileServer: Stored: load-testing/data/users.csv Alias: load-testing/data/users.csv@1338133354
2026-04-06 00:53:38,503 INFO o.a.j.t.JMeterThread: Thread started: User Order Retrieval Users 1-34
2026-04-06 00:53:38,503 INFO o.a.j.s.FileServer: Stored: load-testing/data/users.csv Alias: load-testing/data/users.csv@1687768244
2026-04-06 00:53:38,603 INFO o.a.j.t.JMeterThread: Thread started: User Order Retrieval Users 1-35
2026-04-06 00:53:38,603 INFO o.a.j.s.FileServer: Stored: load-testing/data/users.csv Alias: load-testing/data/users.csv@70953995
2026-04-06 00:53:38,703 INFO o.a.j.t.JMeterThread: Thread started: User Order Retrieval Users 1-36
2026-04-06 00:53:38,704 INFO o.a.j.s.FileServer: Stored: load-testing/data/users.csv Alias: load-testing/data/users.csv@2048629086
2026-04-06 00:53:38,805 INFO o.a.j.t.JMeterThread: Thread started: User Order Retrieval Users 1-37
2026-04-06 00:53:38,805 INFO o.a.j.s.FileServer: Stored: load-testing/data/users.csv Alias: load-testing/data/users.csv@980913496
2026-04-06 00:53:38,905 INFO o.a.j.t.JMeterThread: Thread started: User Order Retrieval Users 1-38
2026-04-06 00:53:38,906 INFO o.a.j.s.FileServer: Stored: load-testing/data/users.csv Alias: load-testing/data/users.csv@1844656899
2026-04-06 00:53:38,999 INFO o.a.j.t.JMeterThread: Thread started: User Order Retrieval Users 1-39
2026-04-06 00:53:39,000 INFO o.a.j.s.FileServer: Stored: load-testing/data/users.csv Alias: load-testing/data/users.csv@993047489
2026-04-06 00:53:39,103 INFO o.a.j.t.JMeterThread: Thread started: User Order Retrieval Users 1-40
2026-04-06 00:53:39,104 INFO o.a.j.s.FileServer: Stored: load-testing/data/users.csv Alias: load-testing/data/users.csv@143690429
2026-04-06 00:53:39,201 INFO o.a.j.t.JMeterThread: Thread started: User Order Retrieval Users 1-41
2026-04-06 00:53:39,202 INFO o.a.j.s.FileServer: Stored: load-testing/data/users.csv Alias: load-testing/data/users.csv@1106207603
2026-04-06 00:53:39,297 INFO o.a.j.t.JMeterThread: Thread started: User Order Retrieval Users 1-42
2026-04-06 00:53:39,298 INFO o.a.j.s.FileServer: Stored: load-testing/data/users.csv Alias: load-testing/data/users.csv@1665252655
2026-04-06 00:53:39,402 INFO o.a.j.t.JMeterThread: Thread started: User Order Retrieval Users 1-43
2026-04-06 00:53:39,402 INFO o.a.j.s.FileServer: Stored: load-testing/data/users.csv Alias: load-testing/data/users.csv@876799973
2026-04-06 00:53:39,502 INFO o.a.j.t.JMeterThread: Thread started: User Order Retrieval Users 1-44
2026-04-06 00:53:39,509 INFO o.a.j.s.FileServer: Stored: load-testing/data/users.csv Alias: load-testing/data/users.csv@1604044663
2026-04-06 00:53:39,605 INFO o.a.j.t.JMeterThread: Thread started: User Order Retrieval Users 1-45
2026-04-06 00:53:39,605 INFO o.a.j.s.FileServer: Stored: load-testing/data/users.csv Alias: load-testing/data/users.csv@1571453598
2026-04-06 00:53:39,700 INFO o.a.j.t.JMeterThread: Thread started: User Order Retrieval Users 1-46
2026-04-06 00:53:39,700 INFO o.a.j.s.FileServer: Stored: load-testing/data/users.csv Alias: load-testing/data/users.csv@488406714
2026-04-06 00:53:39,802 INFO o.a.j.t.JMeterThread: Thread started: User Order Retrieval Users 1-47
2026-04-06 00:53:39,803 INFO o.a.j.s.FileServer: Stored: load-testing/data/users.csv Alias: load-testing/data/users.csv@668365806
2026-04-06 00:53:39,901 INFO o.a.j.t.JMeterThread: Thread started: User Order Retrieval Users 1-48
2026-04-06 00:53:39,901 INFO o.a.j.s.FileServer: Stored: load-testing/data/users.csv Alias: load-testing/data/users.csv@1519950096
2026-04-06 00:53:39,997 INFO o.a.j.t.JMeterThread: Thread started: User Order Retrieval Users 1-49
2026-04-06 00:53:39,997 INFO o.a.j.s.FileServer: Stored: load-testing/data/users.csv Alias: load-testing/data/users.csv@1308116902
2026-04-06 00:53:40,094 INFO o.a.j.t.JMeterThread: Thread started: User Order Retrieval Users 1-50
2026-04-06 00:53:40,095 INFO o.a.j.s.FileServer: Stored: load-testing/data/users.csv Alias: load-testing/data/users.csv@1947310638
2026-04-06 00:53:40,197 INFO o.a.j.t.JMeterThread: Thread started: User Order Retrieval Users 1-51
2026-04-06 00:53:40,197 INFO o.a.j.s.FileServer: Stored: load-testing/data/users.csv Alias: load-testing/data/users.csv@632575185
2026-04-06 00:53:40,304 INFO o.a.j.t.JMeterThread: Thread started: User Order Retrieval Users 1-52
2026-04-06 00:53:40,304 INFO o.a.j.s.FileServer: Stored: load-testing/data/users.csv Alias: load-testing/data/users.csv@1684006395
2026-04-06 00:53:40,403 INFO o.a.j.t.JMeterThread: Thread started: User Order Retrieval Users 1-53
2026-04-06 00:53:40,403 INFO o.a.j.s.FileServer: Stored: load-testing/data/users.csv Alias: load-testing/data/users.csv@271644511
2026-04-06 00:53:40,494 INFO o.a.j.t.JMeterThread: Thread started: User Order Retrieval Users 1-54
2026-04-06 00:53:40,494 INFO o.a.j.s.FileServer: Stored: load-testing/data/users.csv Alias: load-testing/data/users.csv@1534630103
2026-04-06 00:53:40,600 INFO o.a.j.t.JMeterThread: Thread started: User Order Retrieval Users 1-55
2026-04-06 00:53:40,600 INFO o.a.j.s.FileServer: Stored: load-testing/data/users.csv Alias: load-testing/data/users.csv@832348745
2026-04-06 00:53:40,697 INFO o.a.j.t.JMeterThread: Thread started: User Order Retrieval Users 1-56
2026-04-06 00:53:40,697 INFO o.a.j.s.FileServer: Stored: load-testing/data/users.csv Alias: load-testing/data/users.csv@143953622
2026-04-06 00:53:40,799 INFO o.a.j.t.JMeterThread: Thread started: User Order Retrieval Users 1-57
2026-04-06 00:53:40,799 INFO o.a.j.s.FileServer: Stored: load-testing/data/users.csv Alias: load-testing/data/users.csv@1351209936
2026-04-06 00:53:40,901 INFO o.a.j.t.JMeterThread: Thread started: User Order Retrieval Users 1-58
2026-04-06 00:53:40,903 INFO o.a.j.s.FileServer: Stored: load-testing/data/users.csv Alias: load-testing/data/users.csv@1077010520
2026-04-06 00:53:41,001 INFO o.a.j.t.JMeterThread: Thread started: User Order Retrieval Users 1-59
2026-04-06 00:53:41,001 INFO o.a.j.s.FileServer: Stored: load-testing/data/users.csv Alias: load-testing/data/users.csv@1272278265
2026-04-06 00:53:41,100 INFO o.a.j.t.JMeterThread: Thread started: User Order Retrieval Users 1-60
2026-04-06 00:53:41,100 INFO o.a.j.s.FileServer: Stored: load-testing/data/users.csv Alias: load-testing/data/users.csv@1742521107
2026-04-06 00:53:41,198 INFO o.a.j.t.JMeterThread: Thread started: User Order Retrieval Users 1-61
2026-04-06 00:53:41,199 INFO o.a.j.s.FileServer: Stored: load-testing/data/users.csv Alias: load-testing/data/users.csv@1541002867
2026-04-06 00:53:41,301 INFO o.a.j.t.JMeterThread: Thread started: User Order Retrieval Users 1-62
2026-04-06 00:53:41,301 INFO o.a.j.s.FileServer: Stored: load-testing/data/users.csv Alias: load-testing/data/users.csv@218988118
2026-04-06 00:53:41,395 INFO o.a.j.t.JMeterThread: Thread started: User Order Retrieval Users 1-63
2026-04-06 00:53:41,395 INFO o.a.j.s.FileServer: Stored: load-testing/data/users.csv Alias: load-testing/data/users.csv@299652856
2026-04-06 00:53:41,494 INFO o.a.j.t.JMeterThread: Thread started: User Order Retrieval Users 1-64
2026-04-06 00:53:41,495 INFO o.a.j.s.FileServer: Stored: load-testing/data/users.csv Alias: load-testing/data/users.csv@727388508
2026-04-06 00:53:41,584 INFO o.a.j.t.JMeterThread: Thread started: User Order Retrieval Users 1-65
2026-04-06 00:53:41,584 INFO o.a.j.s.FileServer: Stored: load-testing/data/users.csv Alias: load-testing/data/users.csv@232981738
2026-04-06 00:53:41,691 INFO o.a.j.t.JMeterThread: Thread started: User Order Retrieval Users 1-66
2026-04-06 00:53:41,692 INFO o.a.j.s.FileServer: Stored: load-testing/data/users.csv Alias: load-testing/data/users.csv@2035808002
2026-04-06 00:53:41,792 INFO o.a.j.t.JMeterThread: Thread started: User Order Retrieval Users 1-67
2026-04-06 00:53:41,793 INFO o.a.j.s.FileServer: Stored: load-testing/data/users.csv Alias: load-testing/data/users.csv@1313600387
2026-04-06 00:53:41,889 INFO o.a.j.t.JMeterThread: Thread started: User Order Retrieval Users 1-68
2026-04-06 00:53:41,890 INFO o.a.j.s.FileServer: Stored: load-testing/data/users.csv Alias: load-testing/data/users.csv@1010849652
2026-04-06 00:53:42,008 INFO o.a.j.t.JMeterThread: Thread started: User Order Retrieval Users 1-69
2026-04-06 00:53:42,008 INFO o.a.j.s.FileServer: Stored: load-testing/data/users.csv Alias: load-testing/data/users.csv@900142393
2026-04-06 00:53:42,083 INFO o.a.j.t.JMeterThread: Thread started: User Order Retrieval Users 1-70
2026-04-06 00:53:42,083 INFO o.a.j.s.FileServer: Stored: load-testing/data/users.csv Alias: load-testing/data/users.csv@1463679007
2026-04-06 00:53:42,183 INFO o.a.j.t.JMeterThread: Thread started: User Order Retrieval Users 1-71
2026-04-06 00:53:42,184 INFO o.a.j.s.FileServer: Stored: load-testing/data/users.csv Alias: load-testing/data/users.csv@1513390404
2026-04-06 00:53:42,306 INFO o.a.j.t.JMeterThread: Thread started: User Order Retrieval Users 1-72
2026-04-06 00:53:42,307 INFO o.a.j.s.FileServer: Stored: load-testing/data/users.csv Alias: load-testing/data/users.csv@1364146349
2026-04-06 00:53:42,386 INFO o.a.j.t.JMeterThread: Thread started: User Order Retrieval Users 1-73
2026-04-06 00:53:42,387 INFO o.a.j.s.FileServer: Stored: load-testing/data/users.csv Alias: load-testing/data/users.csv@483832163
2026-04-06 00:53:42,486 INFO o.a.j.t.JMeterThread: Thread started: User Order Retrieval Users 1-74
2026-04-06 00:53:42,487 INFO o.a.j.s.FileServer: Stored: load-testing/data/users.csv Alias: load-testing/data/users.csv@731881994
2026-04-06 00:53:42,582 INFO o.a.j.t.JMeterThread: Thread started: User Order Retrieval Users 1-75
2026-04-06 00:53:42,583 INFO o.a.j.s.FileServer: Stored: load-testing/data/users.csv Alias: load-testing/data/users.csv@2142870725
2026-04-06 00:53:42,688 INFO o.a.j.t.JMeterThread: Thread started: User Order Retrieval Users 1-76
2026-04-06 00:53:42,689 INFO o.a.j.s.FileServer: Stored: load-testing/data/users.csv Alias: load-testing/data/users.csv@216503674
2026-04-06 00:53:42,786 INFO o.a.j.t.JMeterThread: Thread started: User Order Retrieval Users 1-77
2026-04-06 00:53:42,787 INFO o.a.j.s.FileServer: Stored: load-testing/data/users.csv Alias: load-testing/data/users.csv@1642987775
2026-04-06 00:53:42,884 INFO o.a.j.t.JMeterThread: Thread started: User Order Retrieval Users 1-78
2026-04-06 00:53:42,885 INFO o.a.j.s.FileServer: Stored: load-testing/data/users.csv Alias: load-testing/data/users.csv@1806483656
2026-04-06 00:53:42,986 INFO o.a.j.t.JMeterThread: Thread started: User Order Retrieval Users 1-79
2026-04-06 00:53:42,987 INFO o.a.j.s.FileServer: Stored: load-testing/data/users.csv Alias: load-testing/data/users.csv@1552883230
2026-04-06 00:53:43,085 INFO o.a.j.t.JMeterThread: Thread started: User Order Retrieval Users 1-80
2026-04-06 00:53:43,086 INFO o.a.j.s.FileServer: Stored: load-testing/data/users.csv Alias: load-testing/data/users.csv@1417278591
2026-04-06 00:53:43,185 INFO o.a.j.t.JMeterThread: Thread started: User Order Retrieval Users 1-81
2026-04-06 00:53:43,186 INFO o.a.j.s.FileServer: Stored: load-testing/data/users.csv Alias: load-testing/data/users.csv@1265435138
2026-04-06 00:53:43,285 INFO o.a.j.t.JMeterThread: Thread started: User Order Retrieval Users 1-82
2026-04-06 00:53:43,286 INFO o.a.j.s.FileServer: Stored: load-testing/data/users.csv Alias: load-testing/data/users.csv@1271564515
2026-04-06 00:53:43,385 INFO o.a.j.t.JMeterThread: Thread started: User Order Retrieval Users 1-83
2026-04-06 00:53:43,385 INFO o.a.j.s.FileServer: Stored: load-testing/data/users.csv Alias: load-testing/data/users.csv@1138169933
2026-04-06 00:53:43,484 INFO o.a.j.t.JMeterThread: Thread started: User Order Retrieval Users 1-84
2026-04-06 00:53:43,490 INFO o.a.j.s.FileServer: Stored: load-testing/data/users.csv Alias: load-testing/data/users.csv@32412485
2026-04-06 00:53:43,584 INFO o.a.j.t.JMeterThread: Thread started: User Order Retrieval Users 1-85
2026-04-06 00:53:43,584 INFO o.a.j.s.FileServer: Stored: load-testing/data/users.csv Alias: load-testing/data/users.csv@1760409933
2026-04-06 00:53:43,682 INFO o.a.j.t.JMeterThread: Thread started: User Order Retrieval Users 1-86
2026-04-06 00:53:43,683 INFO o.a.j.s.FileServer: Stored: load-testing/data/users.csv Alias: load-testing/data/users.csv@88255602
2026-04-06 00:53:43,804 INFO o.a.j.t.JMeterThread: Thread started: User Order Retrieval Users 1-87
2026-04-06 00:53:43,804 INFO o.a.j.s.FileServer: Stored: load-testing/data/users.csv Alias: load-testing/data/users.csv@2038335546
2026-04-06 00:53:43,884 INFO o.a.j.t.JMeterThread: Thread started: User Order Retrieval Users 1-88
2026-04-06 00:53:43,884 INFO o.a.j.s.FileServer: Stored: load-testing/data/users.csv Alias: load-testing/data/users.csv@1179388234
2026-04-06 00:53:43,977 INFO o.a.j.t.JMeterThread: Thread started: User Order Retrieval Users 1-89
2026-04-06 00:53:43,977 INFO o.a.j.s.FileServer: Stored: load-testing/data/users.csv Alias: load-testing/data/users.csv@246284319
2026-04-06 00:53:44,080 INFO o.a.j.t.JMeterThread: Thread started: User Order Retrieval Users 1-90
2026-04-06 00:53:44,081 INFO o.a.j.s.FileServer: Stored: load-testing/data/users.csv Alias: load-testing/data/users.csv@387265018
2026-04-06 00:53:44,179 INFO o.a.j.t.JMeterThread: Thread started: User Order Retrieval Users 1-91
2026-04-06 00:53:44,180 INFO o.a.j.s.FileServer: Stored: load-testing/data/users.csv Alias: load-testing/data/users.csv@705268299
2026-04-06 00:53:44,275 INFO o.a.j.t.JMeterThread: Thread started: User Order Retrieval Users 1-92
2026-04-06 00:53:44,275 INFO o.a.j.s.FileServer: Stored: load-testing/data/users.csv Alias: load-testing/data/users.csv@600870605
2026-04-06 00:53:44,375 INFO o.a.j.t.JMeterThread: Thread started: User Order Retrieval Users 1-93
2026-04-06 00:53:44,376 INFO o.a.j.s.FileServer: Stored: load-testing/data/users.csv Alias: load-testing/data/users.csv@514785406
2026-04-06 00:53:44,477 INFO o.a.j.t.JMeterThread: Thread started: User Order Retrieval Users 1-94
2026-04-06 00:53:44,477 INFO o.a.j.s.FileServer: Stored: load-testing/data/users.csv Alias: load-testing/data/users.csv@2051557784
2026-04-06 00:53:44,574 INFO o.a.j.t.JMeterThread: Thread started: User Order Retrieval Users 1-95
2026-04-06 00:53:44,574 INFO o.a.j.s.FileServer: Stored: load-testing/data/users.csv Alias: load-testing/data/users.csv@662569169
2026-04-06 00:53:44,670 INFO o.a.j.t.JMeterThread: Thread started: User Order Retrieval Users 1-96
2026-04-06 00:53:44,670 INFO o.a.j.s.FileServer: Stored: load-testing/data/users.csv Alias: load-testing/data/users.csv@301372549
2026-04-06 00:53:44,769 INFO o.a.j.t.JMeterThread: Thread started: User Order Retrieval Users 1-97
2026-04-06 00:53:44,769 INFO o.a.j.s.FileServer: Stored: load-testing/data/users.csv Alias: load-testing/data/users.csv@1462796825
2026-04-06 00:53:44,872 INFO o.a.j.t.JMeterThread: Thread started: User Order Retrieval Users 1-98
2026-04-06 00:53:44,872 INFO o.a.j.s.FileServer: Stored: load-testing/data/users.csv Alias: load-testing/data/users.csv@546676016
2026-04-06 00:53:44,971 INFO o.a.j.t.JMeterThread: Thread started: User Order Retrieval Users 1-99
2026-04-06 00:53:44,972 INFO o.a.j.s.FileServer: Stored: load-testing/data/users.csv Alias: load-testing/data/users.csv@240054392
2026-04-06 00:53:45,075 INFO o.a.j.t.JMeterThread: Thread started: User Order Retrieval Users 1-100
2026-04-06 00:53:45,075 INFO o.a.j.s.FileServer: Stored: load-testing/data/users.csv Alias: load-testing/data/users.csv@583608314
2026-04-06 00:54:00,003 INFO o.a.j.r.Summariser: summary +    844 in 00:00:25 =   33.8/s Avg:   236 Min:   170 Max:   767 Err:     0 (0.00%) Active: 100 Started: 100 Finished: 0
2026-04-06 00:54:30,020 INFO o.a.j.r.Summariser: summary +   1338 in 00:00:30 =   44.6/s Avg:   236 Min:   170 Max:   851 Err:     0 (0.00%) Active: 100 Started: 100 Finished: 0
2026-04-06 00:54:30,022 INFO o.a.j.r.Summariser: summary =   2182 in 00:00:55 =   39.7/s Avg:   236 Min:   170 Max:   851 Err:     0 (0.00%)
2026-04-06 00:54:32,224 INFO o.a.j.t.JMeterThread: Thread finished: User Order Retrieval Users 1-22
2026-04-06 00:54:32,661 INFO o.a.j.t.JMeterThread: Thread finished: User Order Retrieval Users 1-52
2026-04-06 00:54:32,773 INFO o.a.j.t.JMeterThread: Thread finished: User Order Retrieval Users 1-49
2026-04-06 00:54:32,774 INFO o.a.j.t.JMeterThread: Thread finished: User Order Retrieval Users 1-7
2026-04-06 00:54:32,868 INFO o.a.j.t.JMeterThread: Thread finished: User Order Retrieval Users 1-65
2026-04-06 00:54:32,879 INFO o.a.j.t.JMeterThread: Thread finished: User Order Retrieval Users 1-26
2026-04-06 00:54:32,961 INFO o.a.j.t.JMeterThread: Thread finished: User Order Retrieval Users 1-42
2026-04-06 00:54:33,058 INFO o.a.j.t.JMeterThread: Thread finished: User Order Retrieval Users 1-58
2026-04-06 00:54:33,135 INFO o.a.j.t.JMeterThread: Thread finished: User Order Retrieval Users 1-20
2026-04-06 00:54:33,175 INFO o.a.j.t.JMeterThread: Thread finished: User Order Retrieval Users 1-16
2026-04-06 00:54:33,255 INFO o.a.j.t.JMeterThread: Thread finished: User Order Retrieval Users 1-70
2026-04-06 00:54:33,303 INFO o.a.j.t.JMeterThread: Thread finished: User Order Retrieval Users 1-81
2026-04-06 00:54:33,305 INFO o.a.j.t.JMeterThread: Thread finished: User Order Retrieval Users 1-2
2026-04-06 00:54:33,326 INFO o.a.j.t.JMeterThread: Thread finished: User Order Retrieval Users 1-92
2026-04-06 00:54:33,402 INFO o.a.j.t.JMeterThread: Thread finished: User Order Retrieval Users 1-62
2026-04-06 00:54:33,402 INFO o.a.j.t.JMeterThread: Thread finished: User Order Retrieval Users 1-93
2026-04-06 00:54:33,430 INFO o.a.j.t.JMeterThread: Thread finished: User Order Retrieval Users 1-99
2026-04-06 00:54:33,437 INFO o.a.j.t.JMeterThread: Thread finished: User Order Retrieval Users 1-55
2026-04-06 00:54:33,438 INFO o.a.j.t.JMeterThread: Thread finished: User Order Retrieval Users 1-8
2026-04-06 00:54:33,438 INFO o.a.j.t.JMeterThread: Thread finished: User Order Retrieval Users 1-31
2026-04-06 00:54:33,441 INFO o.a.j.t.JMeterThread: Thread finished: User Order Retrieval Users 1-85
2026-04-06 00:54:33,497 INFO o.a.j.t.JMeterThread: Thread finished: User Order Retrieval Users 1-37
2026-04-06 00:54:33,532 INFO o.a.j.t.JMeterThread: Thread finished: User Order Retrieval Users 1-60
2026-04-06 00:54:33,532 INFO o.a.j.t.JMeterThread: Thread finished: User Order Retrieval Users 1-57
2026-04-06 00:54:33,549 INFO o.a.j.t.JMeterThread: Thread finished: User Order Retrieval Users 1-33
2026-04-06 00:54:33,577 INFO o.a.j.t.JMeterThread: Thread finished: User Order Retrieval Users 1-23
2026-04-06 00:54:33,580 INFO o.a.j.t.JMeterThread: Thread finished: User Order Retrieval Users 1-3
2026-04-06 00:54:33,585 INFO o.a.j.t.JMeterThread: Thread finished: User Order Retrieval Users 1-96
2026-04-06 00:54:33,587 INFO o.a.j.t.JMeterThread: Thread finished: User Order Retrieval Users 1-87
2026-04-06 00:54:33,594 INFO o.a.j.t.JMeterThread: Thread finished: User Order Retrieval Users 1-24
2026-04-06 00:54:33,634 INFO o.a.j.t.JMeterThread: Thread finished: User Order Retrieval Users 1-89
2026-04-06 00:54:33,656 INFO o.a.j.t.JMeterThread: Thread finished: User Order Retrieval Users 1-83
2026-04-06 00:54:33,663 INFO o.a.j.t.JMeterThread: Thread finished: User Order Retrieval Users 1-13
2026-04-06 00:54:33,678 INFO o.a.j.t.JMeterThread: Thread finished: User Order Retrieval Users 1-43
2026-04-06 00:54:33,771 INFO o.a.j.t.JMeterThread: Thread finished: User Order Retrieval Users 1-1
2026-04-06 00:54:33,779 INFO o.a.j.t.JMeterThread: Thread finished: User Order Retrieval Users 1-6
2026-04-06 00:54:33,812 INFO o.a.j.t.JMeterThread: Thread finished: User Order Retrieval Users 1-35
2026-04-06 00:54:33,845 INFO o.a.j.t.JMeterThread: Thread finished: User Order Retrieval Users 1-32
2026-04-06 00:54:33,874 INFO o.a.j.t.JMeterThread: Thread finished: User Order Retrieval Users 1-86
2026-04-06 00:54:33,971 INFO o.a.j.t.JMeterThread: Thread finished: User Order Retrieval Users 1-88
2026-04-06 00:54:33,974 INFO o.a.j.t.JMeterThread: Thread finished: User Order Retrieval Users 1-17
2026-04-06 00:54:34,002 INFO o.a.j.t.JMeterThread: Thread finished: User Order Retrieval Users 1-59
2026-04-06 00:54:34,037 INFO o.a.j.t.JMeterThread: Thread finished: User Order Retrieval Users 1-45
2026-04-06 00:54:34,037 INFO o.a.j.t.JMeterThread: Thread finished: User Order Retrieval Users 1-40
2026-04-06 00:54:34,040 INFO o.a.j.t.JMeterThread: Thread finished: User Order Retrieval Users 1-73
2026-04-06 00:54:34,099 INFO o.a.j.t.JMeterThread: Thread finished: User Order Retrieval Users 1-54
2026-04-06 00:54:34,149 INFO o.a.j.t.JMeterThread: Thread finished: User Order Retrieval Users 1-64
2026-04-06 00:54:34,149 INFO o.a.j.t.JMeterThread: Thread finished: User Order Retrieval Users 1-19
2026-04-06 00:54:34,190 INFO o.a.j.t.JMeterThread: Thread finished: User Order Retrieval Users 1-69
2026-04-06 00:54:34,196 INFO o.a.j.t.JMeterThread: Thread finished: User Order Retrieval Users 1-4
2026-04-06 00:54:34,286 INFO o.a.j.t.JMeterThread: Thread finished: User Order Retrieval Users 1-51
2026-04-06 00:54:34,316 INFO o.a.j.t.JMeterThread: Thread finished: User Order Retrieval Users 1-47
2026-04-06 00:54:34,341 INFO o.a.j.t.JMeterThread: Thread finished: User Order Retrieval Users 1-41
2026-04-06 00:54:34,347 INFO o.a.j.t.JMeterThread: Thread finished: User Order Retrieval Users 1-27
2026-04-06 00:54:34,394 INFO o.a.j.t.JMeterThread: Thread finished: User Order Retrieval Users 1-46
2026-04-06 00:54:34,399 INFO o.a.j.t.JMeterThread: Thread finished: User Order Retrieval Users 1-79
2026-04-06 00:54:34,425 INFO o.a.j.t.JMeterThread: Thread finished: User Order Retrieval Users 1-56
2026-04-06 00:54:34,438 INFO o.a.j.t.JMeterThread: Thread finished: User Order Retrieval Users 1-44
2026-04-06 00:54:34,467 INFO o.a.j.t.JMeterThread: Thread finished: User Order Retrieval Users 1-38
2026-04-06 00:54:34,521 INFO o.a.j.t.JMeterThread: Thread finished: User Order Retrieval Users 1-29
2026-04-06 00:54:34,541 INFO o.a.j.t.JMeterThread: Thread finished: User Order Retrieval Users 1-68
2026-04-06 00:54:34,585 INFO o.a.j.t.JMeterThread: Thread finished: User Order Retrieval Users 1-21
2026-04-06 00:54:34,589 INFO o.a.j.t.JMeterThread: Thread finished: User Order Retrieval Users 1-63
2026-04-06 00:54:34,605 INFO o.a.j.t.JMeterThread: Thread finished: User Order Retrieval Users 1-84
2026-04-06 00:54:34,616 INFO o.a.j.t.JMeterThread: Thread finished: User Order Retrieval Users 1-11
2026-04-06 00:54:34,676 INFO o.a.j.t.JMeterThread: Thread finished: User Order Retrieval Users 1-10
2026-04-06 00:54:34,676 INFO o.a.j.t.JMeterThread: Thread finished: User Order Retrieval Users 1-15
2026-04-06 00:54:34,687 INFO o.a.j.t.JMeterThread: Thread finished: User Order Retrieval Users 1-94
2026-04-06 00:54:34,704 INFO o.a.j.t.JMeterThread: Thread finished: User Order Retrieval Users 1-72
2026-04-06 00:54:34,707 INFO o.a.j.t.JMeterThread: Thread finished: User Order Retrieval Users 1-74
2026-04-06 00:54:34,728 INFO o.a.j.t.JMeterThread: Thread finished: User Order Retrieval Users 1-39
2026-04-06 00:54:34,731 INFO o.a.j.t.JMeterThread: Thread finished: User Order Retrieval Users 1-28
2026-04-06 00:54:34,740 INFO o.a.j.t.JMeterThread: Thread finished: User Order Retrieval Users 1-36
2026-04-06 00:54:34,753 INFO o.a.j.t.JMeterThread: Thread finished: User Order Retrieval Users 1-67
2026-04-06 00:54:34,820 INFO o.a.j.t.JMeterThread: Thread finished: User Order Retrieval Users 1-66
2026-04-06 00:54:34,835 INFO o.a.j.t.JMeterThread: Thread finished: User Order Retrieval Users 1-48
2026-04-06 00:54:34,843 INFO o.a.j.t.JMeterThread: Thread finished: User Order Retrieval Users 1-90
2026-04-06 00:54:34,860 INFO o.a.j.t.JMeterThread: Thread finished: User Order Retrieval Users 1-98
2026-04-06 00:54:34,881 INFO o.a.j.t.JMeterThread: Thread finished: User Order Retrieval Users 1-14
2026-04-06 00:54:34,897 INFO o.a.j.t.JMeterThread: Thread finished: User Order Retrieval Users 1-82
2026-04-06 00:54:34,903 INFO o.a.j.t.JMeterThread: Thread finished: User Order Retrieval Users 1-50
2026-04-06 00:54:34,924 INFO o.a.j.t.JMeterThread: Thread finished: User Order Retrieval Users 1-75
2026-04-06 00:54:34,964 INFO o.a.j.t.JMeterThread: Thread finished: User Order Retrieval Users 1-18
2026-04-06 00:54:34,982 INFO o.a.j.t.JMeterThread: Thread finished: User Order Retrieval Users 1-80
2026-04-06 00:54:34,993 INFO o.a.j.t.JMeterThread: Thread finished: User Order Retrieval Users 1-53
2026-04-06 00:54:35,026 INFO o.a.j.t.JMeterThread: Thread finished: User Order Retrieval Users 1-9
2026-04-06 00:54:35,070 INFO o.a.j.t.JMeterThread: Thread finished: User Order Retrieval Users 1-77
2026-04-06 00:54:35,084 INFO o.a.j.t.JMeterThread: Thread finished: User Order Retrieval Users 1-97
2026-04-06 00:54:35,095 INFO o.a.j.t.JMeterThread: Thread finished: User Order Retrieval Users 1-76
2026-04-06 00:54:35,124 INFO o.a.j.t.JMeterThread: Stopping because end time detected by thread: User Order Retrieval Users 1-91
2026-04-06 00:54:35,124 INFO o.a.j.t.JMeterThread: Thread finished: User Order Retrieval Users 1-91
2026-04-06 00:54:35,193 INFO o.a.j.t.JMeterThread: Stopping because end time detected by thread: User Order Retrieval Users 1-30
2026-04-06 00:54:35,198 INFO o.a.j.t.JMeterThread: Thread finished: User Order Retrieval Users 1-30
2026-04-06 00:54:35,200 INFO o.a.j.t.JMeterThread: Stopping because end time detected by thread: User Order Retrieval Users 1-25
2026-04-06 00:54:35,200 INFO o.a.j.t.JMeterThread: Thread finished: User Order Retrieval Users 1-25
2026-04-06 00:54:35,201 INFO o.a.j.t.JMeterThread: Stopping because end time detected by thread: User Order Retrieval Users 1-12
2026-04-06 00:54:35,201 INFO o.a.j.t.JMeterThread: Stopping because end time detected by thread: User Order Retrieval Users 1-71
2026-04-06 00:54:35,201 INFO o.a.j.t.JMeterThread: Thread finished: User Order Retrieval Users 1-12
2026-04-06 00:54:35,201 INFO o.a.j.t.JMeterThread: Thread finished: User Order Retrieval Users 1-71
2026-04-06 00:54:35,261 INFO o.a.j.t.JMeterThread: Stopping because end time detected by thread: User Order Retrieval Users 1-95
2026-04-06 00:54:35,261 INFO o.a.j.t.JMeterThread: Thread finished: User Order Retrieval Users 1-95
2026-04-06 00:54:35,272 INFO o.a.j.t.JMeterThread: Stopping because end time detected by thread: User Order Retrieval Users 1-5
2026-04-06 00:54:35,272 INFO o.a.j.t.JMeterThread: Thread finished: User Order Retrieval Users 1-5
2026-04-06 00:54:35,274 INFO o.a.j.t.JMeterThread: Stopping because end time detected by thread: User Order Retrieval Users 1-78
2026-04-06 00:54:35,274 INFO o.a.j.t.JMeterThread: Thread finished: User Order Retrieval Users 1-78
2026-04-06 00:54:35,277 INFO o.a.j.t.JMeterThread: Stopping because end time detected by thread: User Order Retrieval Users 1-61
2026-04-06 00:54:35,278 INFO o.a.j.t.JMeterThread: Thread finished: User Order Retrieval Users 1-61
2026-04-06 00:54:35,278 INFO o.a.j.t.JMeterThread: Stopping because end time detected by thread: User Order Retrieval Users 1-100
2026-04-06 00:54:35,278 INFO o.a.j.t.JMeterThread: Thread finished: User Order Retrieval Users 1-100
2026-04-06 00:54:35,297 INFO o.a.j.t.JMeterThread: Stopping because end time detected by thread: User Order Retrieval Users 1-34
2026-04-06 00:54:35,297 INFO o.a.j.t.JMeterThread: Thread finished: User Order Retrieval Users 1-34
2026-04-06 00:54:35,297 INFO o.a.j.e.StandardJMeterEngine: Notifying test listeners of end of test
2026-04-06 00:54:35,297 INFO o.a.j.s.FileServer: Close: load-testing/data/users.csv@1684006395
2026-04-06 00:54:35,297 INFO o.a.j.s.FileServer: Close: load-testing/data/users.csv@2048629086
2026-04-06 00:54:35,297 INFO o.a.j.s.FileServer: Close: load-testing/data/users.csv@1844656899
2026-04-06 00:54:35,297 INFO o.a.j.s.FileServer: Close: load-testing/data/users.csv@471591126
2026-04-06 00:54:35,297 INFO o.a.j.s.FileServer: Close: load-testing/data/users.csv@129474525
2026-04-06 00:54:35,297 INFO o.a.j.s.FileServer: Close: load-testing/data/users.csv@1604044663
2026-04-06 00:54:35,297 INFO o.a.j.s.FileServer: Close: load-testing/data/users.csv@1364146349
2026-04-06 00:54:35,297 INFO o.a.j.s.FileServer: Close: load-testing/data/users.csv@1338133354
2026-04-06 00:54:35,297 INFO o.a.j.s.FileServer: Close: load-testing/data/users.csv@1051870170
2026-04-06 00:54:35,297 INFO o.a.j.s.FileServer: Close: load-testing/data/users.csv@387265018
2026-04-06 00:54:35,297 INFO o.a.j.s.FileServer: Close: load-testing/data/users.csv@2142870725
2026-04-06 00:54:35,297 INFO o.a.j.s.FileServer: Close: load-testing/data/users.csv@2124521215
2026-04-06 00:54:35,297 INFO o.a.j.s.FileServer: Close: load-testing/data/users.csv@143953622
2026-04-06 00:54:35,298 INFO o.a.j.s.FileServer: Close: load-testing/data/users.csv@1742521107
2026-04-06 00:54:35,298 INFO o.a.j.s.FileServer: Close: load-testing/data/users.csv@662569169
2026-04-06 00:54:35,298 INFO o.a.j.s.FileServer: Close: load-testing/data/users.csv@1393964874
2026-04-06 00:54:35,298 INFO o.a.j.s.FileServer: Close: load-testing/data/users.csv@1760409933
2026-04-06 00:54:35,298 INFO o.a.j.s.FileServer: Close: load-testing/data/users.csv@451165273
2026-04-06 00:54:35,298 INFO o.a.j.s.FileServer: Close: load-testing/data/users.csv@1513390404
2026-04-06 00:54:35,298 INFO o.a.j.s.FileServer: Close: load-testing/data/users.csv@1806483656
2026-04-06 00:54:35,298 INFO o.a.j.s.FileServer: Close: load-testing/data/users.csv@1503010661
2026-04-06 00:54:35,298 INFO o.a.j.s.FileServer: Close: load-testing/data/users.csv@632575185
2026-04-06 00:54:35,298 INFO o.a.j.s.FileServer: Close: load-testing/data/users.csv@993047489
2026-04-06 00:54:35,298 INFO o.a.j.s.FileServer: Close: load-testing/data/users.csv@2044217008
2026-04-06 00:54:35,298 INFO o.a.j.s.FileServer: Close: load-testing/data/users.csv@232981738
2026-04-06 00:54:35,298 INFO o.a.j.s.FileServer: Close: load-testing/data/users.csv@1138169933
2026-04-06 00:54:35,298 INFO o.a.j.s.FileServer: Close: load-testing/data/users.csv@1642987775
2026-04-06 00:54:35,298 INFO o.a.j.s.FileServer: Close: load-testing/data/users.csv@1010849652
2026-04-06 00:54:35,298 INFO o.a.j.s.FileServer: Close: load-testing/data/users.csv@1462796825
2026-04-06 00:54:35,298 INFO o.a.j.s.FileServer: Close: load-testing/data/users.csv@164266252
2026-04-06 00:54:35,298 INFO o.a.j.s.FileServer: Close: load-testing/data/users.csv@2121803619
2026-04-06 00:54:35,298 INFO o.a.j.s.FileServer: Close: load-testing/data/users.csv@1265435138
2026-04-06 00:54:35,298 INFO o.a.j.s.FileServer: Close: load-testing/data/users.csv@600870605
2026-04-06 00:54:35,298 INFO o.a.j.s.FileServer: Close: load-testing/data/users.csv@1541002867
2026-04-06 00:54:35,298 INFO o.a.j.s.FileServer: Close: load-testing/data/users.csv@2088040417
2026-04-06 00:54:35,298 INFO o.a.j.s.FileServer: Close: load-testing/data/users.csv@88255602
2026-04-06 00:54:35,298 INFO o.a.j.s.FileServer: Close: load-testing/data/users.csv@70953995
2026-04-06 00:54:35,298 INFO o.a.j.s.FileServer: Close: load-testing/data/users.csv@246284319
2026-04-06 00:54:35,298 INFO o.a.j.s.FileServer: Close: load-testing/data/users.csv@271644511
2026-04-06 00:54:35,298 INFO o.a.j.s.FileServer: Close: load-testing/data/users.csv@876799973
2026-04-06 00:54:35,298 INFO o.a.j.s.FileServer: Close: load-testing/data/users.csv@1947310638
2026-04-06 00:54:35,298 INFO o.a.j.s.FileServer: Close: load-testing/data/users.csv@731881994
2026-04-06 00:54:35,298 INFO o.a.j.s.FileServer: Close: load-testing/data/users.csv@1308116902
2026-04-06 00:54:35,298 INFO o.a.j.s.FileServer: Close: load-testing/data/users.csv@1130078160
2026-04-06 00:54:35,298 INFO o.a.j.s.FileServer: Close: load-testing/data/users.csv@388674891
2026-04-06 00:54:35,298 INFO o.a.j.s.FileServer: Close: load-testing/data/users.csv@1829004552
2026-04-06 00:54:35,298 INFO o.a.j.s.FileServer: Close: load-testing/data/users.csv@463347583
2026-04-06 00:54:35,298 INFO o.a.j.s.FileServer: Close: load-testing/data/users.csv@1077010520
2026-04-06 00:54:35,298 INFO o.a.j.s.FileServer: Close: load-testing/data/users.csv@1325186588
2026-04-06 00:54:35,298 INFO o.a.j.s.FileServer: Close: load-testing/data/users.csv@668365806
2026-04-06 00:54:35,298 INFO o.a.j.s.FileServer: Close: load-testing/data/users.csv@371633570
2026-04-06 00:54:35,298 INFO o.a.j.s.FileServer: Close: load-testing/data/users.csv@1351209936
2026-04-06 00:54:35,298 INFO o.a.j.s.FileServer: Close: load-testing/data/users.csv@1272278265
2026-04-06 00:54:35,298 INFO o.a.j.s.FileServer: Close: load-testing/data/users.csv@546676016
2026-04-06 00:54:35,298 INFO o.a.j.s.FileServer: Close: load-testing/data/users.csv@24739927
2026-04-06 00:54:35,298 INFO o.a.j.s.FileServer: Close: load-testing/data/users.csv@1571453598
2026-04-06 00:54:35,298 INFO o.a.j.s.FileServer: Close: load-testing/data/users.csv@32412485
2026-04-06 00:54:35,298 INFO o.a.j.s.FileServer: Close: load-testing/data/users.csv@2038335546
2026-04-06 00:54:35,298 INFO o.a.j.s.FileServer: Close: load-testing/data/users.csv@1106207603
2026-04-06 00:54:35,298 INFO o.a.j.s.FileServer: Close: load-testing/data/users.csv@1687768244
2026-04-06 00:54:35,298 INFO o.a.j.s.FileServer: Close: load-testing/data/users.csv@1667084197
2026-04-06 00:54:35,298 INFO o.a.j.s.FileServer: Close: load-testing/data/users.csv@727388508
2026-04-06 00:54:35,298 INFO o.a.j.s.FileServer: Close: load-testing/data/users.csv@1463679007
2026-04-06 00:54:35,298 INFO o.a.j.s.FileServer: Close: load-testing/data/users.csv@1377003124
2026-04-06 00:54:35,298 INFO o.a.j.s.FileServer: Close: load-testing/data/users.csv@832348745
2026-04-06 00:54:35,298 INFO o.a.j.s.FileServer: Close: load-testing/data/users.csv@2035808002
2026-04-06 00:54:35,298 INFO o.a.j.s.FileServer: Close: load-testing/data/users.csv@2035647447
2026-04-06 00:54:35,298 INFO o.a.j.s.FileServer: Close: load-testing/data/users.csv@1355986460
2026-04-06 00:54:35,298 INFO o.a.j.s.FileServer: Close: load-testing/data/users.csv@1313600387
2026-04-06 00:54:35,298 INFO o.a.j.s.FileServer: Close: load-testing/data/users.csv@640081707
2026-04-06 00:54:35,298 INFO o.a.j.s.FileServer: Close: load-testing/data/users.csv@2123963526
2026-04-06 00:54:35,298 INFO o.a.j.s.FileServer: Close: load-testing/data/users.csv@879683166
2026-04-06 00:54:35,299 INFO o.a.j.s.FileServer: Close: load-testing/data/users.csv@514785406
2026-04-06 00:54:35,299 INFO o.a.j.s.FileServer: Close: load-testing/data/users.csv@2051557784
2026-04-06 00:54:35,299 INFO o.a.j.s.FileServer: Close: load-testing/data/users.csv@1534630103
2026-04-06 00:54:35,299 INFO o.a.j.s.FileServer: Close: load-testing/data/users.csv@1929794924
2026-04-06 00:54:35,299 INFO o.a.j.s.FileServer: Close: load-testing/data/users.csv@218988118
2026-04-06 00:54:35,299 INFO o.a.j.s.FileServer: Close: load-testing/data/users.csv@216503674
2026-04-06 00:54:35,299 INFO o.a.j.s.FileServer: Close: load-testing/data/users.csv@299652856
2026-04-06 00:54:35,299 INFO o.a.j.s.FileServer: Close: load-testing/data/users.csv@240054392
2026-04-06 00:54:35,299 INFO o.a.j.s.FileServer: Close: load-testing/data/users.csv@583608314
2026-04-06 00:54:35,299 INFO o.a.j.s.FileServer: Close: load-testing/data/users.csv@1665252655
2026-04-06 00:54:35,299 INFO o.a.j.s.FileServer: Close: load-testing/data/users.csv@1043765698
2026-04-06 00:54:35,299 INFO o.a.j.s.FileServer: Close: load-testing/data/users.csv@301372549
2026-04-06 00:54:35,299 INFO o.a.j.s.FileServer: Close: load-testing/data/users.csv@488406714
2026-04-06 00:54:35,299 INFO o.a.j.s.FileServer: Close: load-testing/data/users.csv@705268299
2026-04-06 00:54:35,299 INFO o.a.j.s.FileServer: Close: load-testing/data/users.csv@792365485
2026-04-06 00:54:35,299 INFO o.a.j.s.FileServer: Close: load-testing/data/users.csv@1179388234
2026-04-06 00:54:35,299 INFO o.a.j.s.FileServer: Close: load-testing/data/users.csv@143690429
2026-04-06 00:54:35,299 INFO o.a.j.s.FileServer: Close: load-testing/data/users.csv@980913496
2026-04-06 00:54:35,299 INFO o.a.j.s.FileServer: Close: load-testing/data/users.csv@870746987
2026-04-06 00:54:35,299 INFO o.a.j.s.FileServer: Close: load-testing/data/users.csv@2124295804
2026-04-06 00:54:35,299 INFO o.a.j.s.FileServer: Close: load-testing/data/users.csv@1417278591
2026-04-06 00:54:35,299 INFO o.a.j.s.FileServer: Close: load-testing/data/users.csv@1552883230
2026-04-06 00:54:35,299 INFO o.a.j.s.FileServer: Close: load-testing/data/users.csv@1227190196
2026-04-06 00:54:35,299 INFO o.a.j.s.FileServer: Close: load-testing/data/users.csv@2026875020
2026-04-06 00:54:35,299 INFO o.a.j.s.FileServer: Close: load-testing/data/users.csv@1519950096
2026-04-06 00:54:35,299 INFO o.a.j.s.FileServer: Close: load-testing/data/users.csv@1271564515
2026-04-06 00:54:35,299 INFO o.a.j.s.FileServer: Close: load-testing/data/users.csv@483832163
2026-04-06 00:54:35,299 INFO o.a.j.s.FileServer: Close: load-testing/data/users.csv@900142393
2026-04-06 00:54:35,300 INFO o.a.j.r.Summariser: summary +    244 in 00:00:05 =   46.2/s Avg:   233 Min:   171 Max:   355 Err:     0 (0.00%) Active: 0 Started: 100 Finished: 100
2026-04-06 00:54:35,300 INFO o.a.j.r.Summariser: summary =   2426 in 00:01:00 =   40.3/s Avg:   236 Min:   170 Max:   851 Err:     0 (0.00%)
